\BOOKMARK [0][-]{section*.1}{\376\377\000D\000a\000f\000t\000a\000r\000\040\000I\000s\000i}{}% 1
\BOOKMARK [0][-]{section*.2}{\376\377\000D\000a\000f\000t\000a\000r\000\040\000G\000a\000m\000b\000a\000r}{}% 2
\BOOKMARK [0][-]{section*.3}{\376\377\000D\000a\000f\000t\000a\000r\000\040\000T\000a\000b\000e\000l}{}% 3
\BOOKMARK [0][-]{chapter.1}{\376\377\000P\000e\000n\000d\000a\000h\000u\000l\000u\000a\000n}{}% 4
\BOOKMARK [1][-]{section.1.1}{\376\377\000L\000a\000t\000a\000r\000\040\000B\000e\000l\000a\000k\000a\000n\000g}{chapter.1}% 5
\BOOKMARK [1][-]{section.1.2}{\376\377\000R\000u\000m\000u\000s\000a\000n\000\040\000M\000a\000s\000a\000l\000a\000h}{chapter.1}% 6
\BOOKMARK [1][-]{section.1.3}{\376\377\000T\000u\000j\000u\000a\000n}{chapter.1}% 7
\BOOKMARK [1][-]{section.1.4}{\376\377\000B\000a\000t\000a\000s\000a\000n\000\040\000M\000a\000s\000a\000l\000a\000h}{chapter.1}% 8
\BOOKMARK [1][-]{section.1.5}{\376\377\000M\000e\000t\000o\000d\000o\000l\000o\000g\000i\000\040\000P\000e\000n\000e\000l\000i\000t\000i\000a\000n}{chapter.1}% 9
\BOOKMARK [1][-]{section.1.6}{\376\377\000S\000i\000s\000t\000e\000m\000a\000t\000i\000k\000a\000\040\000P\000e\000m\000b\000a\000h\000a\000s\000a\000n}{chapter.1}% 10
\BOOKMARK [0][-]{chapter.2}{\376\377\000L\000a\000n\000d\000a\000s\000a\000n\000\040\000T\000e\000o\000r\000i}{}% 11
\BOOKMARK [1][-]{section.2.1}{\376\377\000G\000o\000o\000g\000l\000e\000\040\000O\000A\000u\000t\000h\000\040\000O\000a\000u\000t\000h\000:\0002\0000\0001\0003}{chapter.2}% 12
\BOOKMARK [2][-]{subsection.2.1.1}{\376\377\000L\000a\000n\000g\000k\000a\000h\000\040\000D\000a\000s\000a\000r}{section.2.1}% 13
\BOOKMARK [2][-]{subsection.2.1.2}{\376\377\000S\000k\000e\000n\000a\000r\000i\000o\000\040\000G\000o\000o\000g\000l\000e\000\040\000O\000A\000u\000t\000h}{section.2.1}% 14
\BOOKMARK [2][-]{subsection.2.1.3}{\376\377\000M\000a\000s\000a\000\040\000H\000a\000b\000i\000s\000\040\000B\000e\000r\000l\000a\000k\000u\000\040\000T\000o\000k\000e\000n}{section.2.1}% 15
\BOOKMARK [2][-]{subsection.2.1.4}{\376\377\000L\000i\000n\000g\000k\000u\000p\000\040\000O\000t\000o\000r\000i\000s\000a\000s\000i\000\040\000S\000c\000o\000p\000e\000:\0002\0000\0001\0003}{section.2.1}% 16
\BOOKMARK [2][-]{subsection.2.1.5}{\376\377\000A\000P\000I\000\040\000C\000l\000i\000e\000n\000t\000\040\000L\000i\000b\000r\000a\000r\000y\000\040\000u\000n\000t\000u\000k\000\040\000P\000H\000P\000\040\000L\000i\000b\000:\0002\0000\0001\0005}{section.2.1}% 17
\BOOKMARK [1][-]{section.2.2}{\376\377\000M\000a\000r\000k\000d\000o\000w\000n}{chapter.2}% 18
\BOOKMARK [2][-]{subsection.2.2.1}{\376\377\000A\000p\000a\000\040\000i\000t\000u\000\040\000M\000a\000r\000k\000d\000o\000w\000n\000?\000\040\000M\000a\000r\000k\000g\000u\000i\000d\000e\000:\0002\0000\0001\0005}{section.2.2}% 19
\BOOKMARK [2][-]{subsection.2.2.2}{\376\377\000S\000i\000n\000t\000a\000k\000s\000\040\000y\000a\000n\000g\000\040\000B\000e\000r\000g\000u\000n\000a\000\040\000M\000a\000r\000k\000g\000u\000i\000d\000e\000:\0002\0000\0001\0005}{section.2.2}% 20
\BOOKMARK [2][-]{subsection.2.2.3}{\376\377\000G\000i\000t\000H\000u\000b\000\040\000F\000l\000a\000v\000o\000r\000e\000d\000\040\000M\000a\000r\000k\000d\000o\000w\000n\000\040\000M\000a\000r\000k\000d\000o\000w\000n\000:\0002\0000\0001\0005}{section.2.2}% 21
\BOOKMARK [1][-]{section.2.3}{\376\377\000S\000t\000r\000a\000p\000d\000o\000w\000n\000J\000S\000\040\000S\000t\000r\000a\000p\000d\000o\000w\000n\000j\000s\000:\0002\0000\0001\0004}{chapter.2}% 22
\BOOKMARK [1][-]{section.2.4}{\376\377\000Z\000u\000r\000b\000\040\000F\000o\000u\000n\000d\000a\000t\000i\000o\000n\000\040\000Z\000u\000r\000b\000:\0002\0000\0001\0005}{chapter.2}% 23
\BOOKMARK [2][-]{subsection.2.4.1}{\376\377\000K\000o\000m\000p\000a\000t\000i\000b\000i\000l\000i\000t\000a\000s}{section.2.4}% 24
\BOOKMARK [2][-]{subsection.2.4.2}{\376\377\000A\000p\000a\000\040\000S\000a\000j\000a\000\040\000y\000a\000n\000g\000\040\000D\000a\000p\000a\000t\000\040\000D\000i\000b\000u\000a\000t\000\040\000d\000e\000n\000g\000a\000n\000\040\000F\000o\000u\000n\000d\000a\000t\000i\000o\000n\000?}{section.2.4}% 25
\BOOKMARK [0][-]{chapter.3}{\376\377\000A\000n\000a\000l\000i\000s\000i\000s}{}% 26
\BOOKMARK [1][-]{section.3.1}{\376\377\000A\000n\000a\000l\000i\000s\000i\000s\000\040\000K\000e\000b\000u\000t\000u\000h\000a\000n\000\040\000P\000e\000n\000g\000g\000u\000n\000a}{chapter.3}% 27
\BOOKMARK [1][-]{section.3.2}{\376\377\000A\000n\000a\000l\000i\000s\000i\000s\000\040\000G\000o\000o\000g\000l\000e\000\040\000O\000A\000u\000t\000h}{chapter.3}% 28
\BOOKMARK [2][-]{subsection.3.2.1}{\376\377\000L\000a\000n\000g\000k\000a\000h\000\040\000D\000a\000s\000a\000r\000\040\000P\000e\000n\000g\000g\000u\000n\000a\000a\000n\000\040\000O\000A\000u\000t\000h\000\040\0002\000.\0000}{section.3.2}% 29
\BOOKMARK [2][-]{subsection.3.2.2}{\376\377\000S\000k\000e\000n\000a\000r\000i\000o\000\040\000A\000p\000l\000i\000k\000a\000s\000i}{section.3.2}% 30
\BOOKMARK [1][-]{section.3.3}{\376\377\000A\000n\000a\000l\000i\000s\000i\000s\000\040\000M\000a\000r\000k\000d\000o\000w\000n}{chapter.3}% 31
\BOOKMARK [1][-]{section.3.4}{\376\377\000A\000n\000a\000l\000i\000s\000i\000s\000\040\000S\000t\000r\000a\000p\000d\000o\000w\000n\000J\000S}{chapter.3}% 32
\BOOKMARK [1][-]{section.3.5}{\376\377\000A\000n\000a\000l\000i\000s\000i\000s\000\040\000Z\000u\000r\000b\000\040\000F\000o\000u\000n\000d\000a\000t\000i\000o\000n}{chapter.3}% 33
\BOOKMARK [1][-]{section.3.6}{\376\377\000A\000n\000a\000l\000i\000s\000i\000s\000\040\000K\000e\000b\000u\000t\000u\000h\000a\000n\000\040\000P\000e\000r\000a\000n\000g\000k\000a\000t\000\040\000L\000u\000n\000a\000k}{chapter.3}% 34
\BOOKMARK [2][-]{subsection.3.6.1}{\376\377\000U\000s\000e\000\040\000C\000a\000s\000e\000\040\000D\000i\000a\000g\000r\000a\000m}{section.3.6}% 35
\BOOKMARK [2][-]{subsection.3.6.2}{\376\377\000S\000k\000e\000n\000a\000r\000i\000o}{section.3.6}% 36
\BOOKMARK [2][-]{subsection.3.6.3}{\376\377\000E\000n\000t\000i\000t\000y\000\040\000R\000e\000l\000a\000t\000i\000o\000n\000s\000h\000i\000p\000\040\000D\000i\000a\000g\000r\000a\000m\000\040\000\050\000E\000R\000D\000\051}{section.3.6}% 37
\BOOKMARK [2][-]{subsection.3.6.4}{\376\377\000D\000a\000t\000a\000\040\000F\000l\000o\000w\000\040\000D\000i\000a\000g\000r\000a\000m}{section.3.6}% 38
\BOOKMARK [0][-]{chapter.4}{\376\377\000P\000e\000r\000a\000n\000c\000a\000n\000g\000a\000n}{}% 39
\BOOKMARK [1][-]{section.4.1}{\376\377\000P\000e\000r\000a\000n\000c\000a\000n\000g\000a\000n\000\040\000T\000a\000m\000p\000i\000l\000a\000n\000\040\000W\000e\000b\000\040\000Y\000a\000n\000g\000\040\000D\000i\000g\000u\000n\000a\000k\000a\000n}{chapter.4}% 40
\BOOKMARK [2][-]{subsection.4.1.1}{\376\377\000T\000a\000m\000p\000i\000l\000a\000n\000\040\000H\000a\000l\000a\000m\000a\000n\000\040\000A\000w\000a\000l}{section.4.1}% 41
\BOOKMARK [2][-]{subsection.4.1.2}{\376\377\000T\000a\000m\000p\000i\000l\000a\000n\000\040\000W\000e\000b\000\040\000P\000i\000l\000i\000h\000\040\000M\000a\000h\000a\000s\000i\000s\000w\000a}{section.4.1}% 42
\BOOKMARK [2][-]{subsection.4.1.3}{\376\377\000T\000a\000m\000p\000i\000l\000a\000n\000\040\000W\000e\000b\000\040\000I\000n\000f\000o\000\040\000M\000a\000h\000a\000s\000i\000s\000w\000a}{section.4.1}% 43
\BOOKMARK [2][-]{subsection.4.1.4}{\376\377\000T\000a\000m\000p\000i\000l\000a\000n\000\040\000W\000e\000b\000\040\000E\000d\000i\000t\000\040\000M\000a\000h\000a\000s\000i\000s\000w\000a}{section.4.1}% 44
\BOOKMARK [2][-]{subsection.4.1.5}{\376\377\000T\000a\000m\000p\000i\000l\000a\000n\000\040\000W\000e\000b\000\040\000L\000i\000h\000a\000t\000\040\000H\000i\000s\000t\000o\000r\000i}{section.4.1}% 45
\BOOKMARK [2][-]{subsection.4.1.6}{\376\377\000T\000a\000m\000p\000i\000l\000a\000n\000\040\000W\000e\000b\000\040\000L\000i\000h\000a\000t\000\040\000V\000e\000r\000s\000i\000\040\000I\000n\000i}{section.4.1}% 46
\BOOKMARK [2][-]{subsection.4.1.7}{\376\377\000T\000a\000m\000p\000i\000l\000a\000n\000\040\000W\000e\000b\000\040\000E\000n\000t\000r\000i\000\040\000B\000a\000r\000u}{section.4.1}% 47
\BOOKMARK [1][-]{section.4.2}{\376\377\000P\000e\000r\000a\000n\000c\000a\000n\000g\000a\000n\000\040\000M\000o\000d\000u\000l}{chapter.4}% 48
\BOOKMARK [2][-]{subsection.4.2.1}{\376\377\000M\000o\000d\000u\000l\000\040\000L\000o\000g\000i\000n}{section.4.2}% 49
\BOOKMARK [2][-]{subsection.4.2.2}{\376\377\000M\000o\000d\000u\000l\000\040\000P\000i\000l\000i\000h\000\040\000M\000a\000h\000a\000s\000i\000s\000w\000a}{section.4.2}% 50
\BOOKMARK [2][-]{subsection.4.2.3}{\376\377\000M\000o\000d\000u\000l\000\040\000I\000n\000f\000o\000\040\000M\000a\000h\000a\000s\000i\000s\000w\000a}{section.4.2}% 51
\BOOKMARK [2][-]{subsection.4.2.4}{\376\377\000M\000o\000d\000u\000l\000\040\000E\000d\000i\000t\000\040\000M\000a\000h\000a\000s\000i\000s\000w\000a}{section.4.2}% 52
\BOOKMARK [2][-]{subsection.4.2.5}{\376\377\000M\000o\000d\000u\000l\000\040\000L\000i\000h\000a\000t\000\040\000H\000i\000s\000t\000o\000r\000i}{section.4.2}% 53
\BOOKMARK [2][-]{subsection.4.2.6}{\376\377\000M\000o\000d\000u\000l\000\040\000E\000n\000t\000r\000i\000\040\000B\000a\000r\000u}{section.4.2}% 54
\BOOKMARK [1][-]{section.4.3}{\376\377\000P\000e\000r\000a\000n\000c\000a\000n\000g\000a\000n\000\040\000D\000i\000a\000g\000r\000a\000m\000\040\000R\000e\000l\000a\000s\000i\000o\000n\000a\000l}{chapter.4}% 55
\BOOKMARK [1][-]{section.4.4}{\376\377\000P\000e\000r\000a\000n\000c\000a\000n\000g\000a\000n\000\040\000T\000a\000b\000e\000l\000\040\000S\000i\000s\000t\000e\000m\000\040\000I\000n\000f\000o\000r\000m\000a\000s\000i\000\040\000R\000i\000w\000a\000y\000a\000t\000\040\000M\000a\000h\000a\000s\000i\000s\000w\000a}{chapter.4}% 56
\BOOKMARK [2][-]{subsection.4.4.1}{\376\377\000P\000e\000r\000a\000n\000c\000a\000n\000g\000a\000n\000\040\000T\000a\000b\000e\000l\000\040\000I\000n\000f\000o\000\040\000M\000a\000h\000a\000s\000i\000s\000w\000a}{section.4.4}% 57
\BOOKMARK [2][-]{subsection.4.4.2}{\376\377\000P\000e\000r\000a\000n\000c\000a\000n\000g\000a\000n\000\040\000T\000a\000b\000e\000l\000\040\000H\000i\000s\000t\000o\000r\000i}{section.4.4}% 58
\BOOKMARK [0][-]{chapter.5}{\376\377\000I\000m\000p\000l\000e\000m\000e\000n\000t\000a\000s\000i\000\040\000d\000a\000n\000\040\000P\000e\000n\000g\000u\000j\000i\000a\000n\000\040\000P\000e\000r\000a\000n\000g\000k\000a\000t\000\040\000L\000u\000n\000a\000k}{}% 59
\BOOKMARK [1][-]{section.5.1}{\376\377\000I\000m\000p\000l\000e\000m\000e\000n\000t\000a\000s\000i\000\040\000P\000e\000r\000a\000n\000g\000k\000a\000t\000\040\000L\000u\000n\000a\000k}{chapter.5}% 60
\BOOKMARK [2][-]{subsection.5.1.1}{\376\377\000L\000i\000n\000g\000k\000u\000n\000g\000a\000n\000\040\000I\000m\000p\000l\000e\000m\000e\000n\000t\000a\000s\000i\000\040\000P\000e\000r\000a\000n\000g\000k\000a\000t\000\040\000K\000e\000r\000a\000s}{section.5.1}% 61
\BOOKMARK [2][-]{subsection.5.1.2}{\376\377\000L\000i\000n\000g\000k\000u\000n\000g\000a\000n\000\040\000I\000m\000p\000l\000e\000m\000e\000n\000t\000a\000s\000i\000\040\000P\000e\000r\000a\000n\000g\000k\000a\000t\000\040\000L\000u\000n\000a\000k}{section.5.1}% 62
\BOOKMARK [2][-]{subsection.5.1.3}{\376\377\000H\000a\000s\000i\000l\000\040\000I\000m\000p\000l\000e\000m\000e\000n\000t\000a\000s\000i\000\040\000P\000e\000r\000a\000n\000g\000k\000a\000t\000\040\000L\000u\000n\000a\000k}{section.5.1}% 63
\BOOKMARK [1][-]{section.5.2}{\376\377\000I\000m\000p\000l\000e\000m\000e\000n\000t\000a\000s\000i\000\040\000B\000a\000s\000i\000s\000\040\000D\000a\000t\000a}{chapter.5}% 64
\BOOKMARK [1][-]{section.5.3}{\376\377\000P\000e\000n\000g\000u\000j\000i\000a\000n\000\040\000P\000e\000r\000a\000n\000g\000k\000a\000t\000\040\000L\000u\000n\000a\000k}{chapter.5}% 65
\BOOKMARK [2][-]{subsection.5.3.1}{\376\377\000L\000i\000n\000g\000k\000u\000n\000g\000a\000n\000\040\000P\000e\000n\000g\000u\000j\000i\000a\000n\000\040\000P\000e\000r\000a\000n\000g\000k\000a\000t\000\040\000K\000e\000r\000a\000s}{section.5.3}% 66
\BOOKMARK [2][-]{subsection.5.3.2}{\376\377\000L\000i\000n\000g\000k\000u\000n\000g\000a\000n\000\040\000P\000e\000n\000g\000u\000j\000i\000a\000n\000\040\000P\000e\000r\000a\000n\000g\000k\000a\000t\000\040\000L\000u\000n\000a\000k}{section.5.3}% 67
\BOOKMARK [2][-]{subsection.5.3.3}{\376\377\000P\000e\000n\000g\000u\000j\000i\000a\000n\000\040\000F\000u\000n\000g\000s\000i\000o\000n\000a\000l}{section.5.3}% 68
\BOOKMARK [2][-]{subsection.5.3.4}{\376\377\000P\000e\000n\000g\000u\000j\000i\000a\000n\000\040\000E\000k\000s\000p\000e\000r\000i\000m\000e\000n\000t\000a\000l}{section.5.3}% 69
\BOOKMARK [0][-]{chapter.6}{\376\377\000K\000e\000s\000i\000m\000p\000u\000l\000a\000n\000\040\000d\000a\000n\000\040\000S\000a\000r\000a\000n}{}% 70
\BOOKMARK [1][-]{section.6.1}{\376\377\000K\000e\000s\000i\000m\000p\000u\000l\000a\000n}{chapter.6}% 71
\BOOKMARK [1][-]{section.6.2}{\376\377\000S\000a\000r\000a\000n}{chapter.6}% 72
\BOOKMARK [0][-]{chapter*.4}{\376\377\000D\000a\000f\000t\000a\000r\000\040\000R\000e\000f\000e\000r\000e\000n\000s\000i}{}% 73
\BOOKMARK [0][-]{appendix.A}{\376\377\000K\000o\000d\000e\000\040\000P\000r\000o\000g\000r\000a\000m}{}% 74
\BOOKMARK [0][-]{appendix.B}{\376\377\000K\000o\000d\000e\000\040\000P\000r\000o\000g\000r\000a\000m\000\040\000U\000n\000t\000u\000k\000\040\000P\000e\000n\000g\000u\000j\000i\000a\000n}{}% 75
\BOOKMARK [0][-]{appendix.C}{\376\377\000S\000u\000r\000v\000e\000i\000\040\000K\000e\000b\000u\000t\000u\000h\000a\000n\000\040\000P\000e\000n\000g\000g\000u\000n\000a}{}% 76
\BOOKMARK [0][-]{appendix.D}{\376\377\000K\000u\000e\000s\000i\000o\000n\000e\000r\000\040\000P\000e\000n\000g\000u\000j\000i\000a\000n\000\040\000E\000k\000s\000p\000e\000r\000i\000m\000e\000n\000t\000a\000l}{}% 77
