This is pdfTeX, Version 3.1415926-1.40.11 (MiKTeX 2.9) (preloaded format=pdflatex 2015.5.31)  9 JUN 2015 22:24
entering extended mode
**F:/Skripsi/doc/DokumenSkripsi/main.tex
(F:/Skripsi/doc/DokumenSkripsi/main.tex
LaTeX2e <2009/09/24>
Babel <v3.8l> and hyphenation patterns for english, afrikaans, ancientgreek, ar
abic, armenian, assamese, basque, bengali, bokmal, bulgarian, catalan, coptic, 
croatian, czech, danish, dutch, esperanto, estonian, farsi, finnish, french, ga
lician, german, german-x-2009-06-19, greek, gujarati, hindi, hungarian, iceland
ic, indonesian, interlingua, irish, italian, kannada, kurmanji, lao, latin, lat
vian, lithuanian, malayalam, marathi, mongolian, mongolianlmc, monogreek, ngerm
an, ngerman-x-2009-06-19, nynorsk, oriya, panjabi, pinyin, polish, portuguese, 
romanian, russian, sanskrit, serbian, slovak, slovenian, spanish, swedish, swis
sgerman, tamil, telugu, turkish, turkmen, ukenglish, ukrainian, uppersorbian, u
senglishmax, welsh, loaded.
("C:\Program Files (x86)\MiKTeX 2.9\tex\latex\base\report.cls"
Document Class: report 2007/10/19 v1.4h Standard LaTeX document class
("C:\Program Files (x86)\MiKTeX 2.9\tex\latex\base\size11.clo"
File: size11.clo 2007/10/19 v1.4h Standard LaTeX file (size option)
)
\c@part=\count79
\c@chapter=\count80
\c@section=\count81
\c@subsection=\count82
\c@subsubsection=\count83
\c@paragraph=\count84
\c@subparagraph=\count85
\c@figure=\count86
\c@table=\count87
\abovecaptionskip=\skip41
\belowcaptionskip=\skip42
\bibindent=\dimen102
)
("C:\Program Files (x86)\MiKTeX 2.9\tex\generic\babel\babel.sty"
Package: babel 2008/07/06 v3.8l The Babel package

*************************************
* Local config file bblopts.cfg used
*
("C:\Program Files (x86)\MiKTeX 2.9\tex\latex\00miktex\bblopts.cfg"
File: bblopts.cfg 2006/07/31 v1.0 MiKTeX 'babel' configuration
)
("C:\Program Files (x86)\MiKTeX 2.9\tex\generic\babel\bahasai.ldf"
Language: bahasa 2008/03/15 v1.0l Bahasa Indonesia support from the babel syste
m

("C:\Program Files (x86)\MiKTeX 2.9\tex\generic\babel\babel.def"
File: babel.def 2008/07/06 v3.8l Babel common definitions
\babel@savecnt=\count88
\U@D=\dimen103
)))
("C:\Program Files (x86)\MiKTeX 2.9\tex\latex\base\fontenc.sty"
Package: fontenc 2005/09/27 v1.99g Standard LaTeX package

("C:\Program Files (x86)\MiKTeX 2.9\tex\latex\base\t1enc.def"
File: t1enc.def 2005/09/27 v1.99g Standard LaTeX file
LaTeX Font Info:    Redeclaring font encoding T1 on input line 43.
))
("C:\Program Files (x86)\MiKTeX 2.9\tex\latex\abstract\abstract.sty"
Package: abstract 2009/06/08 v1.2a configurable abstracts
\abstitleskip=\skip43
\absleftindent=\skip44
\absrightindent=\skip45
\absparindent=\skip46
\absparsep=\skip47
)
("C:\Program Files (x86)\MiKTeX 2.9\tex\latex\chappg\chappg.sty"
Package: chappg 2006/05/09 v2.1b page numbering by chapter number pages by chap
ter (or other unit)
)
("C:\Program Files (x86)\MiKTeX 2.9\tex\latex\graphics\color.sty"
Package: color 2005/11/14 v1.0j Standard LaTeX Color (DPC)

("C:\Program Files (x86)\MiKTeX 2.9\tex\latex\00miktex\color.cfg"
File: color.cfg 2007/01/18 v1.5 color configuration of teTeX/TeXLive
)
Package color Info: Driver file: pdftex.def on input line 130.

("C:\Program Files (x86)\MiKTeX 2.9\tex\latex\pdftex-def\pdftex.def"
File: pdftex.def 2010/09/14 v0.05b Graphics/color for pdfTeX
\Gread@gobject=\count89
))
("C:\Program Files (x86)\MiKTeX 2.9\tex\latex\etoolbox\etoolbox.sty"
Package: etoolbox 2015/03/19 v2.1d e-TeX tools for LaTeX (JAW)

("C:\Program Files (x86)\MiKTeX 2.9\tex\latex\misc\etex.sty"
Package: etex 1998/03/26 v2.0 eTeX basic definition package (PEB)
\et@xins=\count90
)
\etb@tempcnta=\count91
)
("C:\Program Files (x86)\MiKTeX 2.9\tex\latex\fancyhdr\fancyhdr.sty"
\fancy@headwidth=\skip48
\f@ncyO@elh=\skip49
\f@ncyO@erh=\skip50
\f@ncyO@olh=\skip51
\f@ncyO@orh=\skip52
\f@ncyO@elf=\skip53
\f@ncyO@erf=\skip54
\f@ncyO@olf=\skip55
\f@ncyO@orf=\skip56
)
("C:\Program Files (x86)\MiKTeX 2.9\tex\latex\float\float.sty"
Package: float 2001/11/08 v1.3d Float enhancements (AL)
\c@float@type=\count92
\float@exts=\toks14
\float@box=\box26
\@float@everytoks=\toks15
\@floatcapt=\box27
)
("C:\Program Files (x86)\MiKTeX 2.9\tex\latex\geometry\geometry.sty"
Package: geometry 2010/09/12 v5.6 Page Geometry

("C:\Program Files (x86)\MiKTeX 2.9\tex\latex\graphics\keyval.sty"
Package: keyval 1999/03/16 v1.13 key=value parser (DPC)
\KV@toks@=\toks16
)
("C:\Program Files (x86)\MiKTeX 2.9\tex\generic\oberdiek\ifpdf.sty"
Package: ifpdf 2010/01/28 v2.1 Provides the ifpdf switch (HO)
Package ifpdf Info: pdfTeX in pdf mode detected.
)
("C:\Program Files (x86)\MiKTeX 2.9\tex\generic\oberdiek\ifvtex.sty"
Package: ifvtex 2010/03/01 v1.5 Switches for detecting VTeX and its modes (HO)
Package ifvtex Info: VTeX not detected.
)
("C:\Program Files (x86)\MiKTeX 2.9\tex\generic\ifxetex\ifxetex.sty"
Package: ifxetex 2010/09/12 v0.6 Provides ifxetex conditional
)
\Gm@cnth=\count93
\Gm@cntv=\count94
\c@Gm@tempcnt=\count95
\Gm@bindingoffset=\dimen104
\Gm@wd@mp=\dimen105
\Gm@odd@mp=\dimen106
\Gm@even@mp=\dimen107
\Gm@layoutwidth=\dimen108
\Gm@layoutheight=\dimen109
\Gm@layouthoffset=\dimen110
\Gm@layoutvoffset=\dimen111
\Gm@dimlist=\toks17

("C:\Program Files (x86)\MiKTeX 2.9\tex\latex\geometry\geometry.cfg"))
("C:\Program Files (x86)\MiKTeX 2.9\tex\latex\graphics\graphicx.sty"
Package: graphicx 1999/02/16 v1.0f Enhanced LaTeX Graphics (DPC,SPQR)

("C:\Program Files (x86)\MiKTeX 2.9\tex\latex\graphics\graphics.sty"
Package: graphics 2009/02/05 v1.0o Standard LaTeX Graphics (DPC,SPQR)

("C:\Program Files (x86)\MiKTeX 2.9\tex\latex\graphics\trig.sty"
Package: trig 1999/03/16 v1.09 sin cos tan (DPC)
)
("C:\Program Files (x86)\MiKTeX 2.9\tex\latex\00miktex\graphics.cfg"
File: graphics.cfg 2007/01/18 v1.5 graphics configuration of teTeX/TeXLive
)
Package graphics Info: Driver file: pdftex.def on input line 91.
)
\Gin@req@height=\dimen112
\Gin@req@width=\dimen113
)
("C:\Program Files (x86)\MiKTeX 2.9\tex\latex\listings\listings.sty"
\lst@mode=\count96
\lst@gtempboxa=\box28
\lst@token=\toks18
\lst@length=\count97
\lst@currlwidth=\dimen114
\lst@column=\count98
\lst@pos=\count99
\lst@lostspace=\dimen115
\lst@width=\dimen116
\lst@newlines=\count100
\lst@lineno=\count101
\lst@maxwidth=\dimen117

("C:\Program Files (x86)\MiKTeX 2.9\tex\latex\listings\lstmisc.sty"
File: lstmisc.sty 2014/09/06 1.5e (Carsten Heinz)
\c@lstnumber=\count102
\lst@skipnumbers=\count103
\lst@framebox=\box29
)
("C:\Program Files (x86)\MiKTeX 2.9\tex\latex\listings\listings.cfg"
File: listings.cfg 2014/09/06 1.5e listings configuration
))
Package: listings 2014/09/06 1.5e (Carsten Heinz)

("C:\Program Files (x86)\MiKTeX 2.9\tex\latex\graphics\lscape.sty"
Package: lscape 2000/10/22 v3.01 Landscape Pages (DPC)
)
("C:\Program Files (x86)\MiKTeX 2.9\tex\latex\tools\multicol.sty"
Package: multicol 2008/12/05 v1.6h multicolumn formatting (FMi)
\c@tracingmulticols=\count104
\mult@box=\box30
\multicol@leftmargin=\dimen118
\c@unbalance=\count105
\c@collectmore=\count106
\doublecol@number=\count107
\multicoltolerance=\count108
\multicolpretolerance=\count109
\full@width=\dimen119
\page@free=\dimen120
\premulticols=\dimen121
\postmulticols=\dimen122
\multicolsep=\skip57
\multicolbaselineskip=\skip58
\partial@page=\box31
\last@line=\box32
\mult@rightbox=\box33
\mult@grightbox=\box34
\mult@gfirstbox=\box35
\mult@firstbox=\box36
\@tempa=\box37
\@tempa=\box38
\@tempa=\box39
\@tempa=\box40
\@tempa=\box41
\@tempa=\box42
\@tempa=\box43
\@tempa=\box44
\@tempa=\box45
\@tempa=\box46
\@tempa=\box47
\@tempa=\box48
\@tempa=\box49
\@tempa=\box50
\@tempa=\box51
\@tempa=\box52
\@tempa=\box53
\c@columnbadness=\count110
\c@finalcolumnbadness=\count111
\last@try=\dimen123
\multicolovershoot=\dimen124
\multicolundershoot=\dimen125
\mult@nat@firstbox=\box54
\colbreak@box=\box55
)
("C:\Program Files (x86)\MiKTeX 2.9\tex\latex\base\ifthen.sty"
Package: ifthen 2001/05/26 v1.1c Standard LaTeX ifthen package (DPC)
)
("C:\Program Files (x86)\MiKTeX 2.9\tex\latex\lineno\lineno.sty"
Package: lineno 2005/11/02 line numbers on paragraphs v4.41
\linenopenalty=\count112
\output=\toks19
\linenoprevgraf=\count113
\linenumbersep=\dimen126
\linenumberwidth=\dimen127
\c@linenumber=\count114
\c@pagewiselinenumber=\count115
\c@LN@truepage=\count116
\c@internallinenumber=\count117
\c@internallinenumbers=\count118
\quotelinenumbersep=\dimen128
\bframerule=\dimen129
\bframesep=\dimen130
\bframebox=\box56
LaTeX Info: Redefining \\ on input line 3056.
)
("C:\Program Files (x86)\MiKTeX 2.9\tex\latex\lipsum\lipsum.sty"
Package: lipsum 2014/07/27 v1.3 150 paragraphs of Lorem Ipsum dummy text
\c@lips@count=\count119
)
("C:\Program Files (x86)\MiKTeX 2.9\tex\latex\titlesec\titlesec.sty"
Package: titlesec 2011/12/15 v2.10.0 Sectioning titles
\ttl@box=\box57
\beforetitleunit=\skip59
\aftertitleunit=\skip60
\ttl@plus=\dimen131
\ttl@minus=\dimen132
\ttl@toksa=\toks20
\titlewidth=\dimen133
\titlewidthlast=\dimen134
\titlewidthfirst=\dimen135
)
("C:\Program Files (x86)\MiKTeX 2.9\tex\latex\tocbibind\tocbibind.sty"
Package: tocbibind 2010/10/13 v1.5k extra ToC listings
Package tocbibind Info: The document has chapter divisions on input line 50.


Package tocbibind Note: Using chapter style headings, unless overridden.

) ("C:\Program Files (x86)\MiKTeX 2.9\tex\latex\tocloft\tocloft.sty"
Package: tocloft 2013/05/02 v2.3f parameterised ToC, etc., typesetting
Package tocloft Info: The document has chapter divisions on input line 44.
\cftparskip=\skip61
\cftbeforetoctitleskip=\skip62
\cftaftertoctitleskip=\skip63
\cftbeforepartskip=\skip64
\cftpartnumwidth=\skip65
\cftpartindent=\skip66
\cftbeforechapskip=\skip67
\cftchapindent=\skip68
\cftchapnumwidth=\skip69
\cftbeforesecskip=\skip70
\cftsecindent=\skip71
\cftsecnumwidth=\skip72
\cftbeforesubsecskip=\skip73
\cftsubsecindent=\skip74
\cftsubsecnumwidth=\skip75
\cftbeforesubsubsecskip=\skip76
\cftsubsubsecindent=\skip77
\cftsubsubsecnumwidth=\skip78
\cftbeforeparaskip=\skip79
\cftparaindent=\skip80
\cftparanumwidth=\skip81
\cftbeforesubparaskip=\skip82
\cftsubparaindent=\skip83
\cftsubparanumwidth=\skip84
\cftbeforeloftitleskip=\skip85
\cftafterloftitleskip=\skip86
\cftbeforefigskip=\skip87
\cftfigindent=\skip88
\cftfignumwidth=\skip89
\c@lofdepth=\count120
\c@lotdepth=\count121
\cftbeforelottitleskip=\skip90
\cftafterlottitleskip=\skip91
\cftbeforetabskip=\skip92
\cfttabindent=\skip93
\cfttabnumwidth=\skip94
)
("C:\Program Files (x86)\MiKTeX 2.9\tex\latex\setspace\setspace.sty"
Package: setspace 2011/12/19 v6.7a set line spacing
)
("C:\Program Files (x86)\MiKTeX 2.9\tex\latex\xstring\xstring.sty"
("C:\Program Files (x86)\MiKTeX 2.9\tex\generic\xstring\xstring.tex"
\@xs@message=\write3
\integerpart=\count122
\decimalpart=\count123
)
Package: xstring 2013/10/13  v1.7c  String manipulations (C Tellechea)
)
("C:\Program Files (x86)\MiKTeX 2.9\tex\latex\hyperref\hyperref.sty"
Package: hyperref 2010/10/30 v6.81t Hypertext links for LaTeX

("C:\Program Files (x86)\MiKTeX 2.9\tex\generic\oberdiek\ltxcmds.sty"
Package: ltxcmds 2010/04/26 v1.7 LaTeX kernel commands for general use (HO)
)
("C:\Program Files (x86)\MiKTeX 2.9\tex\generic\oberdiek\infwarerr.sty"
Package: infwarerr 2010/04/08 v1.3 Providing info/warning/message (HO)
)
("C:\Program Files (x86)\MiKTeX 2.9\tex\generic\oberdiek\kvsetkeys.sty"
Package: kvsetkeys 2010/03/01 v1.9 Key value parser (HO)

("C:\Program Files (x86)\MiKTeX 2.9\tex\generic\oberdiek\etexcmds.sty"
Package: etexcmds 2010/01/28 v1.3 Prefix for e-TeX command names (HO)
Package etexcmds Info: Could not find \expanded.
(etexcmds)             That can mean that you are not using pdfTeX 1.50 or
(etexcmds)             that some package has redefined \expanded.
(etexcmds)             In the latter case, load this package earlier.
))
("C:\Program Files (x86)\MiKTeX 2.9\tex\generic\oberdiek\pdfescape.sty"
Package: pdfescape 2010/03/01 v1.9 Provides hex, PDF name and string conversion
s (HO)

("C:\Program Files (x86)\MiKTeX 2.9\tex\generic\oberdiek\pdftexcmds.sty"
Package: pdftexcmds 2010/04/01 v0.9 Utility functions of pdfTeX for LuaTeX (HO)


("C:\Program Files (x86)\MiKTeX 2.9\tex\generic\oberdiek\ifluatex.sty"
Package: ifluatex 2010/03/01 v1.3 Provides the ifluatex switch (HO)
Package ifluatex Info: LuaTeX not detected.
)
Package pdftexcmds Info: LuaTeX not detected.
Package pdftexcmds Info: \pdf@primitive is available.
Package pdftexcmds Info: \pdf@ifprimitive is available.
))
("C:\Program Files (x86)\MiKTeX 2.9\tex\latex\oberdiek\hycolor.sty"
Package: hycolor 2009/12/12 v1.6 Color options of hyperref/bookmark (HO)

("C:\Program Files (x86)\MiKTeX 2.9\tex\latex\oberdiek\xcolor-patch.sty"
Package: xcolor-patch 2009/12/12 xcolor patch
))
("C:\Program Files (x86)\MiKTeX 2.9\tex\latex\oberdiek\letltxmacro.sty"
Package: letltxmacro 2008/06/24 v1.3 Let assignment for LaTeX macros (HO)
)
("C:\Program Files (x86)\MiKTeX 2.9\tex\latex\oberdiek\kvoptions.sty"
Package: kvoptions 2010/02/22 v3.7 Keyval support for LaTeX options (HO)
)
\@linkdim=\dimen136
\Hy@linkcounter=\count124
\Hy@pagecounter=\count125

("C:\Program Files (x86)\MiKTeX 2.9\tex\latex\hyperref\pd1enc.def"
File: pd1enc.def 2010/10/30 v6.81t Hyperref: PDFDocEncoding definition (HO)
)
("C:\Program Files (x86)\MiKTeX 2.9\tex\generic\oberdiek\intcalc.sty"
Package: intcalc 2007/09/27 v1.1 Expandable integer calculations (HO)
)
\Hy@SavedSpaceFactor=\count126

("C:\Program Files (x86)\MiKTeX 2.9\tex\latex\00miktex\hyperref.cfg"
File: hyperref.cfg 2002/06/06 v1.2 hyperref configuration of TeXLive
)
Package hyperref Info: Option `plainpages' set `false' on input line 3872.
Package hyperref Info: Option `pdfpagelabels' set `true' on input line 3872.
Package hyperref Info: Option `unicode' set `true' on input line 3872.

("C:\Program Files (x86)\MiKTeX 2.9\tex\latex\hyperref\puenc.def"
File: puenc.def 2010/10/30 v6.81t Hyperref: PDF Unicode definition (HO)
)
Package hyperref Info: Hyper figures OFF on input line 3976.
Package hyperref Info: Link nesting OFF on input line 3981.
Package hyperref Info: Hyper index ON on input line 3984.
Package hyperref Info: Plain pages OFF on input line 3991.
Package hyperref Info: Backreferencing OFF on input line 3996.
Package hyperref Info: Implicit mode ON; LaTeX internals redefined.
Package hyperref Info: Bookmarks ON on input line 4211.
\c@Hy@tempcnt=\count127

("C:\Program Files (x86)\MiKTeX 2.9\tex\latex\ltxmisc\url.sty"
\Urlmuskip=\muskip10
Package: url 2006/04/12  ver 3.3  Verb mode for urls, etc.
)
LaTeX Info: Redefining \url on input line 4566.

("C:\Program Files (x86)\MiKTeX 2.9\tex\generic\oberdiek\bitset.sty"
Package: bitset 2007/09/28 v1.0 Data type bit set (HO)

("C:\Program Files (x86)\MiKTeX 2.9\tex\generic\oberdiek\bigintcalc.sty"
Package: bigintcalc 2007/11/11 v1.1 Expandable big integer calculations (HO)
))
\Fld@menulength=\count128
\Field@Width=\dimen137
\Fld@charsize=\dimen138
Package hyperref Info: Hyper figures OFF on input line 5626.
Package hyperref Info: Link nesting OFF on input line 5631.
Package hyperref Info: Hyper index ON on input line 5634.
Package hyperref Info: backreferencing OFF on input line 5641.
Package hyperref Info: Link coloring OFF on input line 5646.
Package hyperref Info: Link coloring with OCG OFF on input line 5651.
Package hyperref Info: PDF/A mode OFF on input line 5656.
LaTeX Info: Redefining \ref on input line 5696.
LaTeX Info: Redefining \pageref on input line 5700.

("C:\Program Files (x86)\MiKTeX 2.9\tex\generic\oberdiek\atbegshi.sty"
Package: atbegshi 2010/03/25 v1.12 At begin shipout hook (HO)
)
\Hy@abspage=\count129
\c@Item=\count130
\c@Hfootnote=\count131
)

Package hyperref Message: Driver (autodetected): hpdftex.

("C:\Program Files (x86)\MiKTeX 2.9\tex\latex\hyperref\hpdftex.def"
File: hpdftex.def 2010/10/30 v6.81t Hyperref driver for pdfTeX

("C:\Program Files (x86)\MiKTeX 2.9\tex\latex\oberdiek\atveryend.sty"
Package: atveryend 2010/03/24 v1.5 Hooks at very end of document (HO)
)
\Fld@listcount=\count132
\c@bookmark@seq@number=\count133

("C:\Program Files (x86)\MiKTeX 2.9\tex\latex\oberdiek\rerunfilecheck.sty"
Package: rerunfilecheck 2010/03/16 v1.6 Rerun checks for auxiliary files (HO)

("C:\Program Files (x86)\MiKTeX 2.9\tex\generic\oberdiek\uniquecounter.sty"
Package: uniquecounter 2009/12/18 v1.1 Provides unlimited unique counter (HO)
)
Package uniquecounter Info: New unique counter `rerunfilecheck' on input line 2
71.
)
\Hy@SectionHShift=\skip95
)
("C:\Program Files (x86)\MiKTeX 2.9\tex\latex\emptypage\emptypage.sty"
Package: emptypage 2010/05/30 v1.2 Suppress page numbers and headings on empty 
pages
)
Package hyperref Info: Option `unicode' set `true' on input line 303.
Package hyperref Info: Option `colorlinks' set `true' on input line 303.

\@input{data.aux}
(F:\Skripsi\doc\DokumenSkripsi\data.tex
("C:\Program Files (x86)\MiKTeX 2.9\tex\latex\ams\math\amsmath.sty"
Package: amsmath 2000/07/18 v2.13 AMS math features
\@mathmargin=\skip96

For additional information on amsmath, use the `?' option.
("C:\Program Files (x86)\MiKTeX 2.9\tex\latex\ams\math\amstext.sty"
Package: amstext 2000/06/29 v2.01

("C:\Program Files (x86)\MiKTeX 2.9\tex\latex\ams\math\amsgen.sty"
File: amsgen.sty 1999/11/30 v2.0
\@emptytoks=\toks21
\ex@=\dimen139
))
("C:\Program Files (x86)\MiKTeX 2.9\tex\latex\ams\math\amsbsy.sty"
Package: amsbsy 1999/11/29 v1.2d
\pmbraise@=\dimen140
)
("C:\Program Files (x86)\MiKTeX 2.9\tex\latex\ams\math\amsopn.sty"
Package: amsopn 1999/12/14 v2.01 operator names
)
\inf@bad=\count134
LaTeX Info: Redefining \frac on input line 211.
\uproot@=\count135
\leftroot@=\count136
LaTeX Info: Redefining \overline on input line 307.
\classnum@=\count137
\DOTSCASE@=\count138
LaTeX Info: Redefining \ldots on input line 379.
LaTeX Info: Redefining \dots on input line 382.
LaTeX Info: Redefining \cdots on input line 467.
\Mathstrutbox@=\box58
\strutbox@=\box59
\big@size=\dimen141
LaTeX Font Info:    Redeclaring font encoding OML on input line 567.
LaTeX Font Info:    Redeclaring font encoding OMS on input line 568.
\macc@depth=\count139
\c@MaxMatrixCols=\count140
\dotsspace@=\muskip11
\c@parentequation=\count141
\dspbrk@lvl=\count142
\tag@help=\toks22
\row@=\count143
\column@=\count144
\maxfields@=\count145
\andhelp@=\toks23
\eqnshift@=\dimen142
\alignsep@=\dimen143
\tagshift@=\dimen144
\tagwidth@=\dimen145
\totwidth@=\dimen146
\lineht@=\dimen147
\@envbody=\toks24
\multlinegap=\skip97
\multlinetaggap=\skip98
\mathdisplay@stack=\toks25
LaTeX Info: Redefining \[ on input line 2666.
LaTeX Info: Redefining \] on input line 2667.
)
("C:\Program Files (x86)\MiKTeX 2.9\tex\latex\booktabs\booktabs.sty"
Package: booktabs 2005/04/14 v1.61803 publication quality tables
\heavyrulewidth=\dimen148
\lightrulewidth=\dimen149
\cmidrulewidth=\dimen150
\belowrulesep=\dimen151
\belowbottomsep=\dimen152
\aboverulesep=\dimen153
\abovetopsep=\dimen154
\cmidrulesep=\dimen155
\cmidrulekern=\dimen156
\defaultaddspace=\dimen157
\@cmidla=\count146
\@cmidlb=\count147
\@aboverulesep=\dimen158
\@belowrulesep=\dimen159
\@thisruleclass=\count148
\@lastruleclass=\count149
\@thisrulewidth=\dimen160
)
("C:\Program Files (x86)\MiKTeX 2.9\tex\latex\tools\enumerate.sty"
Package: enumerate 1999/03/05 v3.00 enumerate extensions (DPC)
\@enLab=\toks26
)
("C:\Program Files (x86)\MiKTeX 2.9\tex\latex\tools\longtable.sty"
Package: longtable 2004/02/01 v4.11 Multi-page Table package (DPC)
\LTleft=\skip99
\LTright=\skip100
\LTpre=\skip101
\LTpost=\skip102
\LTchunksize=\count150
\LTcapwidth=\dimen161
\LT@head=\box60
\LT@firsthead=\box61
\LT@foot=\box62
\LT@lastfoot=\box63
\LT@cols=\count151
\LT@rows=\count152
\c@LT@tables=\count153
\c@LT@chunks=\count154
\LT@p@ftn=\toks27
)
("C:\Program Files (x86)\MiKTeX 2.9\tex\latex\multirow\multirow.sty"
\bigstrutjot=\dimen162
)
("C:\Program Files (x86)\MiKTeX 2.9\tex\latex\amsfonts\amssymb.sty"
Package: amssymb 2009/06/22 v3.00

("C:\Program Files (x86)\MiKTeX 2.9\tex\latex\amsfonts\amsfonts.sty"
Package: amsfonts 2009/06/22 v3.00 Basic AMSFonts support
\symAMSa=\mathgroup4
\symAMSb=\mathgroup5
LaTeX Font Info:    Overwriting math alphabet `\mathfrak' in version `bold'
(Font)                  U/euf/m/n --> U/euf/b/n on input line 96.
))
("C:\Program Files (x86)\MiKTeX 2.9\tex\latex\bbding\bbding.sty"
Package: bbding 1999/04/15 v1.01 Dingbats symbols
)
("C:\Program Files (x86)\MiKTeX 2.9\tex\latex\xcolor\xcolor.sty"
Package: xcolor 2007/01/21 v2.11 LaTeX color extensions (UK)

("C:\Program Files (x86)\MiKTeX 2.9\tex\latex\00miktex\color.cfg"
File: color.cfg 2007/01/18 v1.5 color configuration of teTeX/TeXLive
)
Package xcolor Info: Driver file: pdftex.def on input line 225.

("C:\Program Files (x86)\MiKTeX 2.9\tex\latex\colortbl\colortbl.sty"
Package: colortbl 2012/02/13 v1.0a Color table columns (DPC)

("C:\Program Files (x86)\MiKTeX 2.9\tex\latex\tools\array.sty"
Package: array 2008/09/09 v2.4c Tabular extension package (FMi)
\col@sep=\dimen163
\extrarowheight=\dimen164
\NC@list=\toks28
\extratabsurround=\skip103
\backup@length=\skip104
)
\everycr=\toks29
\minrowclearance=\skip105
)
LaTeX Info: Redefining \color on input line 702.
\rownum=\count155
Package xcolor Info: Model `cmy' substituted by `cmy0' on input line 1337.
Package xcolor Info: Model `hsb' substituted by `rgb' on input line 1341.
Package xcolor Info: Model `RGB' extended on input line 1353.
Package xcolor Info: Model `HTML' substituted by `rgb' on input line 1355.
Package xcolor Info: Model `Hsb' substituted by `hsb' on input line 1356.
Package xcolor Info: Model `tHsb' substituted by `hsb' on input line 1357.
Package xcolor Info: Model `HSB' substituted by `hsb' on input line 1358.
Package xcolor Info: Model `Gray' substituted by `gray' on input line 1359.
Package xcolor Info: Model `wave' substituted by `hsb' on input line 1360.
)
("C:\Program Files (x86)\MiKTeX 2.9\tex\latex\pgf\frontendlayer\tikz.sty"
("C:\Program Files (x86)\MiKTeX 2.9\tex\latex\pgf\basiclayer\pgf.sty"
("C:\Program Files (x86)\MiKTeX 2.9\tex\latex\pgf\utilities\pgfrcs.sty"
("C:\Program Files (x86)\MiKTeX 2.9\tex\generic\pgf\utilities\pgfutil-common.te
x"
\pgfutil@everybye=\toks30
\pgfutil@tempdima=\dimen165
\pgfutil@tempdimb=\dimen166

("C:\Program Files (x86)\MiKTeX 2.9\tex\generic\pgf\utilities\pgfutil-common-li
sts.tex"))
("C:\Program Files (x86)\MiKTeX 2.9\tex\generic\pgf\utilities\pgfutil-latex.def
"
\pgfutil@abb=\box64
 ("C:\Program Files (x86)\MiKTeX 2.9\tex\latex\ms\everyshi.sty"
Package: everyshi 2001/05/15 v3.00 EveryShipout Package (MS)
))
("C:\Program Files (x86)\MiKTeX 2.9\tex\generic\pgf\utilities\pgfrcs.code.tex"
Package: pgfrcs 2013/12/20 v3.0.0 (rcs-revision 1.28)
))
Package: pgf 2013/12/18 v3.0.0 (rcs-revision 1.14)
 ("C:\Program Files (x86)\MiKTeX 2.9\tex\latex\pgf\basiclayer\pgfcore.sty"
("C:\Program Files (x86)\MiKTeX 2.9\tex\latex\pgf\systemlayer\pgfsys.sty"
("C:\Program Files (x86)\MiKTeX 2.9\tex\generic\pgf\systemlayer\pgfsys.code.tex
"
Package: pgfsys 2013/11/30 v3.0.0 (rcs-revision 1.47)
 ("C:\Program Files (x86)\MiKTeX 2.9\tex\generic\pgf\utilities\pgfkeys.code.tex
"
\pgfkeys@pathtoks=\toks31
\pgfkeys@temptoks=\toks32

("C:\Program Files (x86)\MiKTeX 2.9\tex\generic\pgf\utilities\pgfkeysfiltered.c
ode.tex"
\pgfkeys@tmptoks=\toks33
))
\pgf@x=\dimen167
\pgf@y=\dimen168
\pgf@xa=\dimen169
\pgf@ya=\dimen170
\pgf@xb=\dimen171
\pgf@yb=\dimen172
\pgf@xc=\dimen173
\pgf@yc=\dimen174
\w@pgf@writea=\write4
\r@pgf@reada=\read1
\c@pgf@counta=\count156
\c@pgf@countb=\count157
\c@pgf@countc=\count158
\c@pgf@countd=\count159
\t@pgf@toka=\toks34
\t@pgf@tokb=\toks35
\t@pgf@tokc=\toks36

("C:\Program Files (x86)\MiKTeX 2.9\tex\generic\pgf\systemlayer\pgf.cfg"
File: pgf.cfg 2008/05/14  (rcs-revision 1.7)
)
Driver file for pgf: pgfsys-pdftex.def

("C:\Program Files (x86)\MiKTeX 2.9\tex\generic\pgf\systemlayer\pgfsys-pdftex.d
ef"
File: pgfsys-pdftex.def 2013/07/18  (rcs-revision 1.33)

("C:\Program Files (x86)\MiKTeX 2.9\tex\generic\pgf\systemlayer\pgfsys-common-p
df.def"
File: pgfsys-common-pdf.def 2013/10/10  (rcs-revision 1.13)
)))
("C:\Program Files (x86)\MiKTeX 2.9\tex\generic\pgf\systemlayer\pgfsyssoftpath.
code.tex"
File: pgfsyssoftpath.code.tex 2013/09/09  (rcs-revision 1.9)
\pgfsyssoftpath@smallbuffer@items=\count160
\pgfsyssoftpath@bigbuffer@items=\count161
)
("C:\Program Files (x86)\MiKTeX 2.9\tex\generic\pgf\systemlayer\pgfsysprotocol.
code.tex"
File: pgfsysprotocol.code.tex 2006/10/16  (rcs-revision 1.4)
))
("C:\Program Files (x86)\MiKTeX 2.9\tex\generic\pgf\basiclayer\pgfcore.code.tex
"
Package: pgfcore 2010/04/11 v3.0.0 (rcs-revision 1.7)
 ("C:\Program Files (x86)\MiKTeX 2.9\tex\generic\pgf\math\pgfmath.code.tex"
("C:\Program Files (x86)\MiKTeX 2.9\tex\generic\pgf\math\pgfmathcalc.code.tex"
("C:\Program Files (x86)\MiKTeX 2.9\tex\generic\pgf\math\pgfmathutil.code.tex")
("C:\Program Files (x86)\MiKTeX 2.9\tex\generic\pgf\math\pgfmathparser.code.tex
"
\pgfmath@dimen=\dimen175
\pgfmath@count=\count162
\pgfmath@box=\box65
\pgfmath@toks=\toks37
\pgfmath@stack@operand=\toks38
\pgfmath@stack@operation=\toks39
)
("C:\Program Files (x86)\MiKTeX 2.9\tex\generic\pgf\math\pgfmathfunctions.code.
tex"
("C:\Program Files (x86)\MiKTeX 2.9\tex\generic\pgf\math\pgfmathfunctions.basic
.code.tex")
("C:\Program Files (x86)\MiKTeX 2.9\tex\generic\pgf\math\pgfmathfunctions.trigo
nometric.code.tex")
("C:\Program Files (x86)\MiKTeX 2.9\tex\generic\pgf\math\pgfmathfunctions.rando
m.code.tex")
("C:\Program Files (x86)\MiKTeX 2.9\tex\generic\pgf\math\pgfmathfunctions.compa
rison.code.tex")
("C:\Program Files (x86)\MiKTeX 2.9\tex\generic\pgf\math\pgfmathfunctions.base.
code.tex")
("C:\Program Files (x86)\MiKTeX 2.9\tex\generic\pgf\math\pgfmathfunctions.round
.code.tex")
("C:\Program Files (x86)\MiKTeX 2.9\tex\generic\pgf\math\pgfmathfunctions.misc.
code.tex")
("C:\Program Files (x86)\MiKTeX 2.9\tex\generic\pgf\math\pgfmathfunctions.integ
erarithmetics.code.tex")))
("C:\Program Files (x86)\MiKTeX 2.9\tex\generic\pgf\math\pgfmathfloat.code.tex"
\c@pgfmathroundto@lastzeros=\count163
))
("C:\Program Files (x86)\MiKTeX 2.9\tex\generic\pgf\basiclayer\pgfcorepoints.co
de.tex"
File: pgfcorepoints.code.tex 2013/10/07  (rcs-revision 1.27)
\pgf@picminx=\dimen176
\pgf@picmaxx=\dimen177
\pgf@picminy=\dimen178
\pgf@picmaxy=\dimen179
\pgf@pathminx=\dimen180
\pgf@pathmaxx=\dimen181
\pgf@pathminy=\dimen182
\pgf@pathmaxy=\dimen183
\pgf@xx=\dimen184
\pgf@xy=\dimen185
\pgf@yx=\dimen186
\pgf@yy=\dimen187
\pgf@zx=\dimen188
\pgf@zy=\dimen189
)
("C:\Program Files (x86)\MiKTeX 2.9\tex\generic\pgf\basiclayer\pgfcorepathconst
ruct.code.tex"
File: pgfcorepathconstruct.code.tex 2013/10/07  (rcs-revision 1.29)
\pgf@path@lastx=\dimen190
\pgf@path@lasty=\dimen191
)
("C:\Program Files (x86)\MiKTeX 2.9\tex\generic\pgf\basiclayer\pgfcorepathusage
.code.tex"
File: pgfcorepathusage.code.tex 2013/12/13  (rcs-revision 1.23)
\pgf@shorten@end@additional=\dimen192
\pgf@shorten@start@additional=\dimen193
)
("C:\Program Files (x86)\MiKTeX 2.9\tex\generic\pgf\basiclayer\pgfcorescopes.co
de.tex"
File: pgfcorescopes.code.tex 2013/10/09  (rcs-revision 1.44)
\pgfpic=\box66
\pgf@hbox=\box67
\pgf@layerbox@main=\box68
\pgf@picture@serial@count=\count164
)
("C:\Program Files (x86)\MiKTeX 2.9\tex\generic\pgf\basiclayer\pgfcoregraphicst
ate.code.tex"
File: pgfcoregraphicstate.code.tex 2013/09/19  (rcs-revision 1.11)
\pgflinewidth=\dimen194
)
("C:\Program Files (x86)\MiKTeX 2.9\tex\generic\pgf\basiclayer\pgfcoretransform
ations.code.tex"
File: pgfcoretransformations.code.tex 2013/10/10  (rcs-revision 1.17)
\pgf@pt@x=\dimen195
\pgf@pt@y=\dimen196
\pgf@pt@temp=\dimen197
)
("C:\Program Files (x86)\MiKTeX 2.9\tex\generic\pgf\basiclayer\pgfcorequick.cod
e.tex"
File: pgfcorequick.code.tex 2008/10/09  (rcs-revision 1.3)
)
("C:\Program Files (x86)\MiKTeX 2.9\tex\generic\pgf\basiclayer\pgfcoreobjects.c
ode.tex"
File: pgfcoreobjects.code.tex 2006/10/11  (rcs-revision 1.2)
)
("C:\Program Files (x86)\MiKTeX 2.9\tex\generic\pgf\basiclayer\pgfcorepathproce
ssing.code.tex"
File: pgfcorepathprocessing.code.tex 2013/09/09  (rcs-revision 1.9)
)
("C:\Program Files (x86)\MiKTeX 2.9\tex\generic\pgf\basiclayer\pgfcorearrows.co
de.tex"
File: pgfcorearrows.code.tex 2013/11/07  (rcs-revision 1.40)
\pgfarrowsep=\dimen198
)
("C:\Program Files (x86)\MiKTeX 2.9\tex\generic\pgf\basiclayer\pgfcoreshade.cod
e.tex"
File: pgfcoreshade.code.tex 2013/07/15  (rcs-revision 1.15)
\pgf@max=\dimen199
\pgf@sys@shading@range@num=\count165
)
("C:\Program Files (x86)\MiKTeX 2.9\tex\generic\pgf\basiclayer\pgfcoreimage.cod
e.tex"
File: pgfcoreimage.code.tex 2013/07/15  (rcs-revision 1.18)

("C:\Program Files (x86)\MiKTeX 2.9\tex\generic\pgf\basiclayer\pgfcoreexternal.
code.tex"
File: pgfcoreexternal.code.tex 2013/07/15  (rcs-revision 1.20)
\pgfexternal@startupbox=\box69
))
("C:\Program Files (x86)\MiKTeX 2.9\tex\generic\pgf\basiclayer\pgfcorelayers.co
de.tex"
File: pgfcorelayers.code.tex 2013/07/18  (rcs-revision 1.7)
)
("C:\Program Files (x86)\MiKTeX 2.9\tex\generic\pgf\basiclayer\pgfcoretranspare
ncy.code.tex"
File: pgfcoretransparency.code.tex 2013/09/30  (rcs-revision 1.5)
)
("C:\Program Files (x86)\MiKTeX 2.9\tex\generic\pgf\basiclayer\pgfcorepatterns.
code.tex"
File: pgfcorepatterns.code.tex 2013/11/07  (rcs-revision 1.5)
)))
("C:\Program Files (x86)\MiKTeX 2.9\tex\generic\pgf\modules\pgfmoduleshapes.cod
e.tex"
File: pgfmoduleshapes.code.tex 2013/10/31  (rcs-revision 1.34)
\pgfnodeparttextbox=\box70
)
("C:\Program Files (x86)\MiKTeX 2.9\tex\generic\pgf\modules\pgfmoduleplot.code.
tex"
File: pgfmoduleplot.code.tex 2013/07/31  (rcs-revision 1.12)
)
("C:\Program Files (x86)\MiKTeX 2.9\tex\latex\pgf\compatibility\pgfcomp-version
-0-65.sty"
Package: pgfcomp-version-0-65 2007/07/03 v3.0.0 (rcs-revision 1.7)
\pgf@nodesepstart=\dimen200
\pgf@nodesepend=\dimen201
)
("C:\Program Files (x86)\MiKTeX 2.9\tex\latex\pgf\compatibility\pgfcomp-version
-1-18.sty"
Package: pgfcomp-version-1-18 2007/07/23 v3.0.0 (rcs-revision 1.1)
))
("C:\Program Files (x86)\MiKTeX 2.9\tex\latex\pgf\utilities\pgffor.sty"
("C:\Program Files (x86)\MiKTeX 2.9\tex\latex\pgf\utilities\pgfkeys.sty"
("C:\Program Files (x86)\MiKTeX 2.9\tex\generic\pgf\utilities\pgfkeys.code.tex"
)) ("C:\Program Files (x86)\MiKTeX 2.9\tex\latex\pgf\math\pgfmath.sty"
("C:\Program Files (x86)\MiKTeX 2.9\tex\generic\pgf\math\pgfmath.code.tex"))
("C:\Program Files (x86)\MiKTeX 2.9\tex\generic\pgf\utilities\pgffor.code.tex"
Package: pgffor 2013/12/13 v3.0.0 (rcs-revision 1.25)

("C:\Program Files (x86)\MiKTeX 2.9\tex\generic\pgf\math\pgfmath.code.tex")
\pgffor@iter=\dimen202
\pgffor@skip=\dimen203
\pgffor@stack=\toks40
\pgffor@toks=\toks41
))
("C:\Program Files (x86)\MiKTeX 2.9\tex\generic\pgf\frontendlayer\tikz\tikz.cod
e.tex"
Package: tikz 2013/12/13 v3.0.0 (rcs-revision 1.142)

("C:\Program Files (x86)\MiKTeX 2.9\tex\generic\pgf\libraries\pgflibraryplothan
dlers.code.tex"
File: pgflibraryplothandlers.code.tex 2013/08/31 v3.0.0 (rcs-revision 1.20)
\pgf@plot@mark@count=\count166
\pgfplotmarksize=\dimen204
)
\tikz@lastx=\dimen205
\tikz@lasty=\dimen206
\tikz@lastxsaved=\dimen207
\tikz@lastysaved=\dimen208
\tikzleveldistance=\dimen209
\tikzsiblingdistance=\dimen210
\tikz@figbox=\box71
\tikz@figbox@bg=\box72
\tikz@tempbox=\box73
\tikz@tempbox@bg=\box74
\tikztreelevel=\count167
\tikznumberofchildren=\count168
\tikznumberofcurrentchild=\count169
\tikz@fig@count=\count170

("C:\Program Files (x86)\MiKTeX 2.9\tex\generic\pgf\modules\pgfmodulematrix.cod
e.tex"
File: pgfmodulematrix.code.tex 2013/09/17  (rcs-revision 1.8)
\pgfmatrixcurrentrow=\count171
\pgfmatrixcurrentcolumn=\count172
\pgf@matrix@numberofcolumns=\count173
)
\tikz@expandcount=\count174

("C:\Program Files (x86)\MiKTeX 2.9\tex\generic\pgf\frontendlayer\tikz\librarie
s\tikzlibrarytopaths.code.tex"
File: tikzlibrarytopaths.code.tex 2008/06/17 v3.0.0 (rcs-revision 1.2)
))))
\@input{dosen.aux}
(F:\Skripsi\doc\DokumenSkripsi\dosen.tex)
(F:\Skripsi\doc\DokumenSkripsi\main.aux
(F:\Skripsi\doc\DokumenSkripsi\Bab/bab1.aux)
(F:\Skripsi\doc\DokumenSkripsi\Bab/bab2.aux)
(F:\Skripsi\doc\DokumenSkripsi\Bab/bab3.aux)
(F:\Skripsi\doc\DokumenSkripsi\Bab/bab4.aux)
(F:\Skripsi\doc\DokumenSkripsi\Bab/bab5.aux)
(F:\Skripsi\doc\DokumenSkripsi\Bab/bab6.aux)
(F:\Skripsi\doc\DokumenSkripsi\Bab/bab7.aux)
(F:\Skripsi\doc\DokumenSkripsi\Bab/bab8.aux)
(F:\Skripsi\doc\DokumenSkripsi\Bab/bab9.aux))
LaTeX Font Info:    Checking defaults for OML/cmm/m/it on input line 318.
LaTeX Font Info:    ... okay on input line 318.
LaTeX Font Info:    Checking defaults for T1/cmr/m/n on input line 318.
LaTeX Font Info:    ... okay on input line 318.
LaTeX Font Info:    Checking defaults for OT1/cmr/m/n on input line 318.
LaTeX Font Info:    ... okay on input line 318.
LaTeX Font Info:    Checking defaults for OMS/cmsy/m/n on input line 318.
LaTeX Font Info:    ... okay on input line 318.
LaTeX Font Info:    Checking defaults for OMX/cmex/m/n on input line 318.
LaTeX Font Info:    ... okay on input line 318.
LaTeX Font Info:    Checking defaults for U/cmr/m/n on input line 318.
LaTeX Font Info:    ... okay on input line 318.
LaTeX Font Info:    Checking defaults for PD1/pdf/m/n on input line 318.
LaTeX Font Info:    ... okay on input line 318.
LaTeX Font Info:    Checking defaults for PU/pdf/m/n on input line 318.
LaTeX Font Info:    ... okay on input line 318.

("C:\Program Files (x86)\MiKTeX 2.9\tex\context\base\supp-pdf.mkii"
[Loading MPS to PDF converter (version 2006.09.02).]
\scratchcounter=\count175
\scratchdimen=\dimen211
\scratchbox=\box75
\nofMPsegments=\count176
\nofMParguments=\count177
\everyMPshowfont=\toks42
\MPscratchCnt=\count178
\MPscratchDim=\dimen212
\MPnumerator=\count179
\makeMPintoPDFobject=\count180
\everyMPtoPDFconversion=\toks43
)
*geometry* driver: auto-detecting
*geometry* detected driver: pdftex
*geometry* verbose mode - [ preamble ] result:
* driver: pdftex
* paper: a4paper
* layout: <same size as paper>
* layoutoffset:(h,v)=(0.0pt,0.0pt)
* modes: twoside 
* h-part:(L,W,R)=(71.13188pt, 469.47049pt, 56.9055pt)
* v-part:(T,H,B)=(71.13188pt, 702.78308pt, 71.13188pt)
* \paperwidth=597.50787pt
* \paperheight=845.04684pt
* \textwidth=469.47049pt
* \textheight=702.78308pt
* \oddsidemargin=-1.1381pt
* \evensidemargin=-15.36449pt
* \topmargin=-38.1381pt
* \headheight=15.0pt
* \headsep=25.0pt
* \topskip=11.0pt
* \footskip=30.0pt
* \marginparwidth=103.0pt
* \marginparsep=10.0pt
* \columnsep=10.0pt
* \skip\footins=10.0pt plus 4.0pt minus 2.0pt
* \hoffset=0.0pt
* \voffset=0.0pt
* \mag=1000
* \@twocolumnfalse
* \@twosidetrue
* \@mparswitchtrue
* \@reversemarginfalse
* (1in=72.27pt=25.4mm, 1cm=28.453pt)

\c@lstlisting=\count181
\AtBeginShipoutBox=\box76
Package hyperref Info: Link coloring ON on input line 318.
("C:\Program Files (x86)\MiKTeX 2.9\tex\latex\hyperref\nameref.sty"
Package: nameref 2010/04/30 v2.40 Cross-referencing by name of section

("C:\Program Files (x86)\MiKTeX 2.9\tex\latex\oberdiek\refcount.sty"
Package: refcount 2008/08/11 v3.1 Data extraction from references (HO)
)
("C:\Program Files (x86)\MiKTeX 2.9\tex\generic\oberdiek\gettitlestring.sty"
Package: gettitlestring 2009/12/18 v1.3 Cleanup title references (HO)
)
\c@section@level=\count182
)
LaTeX Info: Redefining \ref on input line 318.
LaTeX Info: Redefining \pageref on input line 318.
LaTeX Info: Redefining \nameref on input line 318.

(F:\Skripsi\doc\DokumenSkripsi\main.out)
(F:\Skripsi\doc\DokumenSkripsi\main.out)
\@outlinefile=\write5
 ABD: EveryShipout initializing macros
<Gambar/logo-unpar.png, id=294, 360.59718pt x 356.0803pt>
File: Gambar/logo-unpar.png Graphic file (type png)

<use Gambar/logo-unpar.png> [1





{C:/ProgramData/MiKTeX/2.9/pdftex/config/pdftex.map} <F:/Skripsi/doc/DokumenSkr
ipsi/Gambar/logo-unpar.png>] [2

]
File: Gambar/logo-unpar.png Graphic file (type png)

<use Gambar/logo-unpar.png> [3] [4

] [5] [6

]
LaTeX Font Info:    Try loading font information for U+msa on input line 489.

("C:\Program Files (x86)\MiKTeX 2.9\tex\latex\amsfonts\umsa.fd"
File: umsa.fd 2009/06/22 v3.00 AMS symbols A
)
LaTeX Font Info:    Try loading font information for U+msb on input line 489.

("C:\Program Files (x86)\MiKTeX 2.9\tex\latex\amsfonts\umsb.fd"
File: umsb.fd 2009/06/22 v3.00 AMS symbols B
) [7] [8

]
[9] [10

] [11] [12

] [13] [14

] (F:\Skripsi\doc\DokumenSkripsi\main.toc)
\tf@toc=\write6
 [15]
(F:\Skripsi\doc\DokumenSkripsi\main.lof)
\tf@lof=\write7
 [16]
(F:\Skripsi\doc\DokumenSkripsi\main.lot)
\tf@lot=\write8
 [17] [18

]
(F:\Skripsi\doc\DokumenSkripsi\Bab/bab1.tex
Bab 1.
LaTeX Font Info:    Try loading font information for OMS+cmr on input line 16.
("C:\Program Files (x86)\MiKTeX 2.9\tex\latex\base\omscmr.fd"
File: omscmr.fd 1999/05/25 v2.5h Standard LaTeX font definitions
)
LaTeX Font Info:    Font shape `OMS/cmr/m/n' in size <10.95> not available
(Font)              Font shape `OMS/cmsy/m/n' tried instead on input line 16.
 [1



] [2])
[3] (F:\Skripsi\doc\DokumenSkripsi\Bab/bab2.tex [4



]
Bab 2.

Package hyperref Warning: Token not allowed in a PDF string (Unicode):
(hyperref)                removing `\@ifnextchar' on input line 6.

[5] [6] <Gambar/skenario1.png, id=417, 286.82156pt x 288.3272pt>
File: Gambar/skenario1.png Graphic file (type png)

<use Gambar/skenario1.png>
File: Gambar/skenario1.png Graphic file (type png)
 <use Gambar/skenario1.png>
<Gambar/skenario2.png, id=420, 287.57437pt x 298.11375pt>
File: Gambar/skenario2.png Graphic file (type png)

<use Gambar/skenario2.png>
<Gambar/skenario3.png, id=422, 379.4175pt x 334.24875pt>
File: Gambar/skenario3.png Graphic file (type png)

<use Gambar/skenario3.png> [7] [8 <F:/Skripsi/doc/DokumenSkripsi/Gambar/skenari
o1.png (PNG copy)>] [9 <F:/Skripsi/doc/DokumenSkripsi/Gambar/skenario2.png (PNG
 copy)> <F:/Skripsi/doc/DokumenSkripsi/Gambar/skenario3.png (PNG copy)>]
<Gambar/skenario4.png, id=443, 277.78781pt x 246.9225pt>
File: Gambar/skenario4.png Graphic file (type png)

<use Gambar/skenario4.png> [10 <F:/Skripsi/doc/DokumenSkripsi/Gambar/skenario4.
png (PNG copy)>]

Package hyperref Warning: Token not allowed in a PDF string (Unicode):
(hyperref)                removing `\@ifnextchar' on input line 228.


Underfull \hbox (badness 10000) in paragraph at lines 248--249

 []

[11]
Underfull \hbox (badness 10000) in paragraph at lines 282--283

 []


Underfull \hbox (badness 10000) in paragraph at lines 319--320

 []

[12]
Underfull \hbox (badness 10000) in paragraph at lines 353--354

 []


Package hyperref Warning: Token not allowed in a PDF string (Unicode):
(hyperref)                removing `\@ifnextchar' on input line 380.

[13] [14]
LaTeX Font Info:    Try loading font information for T1+cmtt on input line 422.

 ("C:\Program Files (x86)\MiKTeX 2.9\tex\latex\base\t1cmtt.fd"
File: t1cmtt.fd 1999/05/25 v2.5h Standard LaTeX font definitions
)
Overfull \hbox (17.68916pt too wide) in paragraph at lines 439--439
 []\T1/cmtt/m/n/10.95 $results = $service->volumes->listVolumes('Henry David Th
oreau', $optParams);[] 
 []


LaTeX Warning: Citation `Markguide:2015' on page 15 undefined on input line 452
.


Package hyperref Warning: Token not allowed in a PDF string (Unicode):
(hyperref)                removing `\@ifnextchar' on input line 452.

[15]

LaTeX Warning: Citation `Markguide:2015' on page 16 undefined on input line 464
.


Package hyperref Warning: Token not allowed in a PDF string (Unicode):
(hyperref)                removing `\@ifnextchar' on input line 464.

LaTeX Font Info:    Font shape `OMS/cmr/m/n' in size <9> not available
(Font)              Font shape `OMS/cmsy/m/n' tried instead on input line 478.
<Gambar/cmct.png, id=506, 116.68594pt x 50.43843pt>
File: Gambar/cmct.png Graphic file (type png)
 <use Gambar/cmct.png>
Underfull \hbox (badness 10000) in paragraph at lines 500--501

 []

[16 <F:/Skripsi/doc/DokumenSkripsi/Gambar/cmct.png (PNG copy)>]
<Gambar/judulbab.png, id=522, 133.24782pt x 161.10187pt>
File: Gambar/judulbab.png Graphic file (type png)

<use Gambar/judulbab.png> [17 <F:/Skripsi/doc/DokumenSkripsi/Gambar/judulbab.pn
g (PNG copy)>] <Gambar/dengan.png, id=555, 82.05656pt x 42.91031pt>
File: Gambar/dengan.png Graphic file (type png)

<use Gambar/dengan.png> <Gambar/tanpa.png, id=557, 128.73094pt x 27.10126pt>
File: Gambar/tanpa.png Graphic file (type png)

<use Gambar/tanpa.png> <Gambar/para.png, id=559, 295.1025pt x 49.68562pt>
File: Gambar/para.png Graphic file (type png)

<use Gambar/para.png> [18 <F:/Skripsi/doc/DokumenSkripsi/Gambar/dengan.png (PNG
 copy)> <F:/Skripsi/doc/DokumenSkripsi/Gambar/tanpa.png (PNG copy)>]
<Gambar/gambar.png, id=585, 305.64188pt x 140.77594pt>
File: Gambar/gambar.png Graphic file (type png)
 <use Gambar/gambar.png>
<Gambar/ml.png, id=587, 87.32625pt x 58.71938pt>
File: Gambar/ml.png Graphic file (type png)
 <use Gambar/ml.png> [19 <F:/Skripsi/doc/DokumenSkripsi/Gambar/para.png (PNG co
py)> <F:/Skripsi/doc/DokumenSkripsi/Gambar/gambar.png (PNG copy)>]
<Gambar/kode.png, id=609, 668.4975pt x 80.55093pt>
File: Gambar/kode.png Graphic file (type png)
 <use Gambar/kode.png>
[20 <F:/Skripsi/doc/DokumenSkripsi/Gambar/ml.png (PNG copy)> <F:/Skripsi/doc/Do
kumenSkripsi/Gambar/kode.png (PNG copy)>]
<Gambar/kutipan.png, id=642, 332.74312pt x 50.43843pt>
File: Gambar/kutipan.png Graphic file (type png)

<use Gambar/kutipan.png> <Gambar/garis.png, id=644, 397.485pt x 88.07906pt>
File: Gambar/garis.png Graphic file (type png)

<use Gambar/garis.png> [21 <F:/Skripsi/doc/DokumenSkripsi/Gambar/kutipan.png (P
NG copy)>] <Gambar/daftartidakberurutan.png, id=680, 82.80937pt x 182.18062pt>
File: Gambar/daftartidakberurutan.png Graphic file (type png)

<use Gambar/daftartidakberurutan.png> [22 <F:/Skripsi/doc/DokumenSkripsi/Gambar
/garis.png (PNG copy)>]
<Gambar/dafarberurutan.png, id=712, 77.53969pt x 54.9553pt>
File: Gambar/dafarberurutan.png Graphic file (type png)

<use Gambar/dafarberurutan.png>

LaTeX Warning: Citation `Markdown:2015' on page 23 undefined on input line 819.



Package hyperref Warning: Token not allowed in a PDF string (Unicode):
(hyperref)                removing `\@ifnextchar' on input line 819.

[23 <F:/Skripsi/doc/DokumenSkripsi/Gambar/daftartidakberurutan.png (PNG copy)> 
<F:/Skripsi/doc/DokumenSkripsi/Gambar/dafarberurutan.png (PNG copy)>]
<Gambar/garisbawah.png, id=730, 350.81062pt x 39.89906pt>
File: Gambar/garisbawah.png Graphic file (type png)

<use Gambar/garisbawah.png> <Gambar/gfml.png, id=732, 149.8097pt x 40.65187pt>
File: Gambar/gfml.png Graphic file (type png)

<use Gambar/gfml.png> <Gambar/tc.png, id=734, 98.61844pt x 31.61812pt>
File: Gambar/tc.png Graphic file (type png)

<use Gambar/tc.png> [24 <F:/Skripsi/doc/DokumenSkripsi/Gambar/garisbawah.png (P
NG copy)> <F:/Skripsi/doc/DokumenSkripsi/Gambar/gfml.png (PNG copy)> <F:/Skrips
i/doc/DokumenSkripsi/Gambar/tc.png (PNG copy)>]
<Gambar/blokkode.png, id=750, 501.37312pt x 103.13531pt>
File: Gambar/blokkode.png Graphic file (type png)

<use Gambar/blokkode.png> <Gambar/ruby.png, id=752, 498.36188pt x 73.77562pt>
File: Gambar/ruby.png Graphic file (type png)

<use Gambar/ruby.png> <Gambar/t1.png, id=754, 215.30438pt x 82.80937pt>
File: Gambar/t1.png Graphic file (type png)

<use Gambar/t1.png> [25 <F:/Skripsi/doc/DokumenSkripsi/Gambar/blokkode.png (PNG
 copy)> <F:/Skripsi/doc/DokumenSkripsi/Gambar/ruby.png (PNG copy)>]
<Gambar/t2.png, id=783, 213.04594pt x 83.5622pt>
File: Gambar/t2.png Graphic file (type png)
 <use Gambar/t2.png>
<Gambar/t3.png, id=785, 211.54031pt x 82.80937pt>
File: Gambar/t3.png Graphic file (type png)
 <use Gambar/t3.png> [26 <F:/Skripsi/doc/DokumenSkripsi/Gambar/t1.png (PNG copy
)> <F:/Skripsi/doc/DokumenSkripsi/Gambar/t2.png (PNG copy)> <F:/Skripsi/doc/Dok
umenSkripsi/Gambar/t3.png (PNG copy)>] <Gambar/t4.png, id=805, 212.29312pt x 82
.80937pt>
File: Gambar/t4.png Graphic file (type png)
 <use Gambar/t4.png>
<Gambar/t5.png, id=807, 312.41719pt x 108.405pt>
File: Gambar/t5.png Graphic file (type png)
 <use Gambar/t5.png>

LaTeX Warning: Citation `Strapdownjs:2014' on page 27 undefined on input line 9
99.


Package hyperref Warning: Token not allowed in a PDF string (Unicode):
(hyperref)                removing `\@ifnextchar' on input line 999.


Overfull \hbox (7.43648pt too wide) in paragraph at lines 1002--1007
\T1/cmr/m/it/10.95 web-si-te\T1/cmr/m/n/10.95 . Con-toh \T1/cmr/m/it/10.95 web-
si-te \T1/cmr/m/n/10.95 yang meng-gu-nak-an stra-pdo-wn.js ada-lah ht-tp://stra
pdownjs.com/. 
 []


Overfull \hbox (1.88565pt too wide) in paragraph at lines 1008--1011
[]\T1/cmr/m/n/10.95 Untuk peng-gu-na-an Stra-pdo-wn-JS gu-nak-an sk-rip stra-pd
o-wn.js de-ngan ca-ra lang-sung meng-
 []


Underfull \hbox (badness 10000) in paragraph at lines 1012--1013

 []


Underfull \hbox (badness 10000) in paragraph at lines 1016--1017

 []


LaTeX Warning: Citation `Strapdownjs:2014' on page 27 undefined on input line 1
017.

[27 <F:/Skripsi/doc/DokumenSkripsi/Gambar/t4.png (PNG copy)> <F:/Skripsi/doc/Do
kumenSkripsi/Gambar/t5.png (PNG copy)>]

LaTeX Warning: Citation `Zurb:2015' on page 28 undefined on input line 1069.


Package hyperref Warning: Token not allowed in a PDF string (Unicode):
(hyperref)                removing `\@ifnextchar' on input line 1069.

[28]
LaTeX Font Info:    Try loading font information for U+ding on input line 1095.

 ("C:\Program Files (x86)\MiKTeX 2.9\tex\latex\bbding\uding.fd"
File: Uding.fd 1996/02/01 v1.0 BBding font definitions
)
<Gambar/grid.png, id=865, 346.29375pt x 233.37187pt>
File: Gambar/grid.png Graphic file (type png)
 <use Gambar/grid.png>

LaTeX Warning: Citation `Zurb:2015' on page 29 undefined on input line 1147.

[29] [30 <F:/Skripsi/doc/DokumenSkripsi/Gambar/grid.png (PNG copy)>]
<Gambar/gridutama.png, id=906, 737.00343pt x 236.38312pt>
File: Gambar/gridutama.png Graphic file (type png)

<use Gambar/gridutama.png>
<Gambar/gridkecil.png, id=908, 735.49782pt x 65.49469pt>
File: Gambar/gridkecil.png Graphic file (type png)

<use Gambar/gridkecil.png>

LaTeX Warning: Citation `Zurb:2015' on page 31 undefined on input line 1233.

[31 <F:/Skripsi/doc/DokumenSkripsi/Gambar/gridutama.png (PNG copy)> <F:/Skripsi
/doc/DokumenSkripsi/Gambar/gridkecil.png (PNG copy)>]
<Gambar/gridmenengah.png, id=940, 734.745pt x 67.0003pt>
File: Gambar/gridmenengah.png Graphic file (type png)

<use Gambar/gridmenengah.png>
<Gambar/gridadv.png, id=942, 709.90219pt x 83.5622pt>
File: Gambar/gridadv.png Graphic file (type png)
 <use Gambar/gridadv.png>
[32 <F:/Skripsi/doc/DokumenSkripsi/Gambar/gridmenengah.png (PNG copy)> <F:/Skri
psi/doc/DokumenSkripsi/Gambar/gridadv.png (PNG copy)>]
<Gambar/gridoffset.png, id=977, 730.98094pt x 131.74219pt>
File: Gambar/gridoffset.png Graphic file (type png)

<use Gambar/gridoffset.png>
<Gambar/gridtidaklengkap.png, id=979, 732.48656pt x 67.75313pt>
File: Gambar/gridtidaklengkap.png Graphic file (type png)

<use Gambar/gridtidaklengkap.png>

LaTeX Warning: Citation `Zurb:2015' on page 33 undefined on input line 1337.

[33 <F:/Skripsi/doc/DokumenSkripsi/Gambar/gridoffset.png (PNG copy)>]
<Gambar/gridmengempis.png, id=1020, 732.48656pt x 54.2025pt>
File: Gambar/gridmengempis.png Graphic file (type png)

<use Gambar/gridmengempis.png> [34 <F:/Skripsi/doc/DokumenSkripsi/Gambar/gridti
daklengkap.png (PNG copy)> <F:/Skripsi/doc/DokumenSkripsi/Gambar/gridmengempis.
png (PNG copy)>]
<Gambar/gridkolomberpusat.png, id=1051, 733.99219pt x 135.50626pt>
File: Gambar/gridkolomberpusat.png Graphic file (type png)

<use Gambar/gridkolomberpusat.png>
<Gambar/gridsumberterurut.png, id=1053, 730.98094pt x 167.12437pt>
File: Gambar/gridsumberterurut.png Graphic file (type png)

<use Gambar/gridsumberterurut.png>

LaTeX Warning: Citation `Zurb:2015' on page 35 undefined on input line 1426.

[35 <F:/Skripsi/doc/DokumenSkripsi/Gambar/gridkolomberpusat.png (PNG copy)>]
<Gambar/button.png, id=1089, 353.82187pt x 236.38312pt>
File: Gambar/button.png Graphic file (type png)

<use Gambar/button.png>
<Gambar/tomboldasar.png, id=1091, 121.20282pt x 45.92157pt>
File: Gambar/tomboldasar.png Graphic file (type png)

<use Gambar/tomboldasar.png> [36 <F:/Skripsi/doc/DokumenSkripsi/Gambar/gridsumb
erterurut.png (PNG copy)> <F:/Skripsi/doc/DokumenSkripsi/Gambar/button.png (PNG
 copy)> <F:/Skripsi/doc/DokumenSkripsi/Gambar/tomboldasar.png (PNG copy)>]
<Gambar/ukurantombol.png, id=1103, 372.64218pt x 196.48407pt>
File: Gambar/ukurantombol.png Graphic file (type png)

<use Gambar/ukurantombol.png>
<Gambar/warnatombol.png, id=1105, 362.10281pt x 152.06813pt>
File: Gambar/warnatombol.png Graphic file (type png)

<use Gambar/warnatombol.png>

LaTeX Warning: Citation `Zurb:2015' on page 37 undefined on input line 1496.

[37 <F:/Skripsi/doc/DokumenSkripsi/Gambar/ukurantombol.png (PNG copy)>]
<Gambar/aksesbilitastombol.png, id=1131, 374.90062pt x 60.97781pt>
File: Gambar/aksesbilitastombol.png Graphic file (type png)

<use Gambar/aksesbilitastombol.png> [38 <F:/Skripsi/doc/DokumenSkripsi/Gambar/w
arnatombol.png (PNG copy)> <F:/Skripsi/doc/DokumenSkripsi/Gambar/aksesbilitasto
mbol.png (PNG copy)>] <Gambar/tabel.png, id=1157, 710.655pt x 135.50626pt>
File: Gambar/tabel.png Graphic file (type png)

<use Gambar/tabel.png>
<Gambar/navigation.png, id=1159, 353.06906pt x 305.64188pt>
File: Gambar/navigation.png Graphic file (type png)

<use Gambar/navigation.png>

LaTeX Warning: Citation `Zurb:2015' on page 39 undefined on input line 1569.

[39 <F:/Skripsi/doc/DokumenSkripsi/Gambar/tabel.png (PNG copy)>]
<Gambar/plugin.png, id=1185, 356.0803pt x 258.9675pt>
File: Gambar/plugin.png Graphic file (type png)
 <use Gambar/plugin.png>)
[40 <F:/Skripsi/doc/DokumenSkripsi/Gambar/navigation.png (PNG copy)> <F:/Skrips
i/doc/DokumenSkripsi/Gambar/plugin.png (PNG copy)>]
(F:\Skripsi\doc\DokumenSkripsi\Bab/bab3.tex
Bab 3.

LaTeX Warning: Reference `surveikebutuhanpengguna' on page 41 undefined on inpu
t line 8.

[41



]
Underfull \hbox (badness 10000) in paragraph at lines 150--152

 []

[42] [43] <Gambar/GDC.png, id=1249, 1027.58907pt x 502.12593pt>
File: Gambar/GDC.png Graphic file (type png)

<use Gambar/GDC.png>
<Gambar/newproject.png, id=1250, 402.00188pt x 252.19218pt>
File: Gambar/newproject.png Graphic file (type png)

<use Gambar/newproject.png>
<Gambar/credentials.png, id=1251, 158.84344pt x 380.17032pt>
File: Gambar/credentials.png Graphic file (type png)

<use Gambar/credentials.png>
<Gambar/newclientid.png, id=1252, 207.02344pt x 195.73125pt>
File: Gambar/newclientid.png Graphic file (type png)

<use Gambar/newclientid.png>
<Gambar/tipeaplikasi.png, id=1253, 402.75468pt x 482.55281pt>
File: Gambar/tipeaplikasi.png Graphic file (type png)

<use Gambar/tipeaplikasi.png>
<Gambar/tipeaplikasisudahdiisi.png, id=1254, 368.87813pt x 374.90062pt>
File: Gambar/tipeaplikasisudahdiisi.png Graphic file (type png)

<use Gambar/tipeaplikasisudahdiisi.png>
<Gambar/clientid.png, id=1255, 627.09282pt x 255.95625pt>
File: Gambar/clientid.png Graphic file (type png)

<use Gambar/clientid.png>
<Gambar/izinpengguna.png, id=1256, 315.42844pt x 385.44pt>
File: Gambar/izinpengguna.png Graphic file (type png)

<use Gambar/izinpengguna.png>
<Gambar/skenarioaplikasisirm.png, id=1259, 332.74312pt x 288.3272pt>
File: Gambar/skenarioaplikasisirm.png Graphic file (type png)

<use Gambar/skenarioaplikasisirm.png> [44] [45 <F:/Skripsi/doc/DokumenSkripsi/G
ambar/GDC.png (PNG copy)> <F:/Skripsi/doc/DokumenSkripsi/Gambar/newproject.png 
(PNG copy)> <F:/Skripsi/doc/DokumenSkripsi/Gambar/credentials.png (PNG copy)>]
[46 <F:/Skripsi/doc/DokumenSkripsi/Gambar/newclientid.png (PNG copy)> <F:/Skrip
si/doc/DokumenSkripsi/Gambar/tipeaplikasi.png (PNG copy)> <F:/Skripsi/doc/Dokum
enSkripsi/Gambar/tipeaplikasisudahdiisi.png (PNG copy)>] [47 <F:/Skripsi/doc/Do
kumenSkripsi/Gambar/clientid.png (PNG copy)>]
<Gambar/cetaktebal.png, id=1304, 137.01187pt x 41.4047pt>
File: Gambar/cetaktebal.png Graphic file (type png)

<use Gambar/cetaktebal.png>
<Gambar/judul.png, id=1305, 161.10187pt x 219.06844pt>
File: Gambar/judul.png Graphic file (type png)
 <use Gambar/judul.png>
<Gambar/batasbaris.png, id=1306, 166.37157pt x 79.04532pt>
File: Gambar/batasbaris.png Graphic file (type png)

<use Gambar/batasbaris.png>
<Gambar/paragraf.png, id=1307, 785.93625pt x 58.71938pt>
File: Gambar/paragraf.png Graphic file (type png)

<use Gambar/paragraf.png> <Gambar/link.png, id=1308, 357.58594pt x 33.87656pt>
File: Gambar/link.png Graphic file (type png)

<use Gambar/link.png> <Gambar/daftar.png, id=1309, 235.63031pt x 76.03406pt>
File: Gambar/daftar.png Graphic file (type png)

<use Gambar/daftar.png> [48 <F:/Skripsi/doc/DokumenSkripsi/Gambar/izinpengguna.
png (PNG copy)>] <Gambar/overall.png, id=1333, 908.64468pt x 343.2825pt>
File: Gambar/overall.png Graphic file (type png)

<use Gambar/overall.png> [49 <F:/Skripsi/doc/DokumenSkripsi/Gambar/skenarioapli
kasisirm.png>] [50 <F:/Skripsi/doc/DokumenSkripsi/Gambar/cetaktebal.png (PNG co
py)> <F:/Skripsi/doc/DokumenSkripsi/Gambar/judul.png (PNG copy)> <F:/Skripsi/do
c/DokumenSkripsi/Gambar/batasbaris.png (PNG copy)> <F:/Skripsi/doc/DokumenSkrip
si/Gambar/paragraf.png (PNG copy)> <F:/Skripsi/doc/DokumenSkripsi/Gambar/link.p
ng (PNG copy)> <F:/Skripsi/doc/DokumenSkripsi/Gambar/daftar.png (PNG copy)>]
[51 <F:/Skripsi/doc/DokumenSkripsi/Gambar/overall.png (PNG copy)>] [52]
<Gambar/contohzurb.png, id=1439, 779.16093pt x 319.94531pt>
File: Gambar/contohzurb.png Graphic file (type png)

<use Gambar/contohzurb.png> [53]
<Gambar/usecase.png, id=1491, 353.82187pt x 396.7322pt>
File: Gambar/usecase.png Graphic file (type png)

<use Gambar/usecase.png> [54 <F:/Skripsi/doc/DokumenSkripsi/Gambar/contohzurb.p
ng (PNG copy)> <F:/Skripsi/doc/DokumenSkripsi/Gambar/usecase.png (PNG copy)>]
Overfull \hbox (3.99211pt too wide) in paragraph at lines 615--615
[]|\T1/cmr/m/n/10.95 Deskripsi| 
 []


Underfull \hbox (badness 10000) in paragraph at lines 616--616
[]|\T1/cmr/m/n/10.95 Kondisi
 []


Underfull \hbox (badness 10000) in paragraph at lines 617--617
[]|\T1/cmr/m/n/10.95 Kondisi
 []


Overfull \hbox (0.69548pt too wide) in paragraph at lines 619--619
[]\T1/cmr/m/n/10.95 Skenario
 []


Overfull \hbox (2.22406pt too wide) in paragraph at lines 619--619
[]|\T1/cmr/m/n/10.95 No| 
 []


Underfull \hbox (badness 10000) in paragraph at lines 622--622
[]|\T1/cmr/m/n/10.95 Pengguna me-la-kuk-an
 []


Underfull \hbox (badness 5741) in paragraph at lines 623--623
\T1/cmr/m/n/10.95 an per-ta-nya-an un-tuk
 []


Underfull \hbox (badness 3601) in paragraph at lines 624--624
[]|\T1/cmr/m/n/10.95 Pengguna mem-be-rik-an
 []


Underfull \hbox (badness 10000) in paragraph at lines 625--625
[]|\T1/cmr/m/n/10.95 Aplilasi men-da-patk-an
 []


Overfull \hbox (3.99211pt too wide) in paragraph at lines 642--642
[]|\T1/cmr/m/n/10.95 Deskripsi| 
 []


Underfull \hbox (badness 10000) in paragraph at lines 644--644
[]|\T1/cmr/m/n/10.95 Kondisi
 []


Underfull \hbox (badness 10000) in paragraph at lines 646--646
[]|\T1/cmr/m/n/10.95 Kondisi
 []


Overfull \hbox (0.69548pt too wide) in paragraph at lines 647--647
[]\T1/cmr/m/n/10.95 Skenario
 []


Overfull \hbox (2.22406pt too wide) in paragraph at lines 647--647
[]|\T1/cmr/m/n/10.95 No| 
 []


Underfull \hbox (badness 10000) in paragraph at lines 650--650
[]|\T1/cmr/m/n/10.95 Pengguna men-ca-ri
 []


Underfull \hbox (badness 10000) in paragraph at lines 652--652
[]|\T1/cmr/m/n/10.95 Pengguna meng-klik
 []


Underfull \hbox (badness 1072) in paragraph at lines 652--652
\T1/cmr/m/n/10.95 NPM ma-ha-sis-wa yang
 []


Overfull \hbox (3.99211pt too wide) in paragraph at lines 669--669
[]|\T1/cmr/m/n/10.95 Deskripsi| 
 []


Underfull \hbox (badness 10000) in paragraph at lines 670--670
[]|\T1/cmr/m/n/10.95 Kondisi
 []


Underfull \hbox (badness 10000) in paragraph at lines 672--672
[]|\T1/cmr/m/n/10.95 Kondisi
 []


Overfull \hbox (0.69548pt too wide) in paragraph at lines 675--675
[]\T1/cmr/m/n/10.95 Skenario
 []


Overfull \hbox (2.22406pt too wide) in paragraph at lines 675--675
[]|\T1/cmr/m/n/10.95 No| 
 []


Overfull \hbox (3.99211pt too wide) in paragraph at lines 695--695
[]|\T1/cmr/m/n/10.95 Deskripsi| 
 []


Underfull \hbox (badness 10000) in paragraph at lines 697--697
[]|\T1/cmr/m/n/10.95 Kondisi
 []


Underfull \hbox (badness 10000) in paragraph at lines 699--699
[]|\T1/cmr/m/n/10.95 Kondisi
 []


Overfull \hbox (0.69548pt too wide) in paragraph at lines 701--701
[]\T1/cmr/m/n/10.95 Skenario
 []


Overfull \hbox (2.22406pt too wide) in paragraph at lines 701--701
[]|\T1/cmr/m/n/10.95 No| 
 []


Underfull \hbox (badness 10000) in paragraph at lines 705--705
[]|\T1/cmr/m/n/10.95 Sistem me-nam-pilk-an
 []


Underfull \hbox (badness 10000) in paragraph at lines 706--706
[]|\T1/cmr/m/n/10.95 Pengguna me-nyimp-an
 []


Underfull \hbox (badness 4967) in paragraph at lines 707--707
[]|\T1/cmr/m/n/10.95 Sistem ak-an me-rek-an
 []

[55]
Overfull \hbox (3.99211pt too wide) in paragraph at lines 724--724
[]|\T1/cmr/m/n/10.95 Deskripsi| 
 []


Underfull \hbox (badness 10000) in paragraph at lines 726--726
[]|\T1/cmr/m/n/10.95 Kondisi
 []


Underfull \hbox (badness 10000) in paragraph at lines 728--728
[]|\T1/cmr/m/n/10.95 Kondisi
 []


Overfull \hbox (0.69548pt too wide) in paragraph at lines 730--730
[]\T1/cmr/m/n/10.95 Skenario
 []


Overfull \hbox (2.22406pt too wide) in paragraph at lines 730--730
[]|\T1/cmr/m/n/10.95 No| 
 []


Underfull \hbox (badness 2435) in paragraph at lines 733--733
[]|\T1/cmr/m/n/10.95 Pengguna me-li-hat log
 []


Underfull \hbox (badness 6859) in paragraph at lines 734--734
[]|\T1/cmr/m/n/10.95 Sistem ak-an me-nam-
 []


Overfull \hbox (3.99211pt too wide) in paragraph at lines 750--750
[]|\T1/cmr/m/n/10.95 Deskripsi| 
 []


Underfull \hbox (badness 10000) in paragraph at lines 752--752
[]|\T1/cmr/m/n/10.95 Kondisi
 []


Underfull \hbox (badness 10000) in paragraph at lines 754--754
[]|\T1/cmr/m/n/10.95 Kondisi
 []


Overfull \hbox (0.69548pt too wide) in paragraph at lines 756--756
[]\T1/cmr/m/n/10.95 Skenario
 []


Overfull \hbox (2.22406pt too wide) in paragraph at lines 756--756
[]|\T1/cmr/m/n/10.95 No| 
 []


Underfull \hbox (badness 10000) in paragraph at lines 760--760
[]|\T1/cmr/m/n/10.95 Sistem me-nam-pilk-an
 []


Underfull \hbox (badness 10000) in paragraph at lines 761--761
[]|\T1/cmr/m/n/10.95 Pengguna me-nyimp-an
 []


Underfull \hbox (badness 2293) in paragraph at lines 763--763
[]|\T1/cmr/m/n/10.95 Sistem ak-an me-re-kam
 []


Underfull \hbox (badness 5374) in paragraph at lines 763--763
\T1/cmr/m/n/10.95 in-put-an peng-gu-na ke
 []

<Gambar/ERD.png, id=1514, 970.3753pt x 326.72063pt>
File: Gambar/ERD.png Graphic file (type png)
 <use Gambar/ERD.png>
[56] <Gambar/datacontextdiagram.png, id=1524, 368.1253pt x 306.39468pt>
File: Gambar/datacontextdiagram.png Graphic file (type png)

<use Gambar/datacontextdiagram.png>
<Gambar/dfdl1.png, id=1526, 820.56563pt x 463.7325pt>
File: Gambar/dfdl1.png Graphic file (type png)
 <use Gambar/dfdl1.png>
[57] [58 <F:/Skripsi/doc/DokumenSkripsi/Gambar/ERD.png>] [59 <F:/Skripsi/doc/Do
kumenSkripsi/Gambar/datacontextdiagram.png> <F:/Skripsi/doc/DokumenSkripsi/Gamb
ar/dfdl1.png>]) [60] (F:\Skripsi\doc\DokumenSkripsi\Bab/bab4.tex
Bab 4.
<Gambar/halamanawal.png, id=1551, 451.6875pt x 202.50656pt>
File: Gambar/halamanawal.png Graphic file (type png)

<use Gambar/halamanawal.png>
<Gambar/pilihmahasiswa.png, id=1553, 447.92343pt x 171.64125pt>
File: Gambar/pilihmahasiswa.png Graphic file (type png)

<use Gambar/pilihmahasiswa.png> [61



 <F:/Skripsi/doc/DokumenSkripsi/Gambar/halamanawal.png (PNG copy)>]
<Gambar/infomahasiswa.png, id=1564, 438.13687pt x 246.1697pt>
File: Gambar/infomahasiswa.png Graphic file (type png)

<use Gambar/infomahasiswa.png> [62 <F:/Skripsi/doc/DokumenSkripsi/Gambar/pilihm
ahasiswa.png (PNG copy)> <F:/Skripsi/doc/DokumenSkripsi/Gambar/infomahasiswa.pn
g (PNG copy)>] <Gambar/editmahasiswa.png, id=1575, 434.37282pt x 225.09094pt>
File: Gambar/editmahasiswa.png Graphic file (type png)

<use Gambar/editmahasiswa.png>
<Gambar/lihathistori.png, id=1577, 435.12563pt x 170.13562pt>
File: Gambar/lihathistori.png Graphic file (type png)

<use Gambar/lihathistori.png>
<Gambar/lihatversiini.png, id=1579, 433.62pt x 168.63pt>
File: Gambar/lihatversiini.png Graphic file (type png)

<use Gambar/lihatversiini.png> [63 <F:/Skripsi/doc/DokumenSkripsi/Gambar/editma
hasiswa.png (PNG copy)>]
<Gambar/entribaru.png, id=1597, 441.14813pt x 254.45062pt>
File: Gambar/entribaru.png Graphic file (type png)

<use Gambar/entribaru.png> [64 <F:/Skripsi/doc/DokumenSkripsi/Gambar/lihathisto
ri.png (PNG copy)> <F:/Skripsi/doc/DokumenSkripsi/Gambar/lihatversiini.png (PNG
 copy)>]
Underfull \hbox (badness 3482) in paragraph at lines 188--190
[]|\T1/cmr/m/n/10.95 Pengguna me-ma-sukk-an \T1/cmr/m/it/10.95 user-na-me \T1/c
mr/m/n/10.95 dan
 []

[65 <F:/Skripsi/doc/DokumenSkripsi/Gambar/entribaru.png (PNG copy)>]
Underfull \hbox (badness 2073) in paragraph at lines 311--315
\T1/cmr/m/n/10.95 ke-te-rang-an ma-ha-sis-wa pa-da teks area
 []

<Gambar/diagramrelasional.png, id=1623, 477.28313pt x 146.04562pt>
File: Gambar/diagramrelasional.png Graphic file (type png)

<use Gambar/diagramrelasional.png>
Overfull \hbox (7.81146pt too wide) in paragraph at lines 326--327
 [][] 
 []

[66]
Overfull \hbox (1.5397pt too wide) in paragraph at lines 344--344
[]|\T1/cmr/m/n/10.95 Ukuran| 
 []


Overfull \hbox (5.02066pt too wide) in paragraph at lines 344--344
[]|\T1/cmr/m/n/10.95 Primary
 []


Overfull \hbox (1.09167pt too wide) in paragraph at lines 344--344
[]|\T1/cmr/m/n/10.95 Foreign
 []

[67 <F:/Skripsi/doc/DokumenSkripsi/Gambar/diagramrelasional.png>]
Overfull \hbox (1.5397pt too wide) in paragraph at lines 367--367
[]|\T1/cmr/m/n/10.95 Ukuran| 
 []


Overfull \hbox (5.02066pt too wide) in paragraph at lines 367--367
[]|\T1/cmr/m/n/10.95 Primary
 []


Overfull \hbox (1.09167pt too wide) in paragraph at lines 367--367
[]|\T1/cmr/m/n/10.95 Foreign
 []

) [68] (F:\Skripsi\doc\DokumenSkripsi\Bab/bab5.tex
Bab 5.
[69



]

LaTeX Warning: Reference `kode_program' on page 70 undefined on input line 43.


LaTeX Warning: Reference `kode_program_pengujian' on page 70 undefined on input
 line 85.

[70]
Overfull \hbox (32.67386pt too wide) in paragraph at lines 123--124
\T1/cmr/m/n/10.95 bar [][]5.1[][]. La-lu peng-gu-na me-la-kuk-an lo-gin meng-gu
-nak-an ema-il "7310013@su-dent.unpar.ac.id"
 []

[71] [72] <Gambar/pengujian1.png, id=1722, 1026.08344pt x 291.33844pt>
File: Gambar/pengujian1.png Graphic file (type png)

<use Gambar/pengujian1.png>
<Gambar/pengujian2.png, id=1723, 395.97937pt x 394.47375pt>
File: Gambar/pengujian2.png Graphic file (type png)

<use Gambar/pengujian2.png> [73 <F:/Skripsi/doc/DokumenSkripsi/Gambar/pengujian
1.png (PNG copy)>] <Gambar/pengujian3.png, id=1738, 457.71pt x 316.93407pt>
File: Gambar/pengujian3.png Graphic file (type png)

<use Gambar/pengujian3.png>
<Gambar/pengujian4.png, id=1739, 339.51843pt x 423.83344pt>
File: Gambar/pengujian4.png Graphic file (type png)

<use Gambar/pengujian4.png>
<Gambar/pengujian5.png, id=1740, 1027.58907pt x 338.01282pt>
File: Gambar/pengujian5.png Graphic file (type png)

<use Gambar/pengujian5.png> [74 <F:/Skripsi/doc/DokumenSkripsi/Gambar/pengujian
2.png (PNG copy)> <F:/Skripsi/doc/DokumenSkripsi/Gambar/pengujian3.png (PNG cop
y)> <F:/Skripsi/doc/DokumenSkripsi/Gambar/pengujian4.png (PNG copy)>]
<Gambar/pengujian6.png, id=1745, 347.04657pt x 447.92343pt>
File: Gambar/pengujian6.png Graphic file (type png)

<use Gambar/pengujian6.png>
<Gambar/pengujian7.png, id=1746, 417.05812pt x 207.77625pt>
File: Gambar/pengujian7.png Graphic file (type png)

<use Gambar/pengujian7.png>
<Gambar/pengujian8.png, id=1747, 898.10532pt x 484.05844pt>
File: Gambar/pengujian8.png Graphic file (type png)

<use Gambar/pengujian8.png> [75 <F:/Skripsi/doc/DokumenSkripsi/Gambar/pengujian
5.png (PNG copy)> <F:/Skripsi/doc/DokumenSkripsi/Gambar/pengujian6.png (PNG cop
y)> <F:/Skripsi/doc/DokumenSkripsi/Gambar/pengujian7.png (PNG copy)>]
<Gambar/pengujian9.png, id=1752, 706.89093pt x 354.57469pt>
File: Gambar/pengujian9.png Graphic file (type png)

<use Gambar/pengujian9.png>
<Gambar/pengujian10.png, id=1753, 762.59906pt x 383.18156pt>
File: Gambar/pengujian10.png Graphic file (type png)

<use Gambar/pengujian10.png>
<Gambar/pengujian11.png, id=1754, 782.17218pt x 361.35pt>
File: Gambar/pengujian11.png Graphic file (type png)

<use Gambar/pengujian11.png> [76 <F:/Skripsi/doc/DokumenSkripsi/Gambar/pengujia
n8.png (PNG copy)> <F:/Skripsi/doc/DokumenSkripsi/Gambar/pengujian9.png (PNG co
py)> <F:/Skripsi/doc/DokumenSkripsi/Gambar/pengujian10.png (PNG copy)>]
<Gambar/pengujian12.png, id=1759, 677.53125pt x 240.9pt>
File: Gambar/pengujian12.png Graphic file (type png)

<use Gambar/pengujian12.png>
<Gambar/pengujian13.png, id=1760, 683.55376pt x 277.78781pt>
File: Gambar/pengujian13.png Graphic file (type png)

<use Gambar/pengujian13.png>
<Gambar/pengujian14.png, id=1761, 770.12718pt x 446.41782pt>
File: Gambar/pengujian14.png Graphic file (type png)

<use Gambar/pengujian14.png> [77 <F:/Skripsi/doc/DokumenSkripsi/Gambar/pengujia
n11.png (PNG copy)> <F:/Skripsi/doc/DokumenSkripsi/Gambar/pengujian12.png> <F:/
Skripsi/doc/DokumenSkripsi/Gambar/pengujian13.png>]
<Gambar/pengujian15.png, id=1768, 761.09344pt x 432.86719pt>
File: Gambar/pengujian15.png Graphic file (type png)

<use Gambar/pengujian15.png>
<Gambar/pengujian16.png, id=1769, 785.18344pt x 351.56343pt>
File: Gambar/pengujian16.png Graphic file (type png)

<use Gambar/pengujian16.png> [78 <F:/Skripsi/doc/DokumenSkripsi/Gambar/pengujia
n14.png (PNG copy)> <F:/Skripsi/doc/DokumenSkripsi/Gambar/pengujian15.png (PNG 
copy)>] <Gambar/pengujian17.png, id=1774, 339.51843pt x 544.28343pt>
File: Gambar/pengujian17.png Graphic file (type png)

<use Gambar/pengujian17.png>
<Gambar/pengujian18.png, id=1775, 342.5297pt x 547.2947pt>
File: Gambar/pengujian18.png Graphic file (type png)

<use Gambar/pengujian18.png> [79 <F:/Skripsi/doc/DokumenSkripsi/Gambar/pengujia
n16.png (PNG copy)> <F:/Skripsi/doc/DokumenSkripsi/Gambar/pengujian17.png>]
<Gambar/pengujian19.png, id=1782, 339.51843pt x 547.2947pt>
File: Gambar/pengujian19.png Graphic file (type png)

<use Gambar/pengujian19.png>) [80 <F:/Skripsi/doc/DokumenSkripsi/Gambar/penguji
an18.png> <F:/Skripsi/doc/DokumenSkripsi/Gambar/pengujian19.png>]
(F:\Skripsi\doc\DokumenSkripsi\Bab/bab6.tex
Bab 6.
) [81



] (F:\Skripsi\doc\DokumenSkripsi\Bab/bab7.tex)
(F:\Skripsi\doc\DokumenSkripsi\Bab/bab8.tex)
(F:\Skripsi\doc\DokumenSkripsi\Bab/bab9.tex)
(F:\Skripsi\doc\DokumenSkripsi\main.bbl [82








]
Overfull \hbox (41.60664pt too wide) in paragraph at lines 9--11
[]\T1/cmr/m/n/10.95 Google, Inc, \T1/cmr/m/it/10.95 Go-o-gle Iden-ti-ty Pla-tfo
rm\T1/cmr/m/n/10.95 .  ht-tps://developers.google.com/accounts/docs/OAuth2,
 []

! Missing $ inserted.
<inserted text> 
                $
l.19 ...ogle.com/api-client-library/php/start/get_
                                                  started, 2015.
? 
! Missing $ inserted.
<inserted text> 
                $
l.20 
     
? 
! Missing } inserted.
<inserted text> 
                }
l.20 
     
? Q
OK, entering \batchmode...
! Extra }, or forgotten \endgroup.
\par ...m \@noitemerr {\@@par }\fi \else {\@@par }
                                                  \fi 
l.20 
     
I've deleted a group-closing symbol because it seems to be
spurious, as in `$x}$'. But perhaps the } is legitimate and
you forgot something else, as in `\hbox{$x}'. In such cases
the way to recover is to insert both the forgotten and the
deleted material, e.g., by typing `I$}'.


Underfull \hbox (badness 1383) in paragraph at lines 26--28
[]\T1/cmr/m/n/10.95 GitHub, Inc, \T1/cmr/m/it/10.95 Gi-tHub Fla-vo-red Mar-kdo-
wn\T1/cmr/m/n/10.95 .  https://help.github.com/articles/github-flavored-
 []

) [83] (F:\Skripsi\doc\DokumenSkripsi\Lampiran/lampA.tex [84


]
Lampiran A.

("C:\Program Files (x86)\MiKTeX 2.9\tex\latex\listings\lstlang1.sty"
File: lstlang1.sty 2014/09/06 1.5e listings language file
)
("C:\Program Files (x86)\MiKTeX 2.9\tex\latex\listings\lstlang2.sty"
File: lstlang2.sty 2014/09/06 1.5e listings language file
) [85] [86]
LaTeX Font Info:    Font shape `OMS/cmr/m/n' in size <6> not available
(Font)              Font shape `OMS/cmsy/m/n' tried instead on input line 183.
 [87] [88] [89] [90]) [91] (F:\Skripsi\doc\DokumenSkripsi\Lampiran/lampB.tex [9
2



]
Lampiran B.
 [93] [94] [95] [96] [97] [98]) [99] (F:\Skripsi\doc\DokumenSkripsi\Lampiran/la
mpC.tex [100



]
Lampiran C.
) [101] (F:\Skripsi\doc\DokumenSkripsi\Lampiran/lampD.tex [102



]
Lampiran D.
) [103] (F:\Skripsi\doc\DokumenSkripsi\Lampiran/lampE.tex) (F:\Skripsi\doc\Doku
menSkripsi\Lampiran/lampF.tex) (F:\Skripsi\doc\DokumenSkripsi\Lampiran/lampG.te
x) (F:\Skripsi\doc\DokumenSkripsi\Lampiran/lampH.tex) (F:\Skripsi\doc\DokumenSk
ripsi\Lampiran/lampI.tex)

! LaTeX Error: \begin{itemize} on input line 419 ended by \end{document}.

See the LaTeX manual or LaTeX Companion for explanation.
Type  H <return>  for immediate help.
 ...                                              
                                                  
l.529 \end{document}
                    
Your command was ignored.
Type  I <command> <return>  to replace it with another command,
or  <return>  to continue without it.

Package atveryend Info: Empty hook `BeforeClearDocument' on input line 529.
Package atveryend Info: Empty hook `AfterLastShipout' on input line 529.
 (F:\Skripsi\doc\DokumenSkripsi\main.aux (F:\Skripsi\doc\DokumenSkripsi\Bab/bab
1.aux) (F:\Skripsi\doc\DokumenSkripsi\Bab/bab2.aux) (F:\Skripsi\doc\DokumenSkri
psi\Bab/bab3.aux) (F:\Skripsi\doc\DokumenSkripsi\Bab/bab4.aux) (F:\Skripsi\doc\
DokumenSkripsi\Bab/bab5.aux) (F:\Skripsi\doc\DokumenSkripsi\Bab/bab6.aux) (F:\S
kripsi\doc\DokumenSkripsi\Bab/bab7.aux) (F:\Skripsi\doc\DokumenSkripsi\Bab/bab8
.aux) (F:\Skripsi\doc\DokumenSkripsi\Bab/bab9.aux) (F:\Skripsi\doc\DokumenSkrip
si\Lampiran/lampA.aux) (F:\Skripsi\doc\DokumenSkripsi\Lampiran/lampB.aux) (F:\S
kripsi\doc\DokumenSkripsi\Lampiran/lampC.aux) (F:\Skripsi\doc\DokumenSkripsi\La
mpiran/lampD.aux) (F:\Skripsi\doc\DokumenSkripsi\Lampiran/lampE.aux) (F:\Skrips
i\doc\DokumenSkripsi\Lampiran/lampF.aux) (F:\Skripsi\doc\DokumenSkripsi\Lampira
n/lampG.aux) (F:\Skripsi\doc\DokumenSkripsi\Lampiran/lampH.aux) (F:\Skripsi\doc
\DokumenSkripsi\Lampiran/lampI.aux))
Package atveryend Info: Executing hook `AtVeryEndDocument' on input line 529.

Package rerunfilecheck Warning: File `main.out' has changed.
(rerunfilecheck)                Rerun to get outlines right
(rerunfilecheck)                or use package `bookmark'.

Package rerunfilecheck Info: Checksums for `main.out':
(rerunfilecheck)             Before: 0B6B290D01E69732427262F534FF3283;12993
(rerunfilecheck)             After:  6A9171636DC2EE7A9576B6AD555835DA;13820.

LaTeX Warning: There were undefined references.


LaTeX Warning: Label(s) may have changed. Rerun to get cross-references right.

 )
(\end occurred inside a group at level 2)

### semi simple group (level 2) entered at line 419 (\begingroup)
### semi simple group (level 1) entered at line 391 (\begingroup)
### bottom level 
Here is how much of TeX's memory you used:
 26291 strings out of 494019
 453869 string characters out of 3143879
 1384947 words of memory out of 3000000
 26651 multiletter control sequences out of 15000+200000
 23606 words of font info for 60 fonts, out of 3000000 for 9000
 718 hyphenation exceptions out of 8191
 59i,14n,56p,1606b,3298s stack positions out of 5000i,500n,10000p,200000b,50000s
 <C:\Users\herman\AppData\Local\MiKTeX\2.9\fonts\pk\ljfour\jkna
ppen\ec\dpi600\ecbx0600.pk> <C:\Users\herman\AppData\Local\MiKTeX\2.9\fonts\pk\
ljfour\jknappen\ec\dpi600\ecti1000.pk> <C:\Users\herman\AppData\Local\MiKTeX\2.
9\fonts\pk\ljfour\public\bbding\dpi657\bbding10.pk> <C:\Users\herman\AppData\Lo
cal\MiKTeX\2.9\fonts\pk\ljfour\jknappen\ec\dpi600\ecbx1000.pk> <C:\Users\herman
\AppData\Local\MiKTeX\2.9\fonts\pk\ljfour\jknappen\ec\dpi600\ectt1095.pk> <C:\U
sers\herman\AppData\Local\MiKTeX\2.9\fonts\pk\ljfour\jknappen\ec\dpi600\ecti120
0.pk> <C:\Users\herman\AppData\Local\MiKTeX\2.9\fonts\pk\ljfour\jknappen\ec\dpi
600\ecrm0900.pk> <C:\Users\herman\AppData\Local\MiKTeX\2.9\fonts\pk\ljfour\jkna
ppen\ec\dpi600\ecrm0600.pk> <C:\Users\herman\AppData\Local\MiKTeX\2.9\fonts\pk\
ljfour\jknappen\ec\dpi600\ecrm0800.pk> <C:\Users\herman\AppData\Local\MiKTeX\2.
9\fonts\pk\ljfour\jknappen\ec\dpi600\ecti1095.pk> <C:\Users\herman\AppData\Loca
l\MiKTeX\2.9\fonts\pk\ljfour\jknappen\ec\dpi600\eccc1000.pk> <C:\Users\herman\A
ppData\Local\MiKTeX\2.9\fonts\pk\ljfour\jknappen\ec\dpi600\ecti1440.pk> <C:\Use
rs\herman\AppData\Local\MiKTeX\2.9\fonts\pk\ljfour\jknappen\ec\dpi600\ecbx1095.
pk> <C:\Users\herman\AppData\Local\MiKTeX\2.9\fonts\pk\ljfour\jknappen\ec\dpi60
0\ecrm1095.pk> <C:\Users\herman\AppData\Local\MiKTeX\2.9\fonts\pk\ljfour\jknapp
en\ec\dpi600\ecbx1200.pk> <C:\Users\herman\AppData\Local\MiKTeX\2.9\fonts\pk\lj
four\jknappen\ec\dpi600\ecbx1440.pk><C:/Program Files (x86)/MiKTeX 2.9/fonts/ty
pe1/public/amsfonts/cm/cmmi10.pfb><C:/Program Files (x86)/MiKTeX 2.9/fonts/type
1/public/amsfonts/cm/cmmi8.pfb><C:/Program Files (x86)/MiKTeX 2.9/fonts/type1/p
ublic/amsfonts/cm/cmr10.pfb><C:/Program Files (x86)/MiKTeX 2.9/fonts/type1/publ
ic/amsfonts/cm/cmsy10.pfb><C:/Program Files (x86)/MiKTeX 2.9/fonts/type1/public
/amsfonts/cm/cmsy6.pfb><C:/Program Files (x86)/MiKTeX 2.9/fonts/type1/public/am
sfonts/cm/cmsy9.pfb><C:/Program Files (x86)/MiKTeX 2.9/fonts/type1/public/amsfo
nts/symbols/msam10.pfb>
Output written on main.pdf (121 pages, 2432096 bytes).
PDF statistics:
 4271 PDF objects out of 4296 (max. 8388607)
 2243 named destinations out of 2487 (max. 500000)
 1054 words of extra memory for PDF output out of 10000 (max. 10000000)

