This is pdfTeX, Version 3.1415926-1.40.11 (MiKTeX 2.9) (preloaded format=pdflatex 2015.5.5)  5 MAY 2015 08:16
entering extended mode
**main.tex
("E:\Skripsi\Skripsi\doc\Dokumen Skripsi\main.tex"
LaTeX2e <2009/09/24>
Babel <v3.8l> and hyphenation patterns for english, afrikaans, ancientgreek, ar
abic, armenian, assamese, basque, bengali, bokmal, bulgarian, catalan, coptic, 
croatian, czech, danish, dutch, esperanto, estonian, farsi, finnish, french, ga
lician, german, german-x-2009-06-19, greek, gujarati, hindi, hungarian, iceland
ic, indonesian, interlingua, irish, italian, kannada, kurmanji, lao, latin, lat
vian, lithuanian, malayalam, marathi, mongolian, mongolianlmc, monogreek, ngerm
an, ngerman-x-2009-06-19, nynorsk, oriya, panjabi, pinyin, polish, portuguese, 
romanian, russian, sanskrit, serbian, slovak, slovenian, spanish, swedish, swis
sgerman, tamil, telugu, turkish, turkmen, ukenglish, ukrainian, uppersorbian, u
senglishmax, welsh, loaded.
("C:\Program Files (x86)\MiKTeX 2.9\tex\latex\base\report.cls"
Document Class: report 2007/10/19 v1.4h Standard LaTeX document class
("C:\Program Files (x86)\MiKTeX 2.9\tex\latex\base\size11.clo"
File: size11.clo 2007/10/19 v1.4h Standard LaTeX file (size option)
)
\c@part=\count79
\c@chapter=\count80
\c@section=\count81
\c@subsection=\count82
\c@subsubsection=\count83
\c@paragraph=\count84
\c@subparagraph=\count85
\c@figure=\count86
\c@table=\count87
\abovecaptionskip=\skip41
\belowcaptionskip=\skip42
\bibindent=\dimen102
)
("C:\Program Files (x86)\MiKTeX 2.9\tex\generic\babel\babel.sty"
Package: babel 2008/07/06 v3.8l The Babel package

*************************************
* Local config file bblopts.cfg used
*
("C:\Program Files (x86)\MiKTeX 2.9\tex\latex\00miktex\bblopts.cfg"
File: bblopts.cfg 2006/07/31 v1.0 MiKTeX 'babel' configuration
)
("C:\Program Files (x86)\MiKTeX 2.9\tex\generic\babel\bahasai.ldf"
Language: bahasa 2008/03/15 v1.0l Bahasa Indonesia support from the babel syste
m

("C:\Program Files (x86)\MiKTeX 2.9\tex\generic\babel\babel.def"
File: babel.def 2008/07/06 v3.8l Babel common definitions
\babel@savecnt=\count88
\U@D=\dimen103
)))
("C:\Program Files (x86)\MiKTeX 2.9\tex\latex\base\fontenc.sty"
Package: fontenc 2005/09/27 v1.99g Standard LaTeX package

("C:\Program Files (x86)\MiKTeX 2.9\tex\latex\base\t1enc.def"
File: t1enc.def 2005/09/27 v1.99g Standard LaTeX file
LaTeX Font Info:    Redeclaring font encoding T1 on input line 43.
))
("C:\Program Files (x86)\MiKTeX 2.9\tex\latex\abstract\abstract.sty"
Package: abstract 2009/06/08 v1.2a configurable abstracts
\abstitleskip=\skip43
\absleftindent=\skip44
\absrightindent=\skip45
\absparindent=\skip46
\absparsep=\skip47
)
("C:\Program Files (x86)\MiKTeX 2.9\tex\latex\chappg\chappg.sty"
Package: chappg 2006/05/09 v2.1b page numbering by chapter number pages by chap
ter (or other unit)
)
("C:\Program Files (x86)\MiKTeX 2.9\tex\latex\graphics\color.sty"
Package: color 2005/11/14 v1.0j Standard LaTeX Color (DPC)

("C:\Program Files (x86)\MiKTeX 2.9\tex\latex\00miktex\color.cfg"
File: color.cfg 2007/01/18 v1.5 color configuration of teTeX/TeXLive
)
Package color Info: Driver file: pdftex.def on input line 130.

("C:\Program Files (x86)\MiKTeX 2.9\tex\latex\pdftex-def\pdftex.def"
File: pdftex.def 2010/09/14 v0.05b Graphics/color for pdfTeX
\Gread@gobject=\count89
))
("C:\Program Files (x86)\MiKTeX 2.9\tex\latex\etoolbox\etoolbox.sty"
Package: etoolbox 2015/03/19 v2.1d e-TeX tools for LaTeX (JAW)

("C:\Program Files (x86)\MiKTeX 2.9\tex\latex\misc\etex.sty"
Package: etex 1998/03/26 v2.0 eTeX basic definition package (PEB)
\et@xins=\count90
)
\etb@tempcnta=\count91
)
("C:\Program Files (x86)\MiKTeX 2.9\tex\latex\fancyhdr\fancyhdr.sty"
\fancy@headwidth=\skip48
\f@ncyO@elh=\skip49
\f@ncyO@erh=\skip50
\f@ncyO@olh=\skip51
\f@ncyO@orh=\skip52
\f@ncyO@elf=\skip53
\f@ncyO@erf=\skip54
\f@ncyO@olf=\skip55
\f@ncyO@orf=\skip56
)
("C:\Program Files (x86)\MiKTeX 2.9\tex\latex\float\float.sty"
Package: float 2001/11/08 v1.3d Float enhancements (AL)
\c@float@type=\count92
\float@exts=\toks14
\float@box=\box26
\@float@everytoks=\toks15
\@floatcapt=\box27
)
("C:\Program Files (x86)\MiKTeX 2.9\tex\latex\geometry\geometry.sty"
Package: geometry 2010/09/12 v5.6 Page Geometry

("C:\Program Files (x86)\MiKTeX 2.9\tex\latex\graphics\keyval.sty"
Package: keyval 1999/03/16 v1.13 key=value parser (DPC)
\KV@toks@=\toks16
)
("C:\Program Files (x86)\MiKTeX 2.9\tex\generic\oberdiek\ifpdf.sty"
Package: ifpdf 2010/01/28 v2.1 Provides the ifpdf switch (HO)
Package ifpdf Info: pdfTeX in pdf mode detected.
)
("C:\Program Files (x86)\MiKTeX 2.9\tex\generic\oberdiek\ifvtex.sty"
Package: ifvtex 2010/03/01 v1.5 Switches for detecting VTeX and its modes (HO)
Package ifvtex Info: VTeX not detected.
)
("C:\Program Files (x86)\MiKTeX 2.9\tex\generic\ifxetex\ifxetex.sty"
Package: ifxetex 2010/09/12 v0.6 Provides ifxetex conditional
)
\Gm@cnth=\count93
\Gm@cntv=\count94
\c@Gm@tempcnt=\count95
\Gm@bindingoffset=\dimen104
\Gm@wd@mp=\dimen105
\Gm@odd@mp=\dimen106
\Gm@even@mp=\dimen107
\Gm@layoutwidth=\dimen108
\Gm@layoutheight=\dimen109
\Gm@layouthoffset=\dimen110
\Gm@layoutvoffset=\dimen111
\Gm@dimlist=\toks17

("C:\Program Files (x86)\MiKTeX 2.9\tex\latex\geometry\geometry.cfg"))
("C:\Program Files (x86)\MiKTeX 2.9\tex\latex\graphics\graphicx.sty"
Package: graphicx 1999/02/16 v1.0f Enhanced LaTeX Graphics (DPC,SPQR)

("C:\Program Files (x86)\MiKTeX 2.9\tex\latex\graphics\graphics.sty"
Package: graphics 2009/02/05 v1.0o Standard LaTeX Graphics (DPC,SPQR)

("C:\Program Files (x86)\MiKTeX 2.9\tex\latex\graphics\trig.sty"
Package: trig 1999/03/16 v1.09 sin cos tan (DPC)
)
("C:\Program Files (x86)\MiKTeX 2.9\tex\latex\00miktex\graphics.cfg"
File: graphics.cfg 2007/01/18 v1.5 graphics configuration of teTeX/TeXLive
)
Package graphics Info: Driver file: pdftex.def on input line 91.
)
\Gin@req@height=\dimen112
\Gin@req@width=\dimen113
)
("C:\Program Files (x86)\MiKTeX 2.9\tex\latex\listings\listings.sty"
\lst@mode=\count96
\lst@gtempboxa=\box28
\lst@token=\toks18
\lst@length=\count97
\lst@currlwidth=\dimen114
\lst@column=\count98
\lst@pos=\count99
\lst@lostspace=\dimen115
\lst@width=\dimen116
\lst@newlines=\count100
\lst@lineno=\count101
\lst@maxwidth=\dimen117

("C:\Program Files (x86)\MiKTeX 2.9\tex\latex\listings\lstmisc.sty"
File: lstmisc.sty 2014/09/06 1.5e (Carsten Heinz)
\c@lstnumber=\count102
\lst@skipnumbers=\count103
\lst@framebox=\box29
)
("C:\Program Files (x86)\MiKTeX 2.9\tex\latex\listings\listings.cfg"
File: listings.cfg 2014/09/06 1.5e listings configuration
))
Package: listings 2014/09/06 1.5e (Carsten Heinz)

("C:\Program Files (x86)\MiKTeX 2.9\tex\latex\graphics\lscape.sty"
Package: lscape 2000/10/22 v3.01 Landscape Pages (DPC)
)
("C:\Program Files (x86)\MiKTeX 2.9\tex\latex\tools\multicol.sty"
Package: multicol 2008/12/05 v1.6h multicolumn formatting (FMi)
\c@tracingmulticols=\count104
\mult@box=\box30
\multicol@leftmargin=\dimen118
\c@unbalance=\count105
\c@collectmore=\count106
\doublecol@number=\count107
\multicoltolerance=\count108
\multicolpretolerance=\count109
\full@width=\dimen119
\page@free=\dimen120
\premulticols=\dimen121
\postmulticols=\dimen122
\multicolsep=\skip57
\multicolbaselineskip=\skip58
\partial@page=\box31
\last@line=\box32
\mult@rightbox=\box33
\mult@grightbox=\box34
\mult@gfirstbox=\box35
\mult@firstbox=\box36
\@tempa=\box37
\@tempa=\box38
\@tempa=\box39
\@tempa=\box40
\@tempa=\box41
\@tempa=\box42
\@tempa=\box43
\@tempa=\box44
\@tempa=\box45
\@tempa=\box46
\@tempa=\box47
\@tempa=\box48
\@tempa=\box49
\@tempa=\box50
\@tempa=\box51
\@tempa=\box52
\@tempa=\box53
\c@columnbadness=\count110
\c@finalcolumnbadness=\count111
\last@try=\dimen123
\multicolovershoot=\dimen124
\multicolundershoot=\dimen125
\mult@nat@firstbox=\box54
\colbreak@box=\box55
)
("C:\Program Files (x86)\MiKTeX 2.9\tex\latex\base\ifthen.sty"
Package: ifthen 2001/05/26 v1.1c Standard LaTeX ifthen package (DPC)
)
("C:\Program Files (x86)\MiKTeX 2.9\tex\latex\lineno\lineno.sty"
Package: lineno 2005/11/02 line numbers on paragraphs v4.41
\linenopenalty=\count112
\output=\toks19
\linenoprevgraf=\count113
\linenumbersep=\dimen126
\linenumberwidth=\dimen127
\c@linenumber=\count114
\c@pagewiselinenumber=\count115
\c@LN@truepage=\count116
\c@internallinenumber=\count117
\c@internallinenumbers=\count118
\quotelinenumbersep=\dimen128
\bframerule=\dimen129
\bframesep=\dimen130
\bframebox=\box56
LaTeX Info: Redefining \\ on input line 3056.
)
("C:\Program Files (x86)\MiKTeX 2.9\tex\latex\lipsum\lipsum.sty"
Package: lipsum 2014/07/27 v1.3 150 paragraphs of Lorem Ipsum dummy text
\c@lips@count=\count119
)
("C:\Program Files (x86)\MiKTeX 2.9\tex\latex\titlesec\titlesec.sty"
Package: titlesec 2011/12/15 v2.10.0 Sectioning titles
\ttl@box=\box57
\beforetitleunit=\skip59
\aftertitleunit=\skip60
\ttl@plus=\dimen131
\ttl@minus=\dimen132
\ttl@toksa=\toks20
\titlewidth=\dimen133
\titlewidthlast=\dimen134
\titlewidthfirst=\dimen135
)
("C:\Program Files (x86)\MiKTeX 2.9\tex\latex\tocbibind\tocbibind.sty"
Package: tocbibind 2010/10/13 v1.5k extra ToC listings
Package tocbibind Info: The document has chapter divisions on input line 50.


Package tocbibind Note: Using chapter style headings, unless overridden.

) ("C:\Program Files (x86)\MiKTeX 2.9\tex\latex\tocloft\tocloft.sty"
Package: tocloft 2013/05/02 v2.3f parameterised ToC, etc., typesetting
Package tocloft Info: The document has chapter divisions on input line 44.
\cftparskip=\skip61
\cftbeforetoctitleskip=\skip62
\cftaftertoctitleskip=\skip63
\cftbeforepartskip=\skip64
\cftpartnumwidth=\skip65
\cftpartindent=\skip66
\cftbeforechapskip=\skip67
\cftchapindent=\skip68
\cftchapnumwidth=\skip69
\cftbeforesecskip=\skip70
\cftsecindent=\skip71
\cftsecnumwidth=\skip72
\cftbeforesubsecskip=\skip73
\cftsubsecindent=\skip74
\cftsubsecnumwidth=\skip75
\cftbeforesubsubsecskip=\skip76
\cftsubsubsecindent=\skip77
\cftsubsubsecnumwidth=\skip78
\cftbeforeparaskip=\skip79
\cftparaindent=\skip80
\cftparanumwidth=\skip81
\cftbeforesubparaskip=\skip82
\cftsubparaindent=\skip83
\cftsubparanumwidth=\skip84
\cftbeforeloftitleskip=\skip85
\cftafterloftitleskip=\skip86
\cftbeforefigskip=\skip87
\cftfigindent=\skip88
\cftfignumwidth=\skip89
\c@lofdepth=\count120
\c@lotdepth=\count121
\cftbeforelottitleskip=\skip90
\cftafterlottitleskip=\skip91
\cftbeforetabskip=\skip92
\cfttabindent=\skip93
\cfttabnumwidth=\skip94
)
("C:\Program Files (x86)\MiKTeX 2.9\tex\latex\setspace\setspace.sty"
Package: setspace 2011/12/19 v6.7a set line spacing
)
("C:\Program Files (x86)\MiKTeX 2.9\tex\latex\xstring\xstring.sty"
("C:\Program Files (x86)\MiKTeX 2.9\tex\generic\xstring\xstring.tex"
\@xs@message=\write3
\integerpart=\count122
\decimalpart=\count123
)
Package: xstring 2013/10/13  v1.7c  String manipulations (C Tellechea)
)
("C:\Program Files (x86)\MiKTeX 2.9\tex\latex\hyperref\hyperref.sty"
Package: hyperref 2010/10/30 v6.81t Hypertext links for LaTeX

("C:\Program Files (x86)\MiKTeX 2.9\tex\generic\oberdiek\ltxcmds.sty"
Package: ltxcmds 2010/04/26 v1.7 LaTeX kernel commands for general use (HO)
)
("C:\Program Files (x86)\MiKTeX 2.9\tex\generic\oberdiek\infwarerr.sty"
Package: infwarerr 2010/04/08 v1.3 Providing info/warning/message (HO)
)
("C:\Program Files (x86)\MiKTeX 2.9\tex\generic\oberdiek\kvsetkeys.sty"
Package: kvsetkeys 2010/03/01 v1.9 Key value parser (HO)

("C:\Program Files (x86)\MiKTeX 2.9\tex\generic\oberdiek\etexcmds.sty"
Package: etexcmds 2010/01/28 v1.3 Prefix for e-TeX command names (HO)
Package etexcmds Info: Could not find \expanded.
(etexcmds)             That can mean that you are not using pdfTeX 1.50 or
(etexcmds)             that some package has redefined \expanded.
(etexcmds)             In the latter case, load this package earlier.
))
("C:\Program Files (x86)\MiKTeX 2.9\tex\generic\oberdiek\pdfescape.sty"
Package: pdfescape 2010/03/01 v1.9 Provides hex, PDF name and string conversion
s (HO)

("C:\Program Files (x86)\MiKTeX 2.9\tex\generic\oberdiek\pdftexcmds.sty"
Package: pdftexcmds 2010/04/01 v0.9 Utility functions of pdfTeX for LuaTeX (HO)


("C:\Program Files (x86)\MiKTeX 2.9\tex\generic\oberdiek\ifluatex.sty"
Package: ifluatex 2010/03/01 v1.3 Provides the ifluatex switch (HO)
Package ifluatex Info: LuaTeX not detected.
)
Package pdftexcmds Info: LuaTeX not detected.
Package pdftexcmds Info: \pdf@primitive is available.
Package pdftexcmds Info: \pdf@ifprimitive is available.
))
("C:\Program Files (x86)\MiKTeX 2.9\tex\latex\oberdiek\hycolor.sty"
Package: hycolor 2009/12/12 v1.6 Color options of hyperref/bookmark (HO)

("C:\Program Files (x86)\MiKTeX 2.9\tex\latex\oberdiek\xcolor-patch.sty"
Package: xcolor-patch 2009/12/12 xcolor patch
))
("C:\Program Files (x86)\MiKTeX 2.9\tex\latex\oberdiek\letltxmacro.sty"
Package: letltxmacro 2008/06/24 v1.3 Let assignment for LaTeX macros (HO)
)
("C:\Program Files (x86)\MiKTeX 2.9\tex\latex\oberdiek\kvoptions.sty"
Package: kvoptions 2010/02/22 v3.7 Keyval support for LaTeX options (HO)
)
\@linkdim=\dimen136
\Hy@linkcounter=\count124
\Hy@pagecounter=\count125

("C:\Program Files (x86)\MiKTeX 2.9\tex\latex\hyperref\pd1enc.def"
File: pd1enc.def 2010/10/30 v6.81t Hyperref: PDFDocEncoding definition (HO)
)
("C:\Program Files (x86)\MiKTeX 2.9\tex\generic\oberdiek\intcalc.sty"
Package: intcalc 2007/09/27 v1.1 Expandable integer calculations (HO)
)
\Hy@SavedSpaceFactor=\count126

("C:\Program Files (x86)\MiKTeX 2.9\tex\latex\00miktex\hyperref.cfg"
File: hyperref.cfg 2002/06/06 v1.2 hyperref configuration of TeXLive
)
Package hyperref Info: Option `plainpages' set `false' on input line 3872.
Package hyperref Info: Option `pdfpagelabels' set `true' on input line 3872.
Package hyperref Info: Option `unicode' set `true' on input line 3872.

("C:\Program Files (x86)\MiKTeX 2.9\tex\latex\hyperref\puenc.def"
File: puenc.def 2010/10/30 v6.81t Hyperref: PDF Unicode definition (HO)
)
Package hyperref Info: Hyper figures OFF on input line 3976.
Package hyperref Info: Link nesting OFF on input line 3981.
Package hyperref Info: Hyper index ON on input line 3984.
Package hyperref Info: Plain pages OFF on input line 3991.
Package hyperref Info: Backreferencing OFF on input line 3996.
Package hyperref Info: Implicit mode ON; LaTeX internals redefined.
Package hyperref Info: Bookmarks ON on input line 4211.
\c@Hy@tempcnt=\count127

("C:\Program Files (x86)\MiKTeX 2.9\tex\latex\ltxmisc\url.sty"
\Urlmuskip=\muskip10
Package: url 2006/04/12  ver 3.3  Verb mode for urls, etc.
)
LaTeX Info: Redefining \url on input line 4566.

("C:\Program Files (x86)\MiKTeX 2.9\tex\generic\oberdiek\bitset.sty"
Package: bitset 2007/09/28 v1.0 Data type bit set (HO)

("C:\Program Files (x86)\MiKTeX 2.9\tex\generic\oberdiek\bigintcalc.sty"
Package: bigintcalc 2007/11/11 v1.1 Expandable big integer calculations (HO)
))
\Fld@menulength=\count128
\Field@Width=\dimen137
\Fld@charsize=\dimen138
Package hyperref Info: Hyper figures OFF on input line 5626.
Package hyperref Info: Link nesting OFF on input line 5631.
Package hyperref Info: Hyper index ON on input line 5634.
Package hyperref Info: backreferencing OFF on input line 5641.
Package hyperref Info: Link coloring OFF on input line 5646.
Package hyperref Info: Link coloring with OCG OFF on input line 5651.
Package hyperref Info: PDF/A mode OFF on input line 5656.
LaTeX Info: Redefining \ref on input line 5696.
LaTeX Info: Redefining \pageref on input line 5700.

("C:\Program Files (x86)\MiKTeX 2.9\tex\generic\oberdiek\atbegshi.sty"
Package: atbegshi 2010/03/25 v1.12 At begin shipout hook (HO)
)
\Hy@abspage=\count129
\c@Item=\count130
\c@Hfootnote=\count131
)

Package hyperref Message: Driver (autodetected): hpdftex.

("C:\Program Files (x86)\MiKTeX 2.9\tex\latex\hyperref\hpdftex.def"
File: hpdftex.def 2010/10/30 v6.81t Hyperref driver for pdfTeX

("C:\Program Files (x86)\MiKTeX 2.9\tex\latex\oberdiek\atveryend.sty"
Package: atveryend 2010/03/24 v1.5 Hooks at very end of document (HO)
)
\Fld@listcount=\count132
\c@bookmark@seq@number=\count133

("C:\Program Files (x86)\MiKTeX 2.9\tex\latex\oberdiek\rerunfilecheck.sty"
Package: rerunfilecheck 2010/03/16 v1.6 Rerun checks for auxiliary files (HO)

("C:\Program Files (x86)\MiKTeX 2.9\tex\generic\oberdiek\uniquecounter.sty"
Package: uniquecounter 2009/12/18 v1.1 Provides unlimited unique counter (HO)
)
Package uniquecounter Info: New unique counter `rerunfilecheck' on input line 2
71.
)
\Hy@SectionHShift=\skip95
)
Package hyperref Info: Option `unicode' set `true' on input line 328.
Package hyperref Info: Option `colorlinks' set `true' on input line 328.

\@input{data.aux}
("E:\Skripsi\Skripsi\doc\Dokumen Skripsi\data.tex"
("C:\Program Files (x86)\MiKTeX 2.9\tex\latex\booktabs\booktabs.sty"
Package: booktabs 2005/04/14 v1.61803 publication quality tables
\heavyrulewidth=\dimen139
\lightrulewidth=\dimen140
\cmidrulewidth=\dimen141
\belowrulesep=\dimen142
\belowbottomsep=\dimen143
\aboverulesep=\dimen144
\abovetopsep=\dimen145
\cmidrulesep=\dimen146
\cmidrulekern=\dimen147
\defaultaddspace=\dimen148
\@cmidla=\count134
\@cmidlb=\count135
\@aboverulesep=\dimen149
\@belowrulesep=\dimen150
\@thisruleclass=\count136
\@lastruleclass=\count137
\@thisrulewidth=\dimen151
)
("C:\Program Files (x86)\MiKTeX 2.9\tex\latex\xcolor\xcolor.sty"
Package: xcolor 2007/01/21 v2.11 LaTeX color extensions (UK)

("C:\Program Files (x86)\MiKTeX 2.9\tex\latex\00miktex\color.cfg"
File: color.cfg 2007/01/18 v1.5 color configuration of teTeX/TeXLive
)
Package xcolor Info: Driver file: pdftex.def on input line 225.

("C:\Program Files (x86)\MiKTeX 2.9\tex\latex\colortbl\colortbl.sty"
Package: colortbl 2012/02/13 v1.0a Color table columns (DPC)

("C:\Program Files (x86)\MiKTeX 2.9\tex\latex\tools\array.sty"
Package: array 2008/09/09 v2.4c Tabular extension package (FMi)
\col@sep=\dimen152
\extrarowheight=\dimen153
\NC@list=\toks21
\extratabsurround=\skip96
\backup@length=\skip97
)
\everycr=\toks22
\minrowclearance=\skip98
)
LaTeX Info: Redefining \color on input line 702.
\rownum=\count138
Package xcolor Info: Model `cmy' substituted by `cmy0' on input line 1337.
Package xcolor Info: Model `hsb' substituted by `rgb' on input line 1341.
Package xcolor Info: Model `RGB' extended on input line 1353.
Package xcolor Info: Model `HTML' substituted by `rgb' on input line 1355.
Package xcolor Info: Model `Hsb' substituted by `hsb' on input line 1356.
Package xcolor Info: Model `tHsb' substituted by `hsb' on input line 1357.
Package xcolor Info: Model `HSB' substituted by `hsb' on input line 1358.
Package xcolor Info: Model `Gray' substituted by `gray' on input line 1359.
Package xcolor Info: Model `wave' substituted by `hsb' on input line 1360.
)
("C:\Program Files (x86)\MiKTeX 2.9\tex\latex\tools\longtable.sty"
Package: longtable 2004/02/01 v4.11 Multi-page Table package (DPC)
\LTleft=\skip99
\LTright=\skip100
\LTpre=\skip101
\LTpost=\skip102
\LTchunksize=\count139
\LTcapwidth=\dimen154
\LT@head=\box58
\LT@firsthead=\box59
\LT@foot=\box60
\LT@lastfoot=\box61
\LT@cols=\count140
\LT@rows=\count141
\c@LT@tables=\count142
\c@LT@chunks=\count143
\LT@p@ftn=\toks23
)
("C:\Program Files (x86)\MiKTeX 2.9\tex\latex\ams\math\amsmath.sty"
Package: amsmath 2000/07/18 v2.13 AMS math features
\@mathmargin=\skip103

For additional information on amsmath, use the `?' option.
("C:\Program Files (x86)\MiKTeX 2.9\tex\latex\ams\math\amstext.sty"
Package: amstext 2000/06/29 v2.01

("C:\Program Files (x86)\MiKTeX 2.9\tex\latex\ams\math\amsgen.sty"
File: amsgen.sty 1999/11/30 v2.0
\@emptytoks=\toks24
\ex@=\dimen155
))
("C:\Program Files (x86)\MiKTeX 2.9\tex\latex\ams\math\amsbsy.sty"
Package: amsbsy 1999/11/29 v1.2d
\pmbraise@=\dimen156
)
("C:\Program Files (x86)\MiKTeX 2.9\tex\latex\ams\math\amsopn.sty"
Package: amsopn 1999/12/14 v2.01 operator names
)
\inf@bad=\count144
LaTeX Info: Redefining \frac on input line 211.
\uproot@=\count145
\leftroot@=\count146
LaTeX Info: Redefining \overline on input line 307.
\classnum@=\count147
\DOTSCASE@=\count148
LaTeX Info: Redefining \ldots on input line 379.
LaTeX Info: Redefining \dots on input line 382.
LaTeX Info: Redefining \cdots on input line 467.
\Mathstrutbox@=\box62
\strutbox@=\box63
\big@size=\dimen157
LaTeX Font Info:    Redeclaring font encoding OML on input line 567.
LaTeX Font Info:    Redeclaring font encoding OMS on input line 568.
\macc@depth=\count149
\c@MaxMatrixCols=\count150
\dotsspace@=\muskip11
\c@parentequation=\count151
\dspbrk@lvl=\count152
\tag@help=\toks25
\row@=\count153
\column@=\count154
\maxfields@=\count155
\andhelp@=\toks26
\eqnshift@=\dimen158
\alignsep@=\dimen159
\tagshift@=\dimen160
\tagwidth@=\dimen161
\totwidth@=\dimen162
\lineht@=\dimen163
\@envbody=\toks27
\multlinegap=\skip104
\multlinetaggap=\skip105
\mathdisplay@stack=\toks28
LaTeX Info: Redefining \[ on input line 2666.
LaTeX Info: Redefining \] on input line 2667.
)
("C:\Program Files (x86)\MiKTeX 2.9\tex\latex\tools\enumerate.sty"
Package: enumerate 1999/03/05 v3.00 enumerate extensions (DPC)
\@enLab=\toks29
)
("C:\Program Files (x86)\MiKTeX 2.9\tex\latex\psnfss\pifont.sty"
Package: pifont 2005/04/12 PSNFSS-v9.2a Pi font support (SPQR) 
LaTeX Font Info:    Try loading font information for U+pzd on input line 63.

("C:\Program Files (x86)\MiKTeX 2.9\tex\latex\psnfss\upzd.fd"
File: upzd.fd 2001/06/04 font definitions for U/pzd.
)
LaTeX Font Info:    Try loading font information for U+psy on input line 64.

("C:\Program Files (x86)\MiKTeX 2.9\tex\latex\psnfss\upsy.fd"
File: upsy.fd 2001/06/04 font definitions for U/psy.
)
! Font U/psy/m/n/10.95=psyr at 10.95pt not loadable: Metric (TFM) file not foun
d.
<to be read again> 
                   relax 
l.64 {\Pifont{psy}
                  }
I wasn't able to read the size data for this font,
so I will ignore the font specification.
[Wizards can fix TFM files using TFtoPL/PLtoTF.]
You might try inserting a different font spec;
e.g., type `I\font<same font id>=<substitute font name>'.

))
\@input{dosen.aux}
("E:\Skripsi\Skripsi\doc\Dokumen Skripsi\dosen.tex")
("E:\Skripsi\Skripsi\doc\Dokumen Skripsi\main.aux"
("E:\Skripsi\Skripsi\doc\Dokumen Skripsi\Bab/bab1.aux")
("E:\Skripsi\Skripsi\doc\Dokumen Skripsi\Bab/bab2.aux")
("E:\Skripsi\Skripsi\doc\Dokumen Skripsi\Bab/bab3.aux"

LaTeX Warning: Label `fig:link' multiply defined.

) ("E:\Skripsi\Skripsi\doc\Dokumen Skripsi\Bab/bab4.aux")
("E:\Skripsi\Skripsi\doc\Dokumen Skripsi\Bab/bab5.aux"))
LaTeX Font Info:    Checking defaults for OML/cmm/m/it on input line 342.
LaTeX Font Info:    ... okay on input line 342.
LaTeX Font Info:    Checking defaults for T1/cmr/m/n on input line 342.
LaTeX Font Info:    ... okay on input line 342.
LaTeX Font Info:    Checking defaults for OT1/cmr/m/n on input line 342.
LaTeX Font Info:    ... okay on input line 342.
LaTeX Font Info:    Checking defaults for OMS/cmsy/m/n on input line 342.
LaTeX Font Info:    ... okay on input line 342.
LaTeX Font Info:    Checking defaults for OMX/cmex/m/n on input line 342.
LaTeX Font Info:    ... okay on input line 342.
LaTeX Font Info:    Checking defaults for U/cmr/m/n on input line 342.
LaTeX Font Info:    ... okay on input line 342.
LaTeX Font Info:    Checking defaults for PD1/pdf/m/n on input line 342.
LaTeX Font Info:    ... okay on input line 342.
LaTeX Font Info:    Checking defaults for PU/pdf/m/n on input line 342.
LaTeX Font Info:    ... okay on input line 342.

("C:\Program Files (x86)\MiKTeX 2.9\tex\context\base\supp-pdf.mkii"
[Loading MPS to PDF converter (version 2006.09.02).]
\scratchcounter=\count156
\scratchdimen=\dimen164
\scratchbox=\box64
\nofMPsegments=\count157
\nofMParguments=\count158
\everyMPshowfont=\toks30
\MPscratchCnt=\count159
\MPscratchDim=\dimen165
\MPnumerator=\count160
\makeMPintoPDFobject=\count161
\everyMPtoPDFconversion=\toks31
)
*geometry* driver: auto-detecting
*geometry* detected driver: pdftex
*geometry* verbose mode - [ preamble ] result:
* driver: pdftex
* paper: a4paper
* layout: <same size as paper>
* layoutoffset:(h,v)=(0.0pt,0.0pt)
* modes: twoside 
* h-part:(L,W,R)=(71.13188pt, 469.47049pt, 56.9055pt)
* v-part:(T,H,B)=(71.13188pt, 702.78308pt, 71.13188pt)
* \paperwidth=597.50787pt
* \paperheight=845.04684pt
* \textwidth=469.47049pt
* \textheight=702.78308pt
* \oddsidemargin=-1.1381pt
* \evensidemargin=-15.36449pt
* \topmargin=-38.1381pt
* \headheight=15.0pt
* \headsep=25.0pt
* \topskip=11.0pt
* \footskip=30.0pt
* \marginparwidth=103.0pt
* \marginparsep=10.0pt
* \columnsep=10.0pt
* \skip\footins=10.0pt plus 4.0pt minus 2.0pt
* \hoffset=0.0pt
* \voffset=0.0pt
* \mag=1000
* \@twocolumnfalse
* \@twosidetrue
* \@mparswitchtrue
* \@reversemarginfalse
* (1in=72.27pt=25.4mm, 1cm=28.453pt)

\c@lstlisting=\count162
\AtBeginShipoutBox=\box65
Package hyperref Info: Link coloring ON on input line 342.
("C:\Program Files (x86)\MiKTeX 2.9\tex\latex\hyperref\nameref.sty"
Package: nameref 2010/04/30 v2.40 Cross-referencing by name of section

("C:\Program Files (x86)\MiKTeX 2.9\tex\latex\oberdiek\refcount.sty"
Package: refcount 2008/08/11 v3.1 Data extraction from references (HO)
)
("C:\Program Files (x86)\MiKTeX 2.9\tex\generic\oberdiek\gettitlestring.sty"
Package: gettitlestring 2009/12/18 v1.3 Cleanup title references (HO)
)
\c@section@level=\count163
)
LaTeX Info: Redefining \ref on input line 342.
LaTeX Info: Redefining \pageref on input line 342.
LaTeX Info: Redefining \nameref on input line 342.

("E:\Skripsi\Skripsi\doc\Dokumen Skripsi\main.out")
("E:\Skripsi\Skripsi\doc\Dokumen Skripsi\main.out")
\@outlinefile=\write4

<Gambar/logo-unpar.png, id=275, 360.59718pt x 356.0803pt>
File: Gambar/logo-unpar.png Graphic file (type png)

<use Gambar/logo-unpar.png> [1





{C:/ProgramData/MiKTeX/2.9/pdftex/config/pdftex.map} <E:/Skripsi/Skripsi/doc/Do
kumen Skripsi/Gambar/logo-unpar.png>] [2

]
File: Gambar/logo-unpar.png Graphic file (type png)

<use Gambar/logo-unpar.png> [3] [4

]
("E:\Skripsi\Skripsi\doc\Dokumen Skripsi\main.toc" [5])
\tf@toc=\write5
 [6]
("E:\Skripsi\Skripsi\doc\Dokumen Skripsi\main.lof" [7])
\tf@lof=\write6
 [8] [9]
("E:\Skripsi\Skripsi\doc\Dokumen Skripsi\main.lot")
\tf@lot=\write7
 [10]
*geometry* verbose mode - [ newgeometry ] result:
* driver: pdftex
* paper: a4paper
* layout: <same size as paper>
* layoutoffset:(h,v)=(0.0pt,0.0pt)
* modes: twoside 
* h-part:(L,W,R)=(85.35826pt, 433.90454pt, 78.24507pt)
* v-part:(T,H,B)=(56.9055pt, 731.23584pt, 56.9055pt)
* \paperwidth=597.50787pt
* \paperheight=845.04684pt
* \textwidth=433.90454pt
* \textheight=731.23584pt
* \oddsidemargin=13.08827pt
* \evensidemargin=5.97508pt
* \topmargin=-55.36449pt
* \headheight=15.0pt
* \headsep=25.0pt
* \topskip=11.0pt
* \footskip=30.0pt
* \marginparwidth=103.0pt
* \marginparsep=10.0pt
* \columnsep=10.0pt
* \skip\footins=10.0pt plus 4.0pt minus 2.0pt
* \hoffset=0.0pt
* \voffset=0.0pt
* \mag=1000
* \@twocolumnfalse
* \@twosidetrue
* \@mparswitchtrue
* \@reversemarginfalse
* (1in=72.27pt=25.4mm, 1cm=28.453pt)


("E:\Skripsi\Skripsi\doc\Dokumen Skripsi\Bab/bab1.tex"
Bab 1.
LaTeX Font Info:    Try loading font information for T1+cmss on input line 1.
("C:\Program Files (x86)\MiKTeX 2.9\tex\latex\base\t1cmss.fd"
File: t1cmss.fd 1999/05/25 v2.5h Standard LaTeX font definitions
)
LaTeX Font Info:    Try loading font information for OMS+cmr on input line 33.

("C:\Program Files (x86)\MiKTeX 2.9\tex\latex\base\omscmr.fd"
File: omscmr.fd 1999/05/25 v2.5h Standard LaTeX font definitions
)
LaTeX Font Info:    Font shape `OMS/cmr/m/n' in size <10.95> not available
(Font)              Font shape `OMS/cmsy/m/n' tried instead on input line 33.
 [1





] [2] [3])
[4] ("E:\Skripsi\Skripsi\doc\Dokumen Skripsi\Bab/bab2.tex"
Bab 2.

Package hyperref Warning: Token not allowed in a PDF string (Unicode):
(hyperref)                removing `\@ifnextchar' on input line 10.

[5



] [6] <Gambar/skenario1.png, id=665, 286.82156pt x 288.3272pt>
File: Gambar/skenario1.png Graphic file (type png)

<use Gambar/skenario1.png>
Underfull \vbox (badness 10000) has occurred while \output is active []

 [7]
File: Gambar/skenario1.png Graphic file (type png)

<use Gambar/skenario1.png>
Underfull \vbox (badness 6428) has occurred while \output is active []

 [8 <E:/Skripsi/Skripsi/doc/Dokumen Skripsi/Gambar/skenario1.png (PNG copy)>]
<Gambar/skenario2.png, id=680, 287.57437pt x 298.11375pt>
File: Gambar/skenario2.png Graphic file (type png)

<use Gambar/skenario2.png>
Underfull \vbox (badness 10000) has occurred while \output is active []

 [9]
<Gambar/skenario3.png, id=689, 379.4175pt x 334.24875pt>
File: Gambar/skenario3.png Graphic file (type png)

<use Gambar/skenario3.png>
Underfull \vbox (badness 10000) has occurred while \output is active []

 [10 <E:/Skripsi/Skripsi/doc/Dokumen Skripsi/Gambar/skenario2.png (PNG copy)>] 
[11 <E:/Skripsi/Skripsi/doc/Dokumen Skripsi/Gambar/skenario3.png (PNG copy)>]
<Gambar/skenario4.png, id=702, 277.78781pt x 246.9225pt>
File: Gambar/skenario4.png Graphic file (type png)

<use Gambar/skenario4.png> [12 <E:/Skripsi/Skripsi/doc/Dokumen Skripsi/Gambar/s
kenario4.png (PNG copy)>]

Package hyperref Warning: Token not allowed in a PDF string (Unicode):
(hyperref)                removing `\@ifnextchar' on input line 240.

[13] [14] [15]

Package hyperref Warning: Token not allowed in a PDF string (Unicode):
(hyperref)                removing `\@ifnextchar' on input line 392.


Package hyperref Warning: Token not allowed in a PDF string (Unicode):
(hyperref)                removing `\@ifnextchar' on input line 404.

LaTeX Font Info:    Font shape `OMS/cmr/m/n' in size <6> not available
(Font)              Font shape `OMS/cmsy/m/n' tried instead on input line 415.
<Gambar/cmct.png, id=756, 116.68594pt x 50.43843pt>
File: Gambar/cmct.png Graphic file (type png)
 <use Gambar/cmct.png>
[16] <Gambar/judulbab.png, id=772, 133.24782pt x 161.10187pt>
File: Gambar/judulbab.png Graphic file (type png)

<use Gambar/judulbab.png>
Underfull \vbox (badness 3492) has occurred while \output is active []

 [17 <E:/Skripsi/Skripsi/doc/Dokumen Skripsi/Gambar/cmct.png (PNG copy)> <E:/Sk
ripsi/Skripsi/doc/Dokumen Skripsi/Gambar/judulbab.png (PNG copy)>]
<Gambar/dengan.png, id=798, 82.05656pt x 42.91031pt>
File: Gambar/dengan.png Graphic file (type png)
 <use Gambar/dengan.png>
<Gambar/tanpa.png, id=800, 128.73094pt x 27.10126pt>
File: Gambar/tanpa.png Graphic file (type png)
 <use Gambar/tanpa.png>
<Gambar/para.png, id=802, 295.1025pt x 49.68562pt>
File: Gambar/para.png Graphic file (type png)
 <use Gambar/para.png>
[18 <E:/Skripsi/Skripsi/doc/Dokumen Skripsi/Gambar/dengan.png (PNG copy)> <E:/S
kripsi/Skripsi/doc/Dokumen Skripsi/Gambar/tanpa.png (PNG copy)>]
<Gambar/gambar.png, id=830, 305.64188pt x 140.77594pt>
File: Gambar/gambar.png Graphic file (type png)
 <use Gambar/gambar.png>

LaTeX Warning: Reference `fig:ml' on page 19 undefined on input line 566.

<Gambar/ml.png, id=831, 87.32625pt x 58.71938pt>
File: Gambar/ml.png Graphic file (type png)
 <use Gambar/ml.png> [19 <E:/Skripsi/Skripsi/doc/Dokumen Skripsi/Gambar/para.pn
g (PNG copy)> <E:/Skripsi/Skripsi/doc/Dokumen Skripsi/Gambar/gambar.png (PNG co
py)>]
<Gambar/kode.png, id=851, 668.4975pt x 80.55093pt>
File: Gambar/kode.png Graphic file (type png)
 <use Gambar/kode.png>
Underfull \vbox (badness 4492) has occurred while \output is active []

 [20 <E:/Skripsi/Skripsi/doc/Dokumen Skripsi/Gambar/ml.png (PNG copy)> <E:/Skri
psi/Skripsi/doc/Dokumen Skripsi/Gambar/kode.png (PNG copy)>]
<Gambar/kutipan.png, id=884, 332.74312pt x 50.43843pt>
File: Gambar/kutipan.png Graphic file (type png)

<use Gambar/kutipan.png> <Gambar/garis.png, id=886, 397.485pt x 88.07906pt>
File: Gambar/garis.png Graphic file (type png)

<use Gambar/garis.png>
Underfull \vbox (badness 1466) has occurred while \output is active []

 [21 <E:/Skripsi/Skripsi/doc/Dokumen Skripsi/Gambar/kutipan.png (PNG copy)>]
<Gambar/daftartidakberurutan.png, id=923, 82.80937pt x 182.18062pt>
File: Gambar/daftartidakberurutan.png Graphic file (type png)

<use Gambar/daftartidakberurutan.png>
Underfull \vbox (badness 10000) has occurred while \output is active []

 [22 <E:/Skripsi/Skripsi/doc/Dokumen Skripsi/Gambar/garis.png (PNG copy)>]
<Gambar/dafarberurutan.png, id=955, 77.53969pt x 54.9553pt>
File: Gambar/dafarberurutan.png Graphic file (type png)

<use Gambar/dafarberurutan.png>

Package hyperref Warning: Token not allowed in a PDF string (Unicode):
(hyperref)                removing `\@ifnextchar' on input line 747.


Underfull \vbox (badness 1226) has occurred while \output is active []

 [23 <E:/Skripsi/Skripsi/doc/Dokumen Skripsi/Gambar/daftartidakberurutan.png (P
NG copy)> <E:/Skripsi/Skripsi/doc/Dokumen Skripsi/Gambar/dafarberurutan.png (PN
G copy)>]
<Gambar/garisbawah.png, id=973, 350.81062pt x 39.89906pt>
File: Gambar/garisbawah.png Graphic file (type png)

<use Gambar/garisbawah.png> <Gambar/gfml.png, id=975, 149.8097pt x 40.65187pt>
File: Gambar/gfml.png Graphic file (type png)

<use Gambar/gfml.png> <Gambar/tc.png, id=977, 98.61844pt x 31.61812pt>
File: Gambar/tc.png Graphic file (type png)

<use Gambar/tc.png> [24 <E:/Skripsi/Skripsi/doc/Dokumen Skripsi/Gambar/garisbaw
ah.png (PNG copy)> <E:/Skripsi/Skripsi/doc/Dokumen Skripsi/Gambar/gfml.png (PNG
 copy)> <E:/Skripsi/Skripsi/doc/Dokumen Skripsi/Gambar/tc.png (PNG copy)>]
<Gambar/blokkode.png, id=993, 501.37312pt x 103.13531pt>
File: Gambar/blokkode.png Graphic file (type png)

<use Gambar/blokkode.png> <Gambar/ruby.png, id=995, 498.36188pt x 73.77562pt>
File: Gambar/ruby.png Graphic file (type png)

<use Gambar/ruby.png> [25 <E:/Skripsi/Skripsi/doc/Dokumen Skripsi/Gambar/blokko
de.png (PNG copy)> <E:/Skripsi/Skripsi/doc/Dokumen Skripsi/Gambar/ruby.png (PNG
 copy)>] <Gambar/t1.png, id=1021, 215.30438pt x 82.80937pt>
File: Gambar/t1.png Graphic file (type png)

<use Gambar/t1.png> <Gambar/t2.png, id=1023, 213.04594pt x 83.5622pt>
File: Gambar/t2.png Graphic file (type png)

<use Gambar/t2.png> <Gambar/t3.png, id=1025, 211.54031pt x 82.80937pt>
File: Gambar/t3.png Graphic file (type png)

<use Gambar/t3.png> [26 <E:/Skripsi/Skripsi/doc/Dokumen Skripsi/Gambar/t1.png (
PNG copy)> <E:/Skripsi/Skripsi/doc/Dokumen Skripsi/Gambar/t2.png (PNG copy)> <E
:/Skripsi/Skripsi/doc/Dokumen Skripsi/Gambar/t3.png (PNG copy)>]
<Gambar/t4.png, id=1043, 212.29312pt x 82.80937pt>
File: Gambar/t4.png Graphic file (type png)
 <use Gambar/t4.png>
<Gambar/t5.png, id=1045, 312.41719pt x 108.405pt>
File: Gambar/t5.png Graphic file (type png)
 <use Gambar/t5.png>

Package hyperref Warning: Token not allowed in a PDF string (Unicode):
(hyperref)                removing `\@ifnextchar' on input line 926.


Overfull \hbox (2.98651pt too wide) in paragraph at lines 935--938
[][]\T1/cmr/m/n/10.95 Untuk peng-gu-na-an Stra-pdo-wn-JS gu-nak-an sk-rip stra-
pdo-wn.js de-ngan ca-ra lang-sung meng-
 []


Underfull \hbox (badness 10000) in paragraph at lines 939--940

 []

[27 <E:/Skripsi/Skripsi/doc/Dokumen Skripsi/Gambar/t4.png (PNG copy)> <E:/Skrip
si/Skripsi/doc/Dokumen Skripsi/Gambar/t5.png (PNG copy)>]
Underfull \hbox (badness 10000) in paragraph at lines 943--944

 []

[28]

Package hyperref Warning: Token not allowed in a PDF string (Unicode):
(hyperref)                removing `\@ifnextchar' on input line 995.


! LaTeX Error: There's no line here to end.

See the LaTeX manual or LaTeX Companion for explanation.
Type  H <return>  for immediate help.
 ...                                              
                                                  
l.1015 Foundation\footnotemark[1]}\\
                                    
Your command was ignored.
Type  I <command> <return>  to replace it with another command,
or  <return>  to continue without it.


! Package array Error:  Illegal pream-token (1): `c' used.

See the array package documentation for explanation.
Type  H <return>  for immediate help.
 ...                                              
                                                  
l.1017 \begin{tabular}{|l|l|1|l|}
                                 
Try typing  <return>  to proceed.
If that doesn't work, type  X <return>  to quit.

<Gambar/grid.png, id=1106, 346.29375pt x 233.37187pt>
File: Gambar/grid.png Graphic file (type png)
 <use Gambar/grid.png>
[29] [30 <E:/Skripsi/Skripsi/doc/Dokumen Skripsi/Gambar/grid.png (PNG copy)>]
<Gambar/gridutama.png, id=1143, 737.00343pt x 236.38312pt>
File: Gambar/gridutama.png Graphic file (type png)

<use Gambar/gridutama.png>
Overfull \hbox (8.30093pt too wide) in paragraph at lines 1128--1129
 [][][] 
 []

<Gambar/gridkecil.png, id=1145, 735.49782pt x 65.49469pt>
File: Gambar/gridkecil.png Graphic file (type png)

<use Gambar/gridkecil.png>
Overfull \hbox (7.39755pt too wide) in paragraph at lines 1150--1151
 [][][] 
 []

[31 <E:/Skripsi/Skripsi/doc/Dokumen Skripsi/Gambar/gridutama.png (PNG copy)> <E
:/Skripsi/Skripsi/doc/Dokumen Skripsi/Gambar/gridkecil.png (PNG copy)>]
<Gambar/gridmenengah.png, id=1178, 734.745pt x 67.0003pt>
File: Gambar/gridmenengah.png Graphic file (type png)

<use Gambar/gridmenengah.png>
Overfull \hbox (6.94585pt too wide) in paragraph at lines 1173--1174
 [][][] 
 []

<Gambar/gridadv.png, id=1180, 709.90219pt x 83.5622pt>
File: Gambar/gridadv.png Graphic file (type png)

<use Gambar/gridadv.png> [32 <E:/Skripsi/Skripsi/doc/Dokumen Skripsi/Gambar/gri
dmenengah.png (PNG copy)> <E:/Skripsi/Skripsi/doc/Dokumen Skripsi/Gambar/gridad
v.png (PNG copy)>] <Gambar/gridoffset.png, id=1215, 730.98094pt x 131.74219pt>
File: Gambar/gridoffset.png Graphic file (type png)

<use Gambar/gridoffset.png>
Overfull \hbox (4.68741pt too wide) in paragraph at lines 1230--1231
 [][][] 
 []

<Gambar/gridtidaklengkap.png, id=1217, 732.48656pt x 67.75313pt>
File: Gambar/gridtidaklengkap.png Graphic file (type png)

<use Gambar/gridtidaklengkap.png>
Overfull \hbox (5.59077pt too wide) in paragraph at lines 1256--1258
 [][][] 
 []

[33 <E:/Skripsi/Skripsi/doc/Dokumen Skripsi/Gambar/gridoffset.png (PNG copy)> <
E:/Skripsi/Skripsi/doc/Dokumen Skripsi/Gambar/gridtidaklengkap.png (PNG copy)>]
<Gambar/gridmengempis.png, id=1256, 732.48656pt x 54.2025pt>
File: Gambar/gridmengempis.png Graphic file (type png)

<use Gambar/gridmengempis.png>
Overfull \hbox (5.59077pt too wide) in paragraph at lines 1280--1282
 [][][] 
 []

<Gambar/gridkolomberpusat.png, id=1258, 733.99219pt x 135.50626pt>
File: Gambar/gridkolomberpusat.png Graphic file (type png)

<use Gambar/gridkolomberpusat.png>
Overfull \hbox (6.49416pt too wide) in paragraph at lines 1313--1314
 [][][] 
 []


Underfull \vbox (badness 10000) has occurred while \output is active []

 [34 <E:/Skripsi/Skripsi/doc/Dokumen Skripsi/Gambar/gridmengempis.png (PNG copy
)>]
<Gambar/gridsumberterurut.png, id=1290, 730.98094pt x 167.12437pt>
File: Gambar/gridsumberterurut.png Graphic file (type png)

<use Gambar/gridsumberterurut.png>
Overfull \hbox (4.68741pt too wide) in paragraph at lines 1352--1353
 [][][] 
 []

[35 <E:/Skripsi/Skripsi/doc/Dokumen Skripsi/Gambar/gridkolomberpusat.png (PNG c
opy)> <E:/Skripsi/Skripsi/doc/Dokumen Skripsi/Gambar/gridsumberterurut.png (PNG
 copy)>] <Gambar/button.png, id=1324, 353.82187pt x 236.38312pt>
File: Gambar/button.png Graphic file (type png)

<use Gambar/button.png>
<Gambar/tomboldasar.png, id=1326, 121.20282pt x 45.92157pt>
File: Gambar/tomboldasar.png Graphic file (type png)

<use Gambar/tomboldasar.png> [36 <E:/Skripsi/Skripsi/doc/Dokumen Skripsi/Gambar
/button.png (PNG copy)> <E:/Skripsi/Skripsi/doc/Dokumen Skripsi/Gambar/tombolda
sar.png (PNG copy)>]
<Gambar/ukurantombol.png, id=1342, 372.64218pt x 196.48407pt>
File: Gambar/ukurantombol.png Graphic file (type png)

<use Gambar/ukurantombol.png>
<Gambar/warnatombol.png, id=1344, 362.10281pt x 152.06813pt>
File: Gambar/warnatombol.png Graphic file (type png)

<use Gambar/warnatombol.png> [37 <E:/Skripsi/Skripsi/doc/Dokumen Skripsi/Gambar
/ukurantombol.png (PNG copy)> <E:/Skripsi/Skripsi/doc/Dokumen Skripsi/Gambar/wa
rnatombol.png (PNG copy)>]
<Gambar/aksesbilitastombol.png, id=1361, 374.90062pt x 60.97781pt>
File: Gambar/aksesbilitastombol.png Graphic file (type png)

<use Gambar/aksesbilitastombol.png>
<Gambar/tabel.png, id=1363, 710.655pt x 135.50626pt>
File: Gambar/tabel.png Graphic file (type png)
 <use Gambar/tabel.png>
Underfull \vbox (badness 10000) has occurred while \output is active []

 [38 <E:/Skripsi/Skripsi/doc/Dokumen Skripsi/Gambar/aksesbilitastombol.png (PNG
 copy)>]
<Gambar/navigation.png, id=1405, 353.06906pt x 305.64188pt>
File: Gambar/navigation.png Graphic file (type png)

<use Gambar/navigation.png>
<Gambar/plugin.png, id=1407, 356.0803pt x 258.9675pt>
File: Gambar/plugin.png Graphic file (type png)
 <use Gambar/plugin.png>
Underfull \vbox (badness 2409) has occurred while \output is active []

 [39 <E:/Skripsi/Skripsi/doc/Dokumen Skripsi/Gambar/tabel.png (PNG copy)> <E:/S
kripsi/Skripsi/doc/Dokumen Skripsi/Gambar/navigation.png (PNG copy)>]) [40 <E:/
Skripsi/Skripsi/doc/Dokumen Skripsi/Gambar/plugin.png (PNG copy)>]
("E:\Skripsi\Skripsi\doc\Dokumen Skripsi\Bab/bab3.tex"
Bab 3.

Underfull \hbox (badness 10000) in paragraph at lines 28--30

 []

[41



] [42] <Gambar/GDC.png, id=1453, 1027.58907pt x 502.12593pt>
File: Gambar/GDC.png Graphic file (type png)

<use Gambar/GDC.png>
<Gambar/newproject.png, id=1454, 402.00188pt x 252.19218pt>
File: Gambar/newproject.png Graphic file (type png)

<use Gambar/newproject.png>
<Gambar/credentials.png, id=1455, 158.84344pt x 380.17032pt>
File: Gambar/credentials.png Graphic file (type png)

<use Gambar/credentials.png>
Underfull \vbox (badness 1990) has occurred while \output is active []

 [43 <E:/Skripsi/Skripsi/doc/Dokumen Skripsi/Gambar/GDC.png (PNG copy)> <E:/Skr
ipsi/Skripsi/doc/Dokumen Skripsi/Gambar/newproject.png (PNG copy)>]
<Gambar/newclientid.png, id=1465, 207.02344pt x 195.73125pt>
File: Gambar/newclientid.png Graphic file (type png)

<use Gambar/newclientid.png>
<Gambar/tipeaplikasi.png, id=1466, 402.75468pt x 482.55281pt>
File: Gambar/tipeaplikasi.png Graphic file (type png)

<use Gambar/tipeaplikasi.png>
Underfull \vbox (badness 10000) has occurred while \output is active []

 [44 <E:/Skripsi/Skripsi/doc/Dokumen Skripsi/Gambar/credentials.png (PNG copy)>
 <E:/Skripsi/Skripsi/doc/Dokumen Skripsi/Gambar/newclientid.png (PNG copy)>]
<Gambar/tipeaplikasisudahdiisi.png, id=1471, 368.87813pt x 374.90062pt>
File: Gambar/tipeaplikasisudahdiisi.png Graphic file (type png)

<use Gambar/tipeaplikasisudahdiisi.png>
<Gambar/clientid.png, id=1472, 627.09282pt x 255.95625pt>
File: Gambar/clientid.png Graphic file (type png)

<use Gambar/clientid.png>
Overfull \hbox (5.05745pt too wide) in paragraph at lines 133--134
 [][][] 
 []


Underfull \vbox (badness 10000) has occurred while \output is active []

 [45 <E:/Skripsi/Skripsi/doc/Dokumen Skripsi/Gambar/tipeaplikasi.png (PNG copy)
> <E:/Skripsi/Skripsi/doc/Dokumen Skripsi/Gambar/tipeaplikasisudahdiisi.png (PN
G copy)>]
<Gambar/izinpengguna.png, id=1478, 315.42844pt x 385.44pt>
File: Gambar/izinpengguna.png Graphic file (type png)

<use Gambar/izinpengguna.png> [46 <E:/Skripsi/Skripsi/doc/Dokumen Skripsi/Gamba
r/clientid.png (PNG copy)> <E:/Skripsi/Skripsi/doc/Dokumen Skripsi/Gambar/izinp
engguna.png (PNG copy)>]
<Gambar/skenarioaplikasisirm.png, id=1484, 332.74312pt x 288.3272pt>
File: Gambar/skenarioaplikasisirm.png Graphic file (type png)

<use Gambar/skenarioaplikasisirm.png> [47 <E:/Skripsi/Skripsi/doc/Dokumen Skrip
si/Gambar/skenarioaplikasisirm.png>]
<Gambar/cetaktebal.png, id=1499, 137.01187pt x 41.4047pt>
File: Gambar/cetaktebal.png Graphic file (type png)

<use Gambar/cetaktebal.png>
<Gambar/judul.png, id=1500, 161.10187pt x 219.06844pt>
File: Gambar/judul.png Graphic file (type png)
 <use Gambar/judul.png>
[48 <E:/Skripsi/Skripsi/doc/Dokumen Skripsi/Gambar/cetaktebal.png (PNG copy)>]
<Gambar/batasbaris.png, id=1529, 166.37157pt x 79.04532pt>
File: Gambar/batasbaris.png Graphic file (type png)

<use Gambar/batasbaris.png>
<Gambar/paragraf.png, id=1530, 785.93625pt x 58.71938pt>
File: Gambar/paragraf.png Graphic file (type png)

<use Gambar/paragraf.png> <Gambar/link.png, id=1531, 357.58594pt x 33.87656pt>
File: Gambar/link.png Graphic file (type png)

<use Gambar/link.png> <Gambar/daftar.png, id=1532, 235.63031pt x 76.03406pt>
File: Gambar/daftar.png Graphic file (type png)

<use Gambar/daftar.png> [49 <E:/Skripsi/Skripsi/doc/Dokumen Skripsi/Gambar/judu
l.png (PNG copy)> <E:/Skripsi/Skripsi/doc/Dokumen Skripsi/Gambar/batasbaris.png
 (PNG copy)> <E:/Skripsi/Skripsi/doc/Dokumen Skripsi/Gambar/paragraf.png (PNG c
opy)> <E:/Skripsi/Skripsi/doc/Dokumen Skripsi/Gambar/link.png (PNG copy)> <E:/S
kripsi/Skripsi/doc/Dokumen Skripsi/Gambar/daftar.png (PNG copy)>]
<Gambar/overall.png, id=1537, 908.64468pt x 343.2825pt>
File: Gambar/overall.png Graphic file (type png)

<use Gambar/overall.png>
Overfull \hbox (20.41669pt too wide) in paragraph at lines 298--299
 [][][] 
 []

[50 <E:/Skripsi/Skripsi/doc/Dokumen Skripsi/Gambar/overall.png (PNG copy)>]
[51] <Gambar/contohzurb.png, id=1618, 790.45313pt x 292.09125pt>
File: Gambar/contohzurb.png Graphic file (type png)

<use Gambar/contohzurb.png>
Underfull \vbox (badness 10000) has occurred while \output is active []

 [52]
<Gambar/usecase.png, id=1674, 353.82187pt x 396.7322pt>
File: Gambar/usecase.png Graphic file (type png)

<use Gambar/usecase.png>
Underfull \vbox (badness 10000) has occurred while \output is active []

 [53 <E:/Skripsi/Skripsi/doc/Dokumen Skripsi/Gambar/contohzurb.png (PNG copy)>]
 [54 <E:/Skripsi/Skripsi/doc/Dokumen Skripsi/Gambar/usecase.png (PNG copy)>]
Overfull \hbox (3.99211pt too wide) in paragraph at lines 487--487
[]|[]\T1/cmr/m/n/10.95 Deskripsi| 
 []


Underfull \hbox (badness 10000) in paragraph at lines 488--488
[]|[]\T1/cmr/m/n/10.95 Kondisi
 []


Underfull \hbox (badness 10000) in paragraph at lines 489--489
[]|[]\T1/cmr/m/n/10.95 Kondisi
 []

! Undefined control sequence.
<recently read> \multirow 
                          
l.490 \multirow
               {Skenario Utama} & No & \multicolumn{2}{p{4cm}|}{Aksi Aktor} ...
The control sequence at the end of the top line
of your error message was never \def'ed. If you have
misspelled it (e.g., `\hobx'), type `I' and the correct
spelling (e.g., `I\hbox'). Otherwise just continue,
and I'll forget about whatever was undefined.


Overfull \hbox (0.69548pt too wide) in paragraph at lines 490--490
[]|[]\T1/cmr/m/n/10.95 Skenario
 []


Overfull \hbox (2.22406pt too wide) in paragraph at lines 490--490
[]|\T1/cmr/m/n/10.95 No| 
 []


Underfull \hbox (badness 10000) in paragraph at lines 491--491
[]|\T1/cmr/m/n/10.95 Pengguna me-la-kuk-an
 []


Underfull \hbox (badness 5741) in paragraph at lines 491--491
\T1/cmr/m/n/10.95 an per-ta-nya-an un-tuk
 []


Underfull \hbox (badness 3601) in paragraph at lines 492--492
[]|\T1/cmr/m/n/10.95 Pengguna mem-be-rik-an
 []


Underfull \hbox (badness 10000) in paragraph at lines 492--492
[]|\T1/cmr/m/n/10.95 Aplilasi men-da-patk-an
 []


Overfull \hbox (3.99211pt too wide) in paragraph at lines 509--509
[]|[]\T1/cmr/m/n/10.95 Deskripsi| 
 []


Underfull \hbox (badness 10000) in paragraph at lines 510--510
[]|[]\T1/cmr/m/n/10.95 Kondisi
 []


Underfull \hbox (badness 10000) in paragraph at lines 511--511
[]|[]\T1/cmr/m/n/10.95 Kondisi
 []

! Undefined control sequence.
<recently read> \multirow 
                          
l.512 \multirow
               {Skenario Utama} & No & \multicolumn{2}{p{4cm}|}{Aksi Aktor} ...
The control sequence at the end of the top line
of your error message was never \def'ed. If you have
misspelled it (e.g., `\hobx'), type `I' and the correct
spelling (e.g., `I\hbox'). Otherwise just continue,
and I'll forget about whatever was undefined.


Overfull \hbox (0.69548pt too wide) in paragraph at lines 512--512
[]|[]\T1/cmr/m/n/10.95 Skenario
 []


Overfull \hbox (2.22406pt too wide) in paragraph at lines 512--512
[]|\T1/cmr/m/n/10.95 No| 
 []


Underfull \hbox (badness 10000) in paragraph at lines 513--513
[]|\T1/cmr/m/n/10.95 Pengguna men-ca-ri
 []


Underfull \hbox (badness 10000) in paragraph at lines 514--514
[]|\T1/cmr/m/n/10.95 Pengguna meng-klik
 []


Underfull \hbox (badness 1072) in paragraph at lines 514--514
\T1/cmr/m/n/10.95 NPM ma-ha-sis-wa yang
 []


Overfull \hbox (3.99211pt too wide) in paragraph at lines 531--531
[]|[]\T1/cmr/m/n/10.95 Deskripsi| 
 []


Underfull \hbox (badness 10000) in paragraph at lines 532--532
[]|[]\T1/cmr/m/n/10.95 Kondisi
 []


Underfull \hbox (badness 10000) in paragraph at lines 533--533
[]|[]\T1/cmr/m/n/10.95 Kondisi
 []

! Undefined control sequence.
<recently read> \multirow 
                          
l.534 \multirow
               {Skenario Utama} & No & \multicolumn{2}{p{4cm}|}{Aksi Aktor} ...
The control sequence at the end of the top line
of your error message was never \def'ed. If you have
misspelled it (e.g., `\hobx'), type `I' and the correct
spelling (e.g., `I\hbox'). Otherwise just continue,
and I'll forget about whatever was undefined.


Overfull \hbox (0.69548pt too wide) in paragraph at lines 534--534
[]|[]\T1/cmr/m/n/10.95 Skenario
 []


Overfull \hbox (2.22406pt too wide) in paragraph at lines 534--534
[]|\T1/cmr/m/n/10.95 No| 
 []

[55] [56]
Overfull \hbox (3.99211pt too wide) in paragraph at lines 553--553
[]|[]\T1/cmr/m/n/10.95 Deskripsi| 
 []


Underfull \hbox (badness 10000) in paragraph at lines 554--554
[]|[]\T1/cmr/m/n/10.95 Kondisi
 []


Underfull \hbox (badness 10000) in paragraph at lines 555--555
[]|[]\T1/cmr/m/n/10.95 Kondisi
 []

! Undefined control sequence.
<recently read> \multirow 
                          
l.556 \multirow
               {Skenario Utama} & No & \multicolumn{2}{p{4cm}|}{Aksi Aktor} ...
The control sequence at the end of the top line
of your error message was never \def'ed. If you have
misspelled it (e.g., `\hobx'), type `I' and the correct
spelling (e.g., `I\hbox'). Otherwise just continue,
and I'll forget about whatever was undefined.


Overfull \hbox (0.69548pt too wide) in paragraph at lines 556--556
[]|[]\T1/cmr/m/n/10.95 Skenario
 []


Overfull \hbox (2.22406pt too wide) in paragraph at lines 556--556
[]|\T1/cmr/m/n/10.95 No| 
 []


Underfull \hbox (badness 10000) in paragraph at lines 557--557
[]|\T1/cmr/m/n/10.95 Sistem me-nam-pilk-an
 []


Underfull \hbox (badness 10000) in paragraph at lines 558--558
[]|\T1/cmr/m/n/10.95 Pengguna me-nyimp-an
 []


Underfull \hbox (badness 4967) in paragraph at lines 558--558
[]|\T1/cmr/m/n/10.95 Sistem ak-an me-rek-an
 []


Overfull \hbox (3.99211pt too wide) in paragraph at lines 575--575
[]|[]\T1/cmr/m/n/10.95 Deskripsi| 
 []


Underfull \hbox (badness 10000) in paragraph at lines 576--576
[]|[]\T1/cmr/m/n/10.95 Kondisi
 []


Underfull \hbox (badness 10000) in paragraph at lines 577--577
[]|[]\T1/cmr/m/n/10.95 Kondisi
 []

! Undefined control sequence.
<recently read> \multirow 
                          
l.578 \multirow
               {Skenario Utama} & No & \multicolumn{2}{p{4cm}|}{Aksi Aktor} ...
The control sequence at the end of the top line
of your error message was never \def'ed. If you have
misspelled it (e.g., `\hobx'), type `I' and the correct
spelling (e.g., `I\hbox'). Otherwise just continue,
and I'll forget about whatever was undefined.


Overfull \hbox (0.69548pt too wide) in paragraph at lines 578--578
[]|[]\T1/cmr/m/n/10.95 Skenario
 []


Overfull \hbox (2.22406pt too wide) in paragraph at lines 578--578
[]|\T1/cmr/m/n/10.95 No| 
 []


Underfull \hbox (badness 2435) in paragraph at lines 579--579
[]|\T1/cmr/m/n/10.95 Pengguna me-li-hat log
 []


Underfull \hbox (badness 6859) in paragraph at lines 579--579
[]|\T1/cmr/m/n/10.95 Sistem ak-an me-nam-
 []


Overfull \hbox (3.99211pt too wide) in paragraph at lines 596--596
[]|[]\T1/cmr/m/n/10.95 Deskripsi| 
 []


Underfull \hbox (badness 10000) in paragraph at lines 597--597
[]|[]\T1/cmr/m/n/10.95 Kondisi
 []


Underfull \hbox (badness 10000) in paragraph at lines 598--598
[]|[]\T1/cmr/m/n/10.95 Kondisi
 []

! Undefined control sequence.
<recently read> \multirow 
                          
l.599 \multirow
               {Skenario Utama} & No & \multicolumn{2}{p{4cm}|}{Aksi Aktor} ...
The control sequence at the end of the top line
of your error message was never \def'ed. If you have
misspelled it (e.g., `\hobx'), type `I' and the correct
spelling (e.g., `I\hbox'). Otherwise just continue,
and I'll forget about whatever was undefined.


Overfull \hbox (0.69548pt too wide) in paragraph at lines 599--599
[]|[]\T1/cmr/m/n/10.95 Skenario
 []


Overfull \hbox (2.22406pt too wide) in paragraph at lines 599--599
[]|\T1/cmr/m/n/10.95 No| 
 []


Underfull \hbox (badness 10000) in paragraph at lines 600--600
[]|\T1/cmr/m/n/10.95 Sistem me-nam-pilk-an
 []


Underfull \hbox (badness 10000) in paragraph at lines 601--601
[]|\T1/cmr/m/n/10.95 Pengguna me-nyimp-an
 []

[57] <Gambar/ERD.png, id=1710, 972.63374pt x 326.72063pt>
File: Gambar/ERD.png Graphic file (type png)
 <use Gambar/ERD.png>
<Gambar/datacontextdiagram.png, id=1712, 368.1253pt x 412.54124pt>
File: Gambar/datacontextdiagram.png Graphic file (type png)

<use Gambar/datacontextdiagram.png> [58 <E:/Skripsi/Skripsi/doc/Dokumen Skripsi
/Gambar/ERD.png>] <Gambar/dfdl1.png, id=1720, 752.8125pt x 533.74406pt>
File: Gambar/dfdl1.png Graphic file (type png)

<use Gambar/dfdl1.png>
Underfull \vbox (badness 10000) has occurred while \output is active []

 [59 <E:/Skripsi/Skripsi/doc/Dokumen Skripsi/Gambar/datacontextdiagram.png> <E:
/Skripsi/Skripsi/doc/Dokumen Skripsi/Gambar/dfdl1.png>] [60]) [61]
("E:\Skripsi\Skripsi\doc\Dokumen Skripsi\Bab/bab4.tex" [62



]
Bab 4.
<Gambar/halamanawal.png, id=1741, 451.6875pt x 202.50656pt>
File: Gambar/halamanawal.png Graphic file (type png)

<use Gambar/halamanawal.png>
<Gambar/pilihmahasiswa.png, id=1743, 447.92343pt x 171.64125pt>
File: Gambar/pilihmahasiswa.png Graphic file (type png)

<use Gambar/pilihmahasiswa.png> [63 <E:/Skripsi/Skripsi/doc/Dokumen Skripsi/Gam
bar/halamanawal.png (PNG copy)>]
<Gambar/infomahasiswa.png, id=1752, 438.13687pt x 246.1697pt>
File: Gambar/infomahasiswa.png Graphic file (type png)

<use Gambar/infomahasiswa.png>
<Gambar/editmahasiswa.png, id=1754, 434.37282pt x 225.09094pt>
File: Gambar/editmahasiswa.png Graphic file (type png)

<use Gambar/editmahasiswa.png> [64 <E:/Skripsi/Skripsi/doc/Dokumen Skripsi/Gamb
ar/pilihmahasiswa.png (PNG copy)> <E:/Skripsi/Skripsi/doc/Dokumen Skripsi/Gamba
r/infomahasiswa.png (PNG copy)>]
<Gambar/lihathistori.png, id=1766, 435.12563pt x 170.13562pt>
File: Gambar/lihathistori.png Graphic file (type png)

<use Gambar/lihathistori.png> [65 <E:/Skripsi/Skripsi/doc/Dokumen Skripsi/Gamba
r/editmahasiswa.png (PNG copy)> <E:/Skripsi/Skripsi/doc/Dokumen Skripsi/Gambar/
lihathistori.png (PNG copy)>]
<Gambar/lihatversiini.png, id=1779, 433.62pt x 168.63pt>
File: Gambar/lihatversiini.png Graphic file (type png)

<use Gambar/lihatversiini.png>
<Gambar/entribaru.png, id=1781, 441.14813pt x 254.45062pt>
File: Gambar/entribaru.png Graphic file (type png)

<use Gambar/entribaru.png> [66 <E:/Skripsi/Skripsi/doc/Dokumen Skripsi/Gambar/l
ihatversiini.png (PNG copy)> <E:/Skripsi/Skripsi/doc/Dokumen Skripsi/Gambar/ent
ribaru.png (PNG copy)>]

! LaTeX Error: There's no line here to end.

See the LaTeX manual or LaTeX Companion for explanation.
Type  H <return>  for immediate help.
 ...                                              
                                                  
l.176 \label
            {tab:modullogin}
Your command was ignored.
Type  I <command> <return>  to replace it with another command,
or  <return>  to continue without it.


! LaTeX Error: There's no line here to end.

See the LaTeX manual or LaTeX Companion for explanation.
Type  H <return>  for immediate help.
 ...                                              
                                                  
l.201 \label
            {tab:modulpilihmahasiswa}
Your command was ignored.
Type  I <command> <return>  to replace it with another command,
or  <return>  to continue without it.


! LaTeX Error: There's no line here to end.

See the LaTeX manual or LaTeX Companion for explanation.
Type  H <return>  for immediate help.
 ...                                              
                                                  
l.226 \label
            {tab:modulinfomahasiswa}
Your command was ignored.
Type  I <command> <return>  to replace it with another command,
or  <return>  to continue without it.


! LaTeX Error: There's no line here to end.

See the LaTeX manual or LaTeX Companion for explanation.
Type  H <return>  for immediate help.
 ...                                              
                                                  
l.251 \label
            {tab:moduleditmahasiswa}
Your command was ignored.
Type  I <command> <return>  to replace it with another command,
or  <return>  to continue without it.

[67]

! LaTeX Error: There's no line here to end.

See the LaTeX manual or LaTeX Companion for explanation.
Type  H <return>  for immediate help.
 ...                                              
                                                  
l.276 \label
            {tab:modullihathistori}
Your command was ignored.
Type  I <command> <return>  to replace it with another command,
or  <return>  to continue without it.


! LaTeX Error: There's no line here to end.

See the LaTeX manual or LaTeX Companion for explanation.
Type  H <return>  for immediate help.
 ...                                              
                                                  
l.301 \label
            {tab:modulentribaru}
Your command was ignored.
Type  I <command> <return>  to replace it with another command,
or  <return>  to continue without it.


! LaTeX Error: There's no line here to end.

See the LaTeX manual or LaTeX Companion for explanation.
Type  H <return>  for immediate help.
 ...                                              
                                                  
l.329 \label
            {tab:rancangantabelinfomahasiswa}
Your command was ignored.
Type  I <command> <return>  to replace it with another command,
or  <return>  to continue without it.


! Package array Error:  Illegal pream-token (1): `c' used.

See the array package documentation for explanation.
Type  H <return>  for immediate help.
 ...                                              
                                                  
l.331 ...cm}|p{1.5cm}|p{1.5cm}|p{1.5cm}|p{1cm}|1|}
                                                  
Try typing  <return>  to proceed.
If that doesn't work, type  X <return>  to quit.


Underfull \hbox (badness 10000) in paragraph at lines 333--333
[]|\T1/cmr/m/n/10.95 Primary
 []


Underfull \hbox (badness 10000) in paragraph at lines 333--333
[]|\T1/cmr/m/n/10.95 Foreign
 []


Overfull \hbox (21.23386pt too wide) in paragraph at lines 331--344
 [][] 
 []

[68]

! LaTeX Error: There's no line here to end.

See the LaTeX manual or LaTeX Companion for explanation.
Type  H <return>  for immediate help.
 ...                                              
                                                  
l.354 \label
            {tab:rancangantabelhistori}
Your command was ignored.
Type  I <command> <return>  to replace it with another command,
or  <return>  to continue without it.


! Package array Error:  Illegal pream-token (1): `c' used.

See the array package documentation for explanation.
Type  H <return>  for immediate help.
 ...                                              
                                                  
l.356 ...cm}|p{1.5cm}|p{1.5cm}|p{1.5cm}|p{1cm}|1|}
                                                  
Try typing  <return>  to proceed.
If that doesn't work, type  X <return>  to quit.


Underfull \hbox (badness 10000) in paragraph at lines 358--358
[]|\T1/cmr/m/n/10.95 Primary
 []


Underfull \hbox (badness 10000) in paragraph at lines 358--358
[]|\T1/cmr/m/n/10.95 Foreign
 []


Overfull \hbox (73.0584pt too wide) in paragraph at lines 356--373
 [][] 
 []

[69] <Gambar/sekuenslogin.png, id=1820, 666.99188pt x 504.38437pt>
File: Gambar/sekuenslogin.png Graphic file (type png)

<use Gambar/sekuenslogin.png>
<Gambar/sekuenslist.png, id=1821, 759.58781pt x 516.42938pt>
File: Gambar/sekuenslist.png Graphic file (type png)

<use Gambar/sekuenslist.png>
<Gambar/sekuensview.png, id=1822, 931.22906pt x 516.42938pt>
File: Gambar/sekuensview.png Graphic file (type png)

<use Gambar/sekuensview.png>
Overfull \hbox (31.70885pt too wide) in paragraph at lines 408--409
 [][][] 
 []

)
Underfull \vbox (badness 10000) has occurred while \output is active []

 [70 <E:/Skripsi/Skripsi/doc/Dokumen Skripsi/Gambar/sekuenslogin.png> <E:/Skrip
si/Skripsi/doc/Dokumen Skripsi/Gambar/sekuenslist.png>] [71 <E:/Skripsi/Skripsi
/doc/Dokumen Skripsi/Gambar/sekuensview.png>]
("E:\Skripsi\Skripsi\doc\Dokumen Skripsi\Bab/bab5.tex" [72



]
Bab 5.
[73] [74] [75] [76]
<Gambar/pengujian1.png, id=1878, 519.44063pt x 252.19218pt>
File: Gambar/pengujian1.png Graphic file (type png)

<use Gambar/pengujian1.png>
Overfull \hbox (85.53482pt too wide) in paragraph at lines 171--172
 [][][] 
 []


Underfull \vbox (badness 10000) has occurred while \output is active []

 [77]
<Gambar/pengujian2.png, id=1885, 395.97937pt x 394.47375pt>
File: Gambar/pengujian2.png Graphic file (type png)

<use Gambar/pengujian2.png>
<Gambar/pengujian3.png, id=1886, 457.71pt x 316.93407pt>
File: Gambar/pengujian3.png Graphic file (type png)

<use Gambar/pengujian3.png>
Overfull \hbox (23.80435pt too wide) in paragraph at lines 185--186
 [][][] 
 []

[78 <E:/Skripsi/Skripsi/doc/Dokumen Skripsi/Gambar/pengujian1.png (PNG copy)> <
E:/Skripsi/Skripsi/doc/Dokumen Skripsi/Gambar/pengujian2.png (PNG copy)>]
<Gambar/pengujian4.png, id=1891, 339.51843pt x 423.83344pt>
File: Gambar/pengujian4.png Graphic file (type png)

<use Gambar/pengujian4.png>
Underfull \vbox (badness 10000) has occurred while \output is active []

 [79 <E:/Skripsi/Skripsi/doc/Dokumen Skripsi/Gambar/pengujian3.png (PNG copy)>]

<Gambar/pengujian5.png, id=1896, 1014.03844pt x 303.38344pt>
File: Gambar/pengujian5.png Graphic file (type png)

<use Gambar/pengujian5.png>
Overfull \hbox (73.11343pt too wide) in paragraph at lines 199--200
 [][][] 
 []

<Gambar/pengujian6.png, id=1897, 347.04657pt x 447.92343pt>
File: Gambar/pengujian6.png Graphic file (type png)

<use Gambar/pengujian6.png>
Underfull \vbox (badness 10000) has occurred while \output is active []

 [80 <E:/Skripsi/Skripsi/doc/Dokumen Skripsi/Gambar/pengujian4.png (PNG copy)> 
<E:/Skripsi/Skripsi/doc/Dokumen Skripsi/Gambar/pengujian5.png (PNG copy)>]
<Gambar/pengujian7.png, id=1902, 417.05812pt x 207.77625pt>
File: Gambar/pengujian7.png Graphic file (type png)

<use Gambar/pengujian7.png>
<Gambar/pengujian8.png, id=1903, 859.71187pt x 241.65282pt>
File: Gambar/pengujian8.png Graphic file (type png)

<use Gambar/pengujian8.png> [81 <E:/Skripsi/Skripsi/doc/Dokumen Skripsi/Gambar/
pengujian6.png (PNG copy)> <E:/Skripsi/Skripsi/doc/Dokumen Skripsi/Gambar/pengu
jian7.png (PNG copy)>]
<Gambar/pengujian9.png, id=1909, 693.34032pt x 346.29375pt>
File: Gambar/pengujian9.png Graphic file (type png)

<use Gambar/pengujian9.png>
<Gambar/pengujian10.png, id=1910, 773.89125pt x 308.65312pt>
File: Gambar/pengujian10.png Graphic file (type png)

<use Gambar/pengujian10.png>
Overfull \hbox (30.43379pt too wide) in paragraph at lines 234--235
 [][][] 
 []

<Gambar/pengujian11.png, id=1911, 788.9475pt x 253.69781pt>
File: Gambar/pengujian11.png Graphic file (type png)

<use Gambar/pengujian11.png>
Overfull \hbox (39.4676pt too wide) in paragraph at lines 241--242
 [][][] 
 []


Underfull \vbox (badness 10000) has occurred while \output is active []

 [82 <E:/Skripsi/Skripsi/doc/Dokumen Skripsi/Gambar/pengujian8.png> <E:/Skripsi
/Skripsi/doc/Dokumen Skripsi/Gambar/pengujian9.png (PNG copy)> <E:/Skripsi/Skri
psi/doc/Dokumen Skripsi/Gambar/pengujian10.png (PNG copy)>]
<Gambar/pengujian12.png, id=1917, 520.94624pt x 256.70906pt>
File: Gambar/pengujian12.png Graphic file (type png)

<use Gambar/pengujian12.png>
Overfull \hbox (87.04044pt too wide) in paragraph at lines 248--249
 [][][] 
 []

<Gambar/pengujian13.png, id=1918, 557.83406pt x 274.02374pt>
File: Gambar/pengujian13.png Graphic file (type png)

<use Gambar/pengujian13.png>
Underfull \vbox (badness 10000) has occurred while \output is active []

 [83 <E:/Skripsi/Skripsi/doc/Dokumen Skripsi/Gambar/pengujian11.png (PNG copy)>
 <E:/Skripsi/Skripsi/doc/Dokumen Skripsi/Gambar/pengujian12.png (PNG copy)>]
<Gambar/pengujian14.png, id=1923, 768.62157pt x 380.17032pt>
File: Gambar/pengujian14.png Graphic file (type png)

<use Gambar/pengujian14.png>
Overfull \hbox (27.27196pt too wide) in paragraph at lines 262--263
 [][][] 
 []

<Gambar/pengujian15.png, id=1924, 767.11594pt x 375.65344pt>
File: Gambar/pengujian15.png Graphic file (type png)

<use Gambar/pengujian15.png>
Overfull \hbox (26.36858pt too wide) in paragraph at lines 269--270
 [][][] 
 []


Underfull \vbox (badness 10000) has occurred while \output is active []

 [84 <E:/Skripsi/Skripsi/doc/Dokumen Skripsi/Gambar/pengujian13.png (PNG copy)>
 <E:/Skripsi/Skripsi/doc/Dokumen Skripsi/Gambar/pengujian14.png (PNG copy)>]
<Gambar/pengujian16.png, id=1929, 766.36313pt x 249.93375pt>
File: Gambar/pengujian16.png Graphic file (type png)

<use Gambar/pengujian16.png>
Overfull \hbox (25.91689pt too wide) in paragraph at lines 276--277
 [][][] 
 []


! LaTeX Error: There's no line here to end.

See the LaTeX manual or LaTeX Companion for explanation.
Type  H <return>  for immediate help.
 ...                                              
                                                  
l.288 \label
            {tab:hasilpengujianfungsional}
Your command was ignored.
Type  I <command> <return>  to replace it with another command,
or  <return>  to continue without it.


! Package array Error:  Illegal pream-token (1): `c' used.

See the array package documentation for explanation.
Type  H <return>  for immediate help.
 ...                                              
                                                  
l.290 \begin{tabular}{|1|1|1|1|1|}
                                  
Try typing  <return>  to proceed.
If that doesn't work, type  X <return>  to quit.


! Package array Error:  Illegal pream-token (1): `c' used.

See the array package documentation for explanation.
Type  H <return>  for immediate help.
 ...                                              
                                                  
l.290 \begin{tabular}{|1|1|1|1|1|}
                                  
Try typing  <return>  to proceed.
If that doesn't work, type  X <return>  to quit.


! Package array Error:  Illegal pream-token (1): `c' used.

See the array package documentation for explanation.
Type  H <return>  for immediate help.
 ...                                              
                                                  
l.290 \begin{tabular}{|1|1|1|1|1|}
                                  
Try typing  <return>  to proceed.
If that doesn't work, type  X <return>  to quit.


! Package array Error:  Illegal pream-token (1): `c' used.

See the array package documentation for explanation.
Type  H <return>  for immediate help.
 ...                                              
                                                  
l.290 \begin{tabular}{|1|1|1|1|1|}
                                  
Try typing  <return>  to proceed.
If that doesn't work, type  X <return>  to quit.


! Package array Error:  Illegal pream-token (1): `c' used.

See the array package documentation for explanation.
Type  H <return>  for immediate help.
 ...                                              
                                                  
l.290 \begin{tabular}{|1|1|1|1|1|}
                                  
Try typing  <return>  to proceed.
If that doesn't work, type  X <return>  to quit.


Underfull \vbox (badness 3919) has occurred while \output is active []

 [85 <E:/Skripsi/Skripsi/doc/Dokumen Skripsi/Gambar/pengujian15.png (PNG copy)>
 <E:/Skripsi/Skripsi/doc/Dokumen Skripsi/Gambar/pengujian16.png (PNG copy)>]
Underfull \hbox (badness 10000) in paragraph at lines 333--334

 []

[86]

! LaTeX Error: There's no line here to end.

See the LaTeX manual or LaTeX Companion for explanation.
Type  H <return>  for immediate help.
 ...                                              
                                                  
l.351 \label
            {tab:catatanwaktukelompokpertama}
Your command was ignored.
Type  I <command> <return>  to replace it with another command,
or  <return>  to continue without it.


Underfull \hbox (badness 10000) in paragraph at lines 355--355
[]|\T1/cmr/m/n/10.95 Penguji
 []


Underfull \hbox (badness 10000) in paragraph at lines 355--355
[]|\T1/cmr/m/n/10.95 Penguji
 []


Underfull \hbox (badness 10000) in paragraph at lines 355--355
[]|\T1/cmr/m/n/10.95 Penguji
 []


Underfull \hbox (badness 10000) in paragraph at lines 355--356
[]|\T1/cmr/m/n/10.95 Penguji
 []


Underfull \hbox (badness 4353) in paragraph at lines 357--357
[]|\T1/cmr/m/n/10.95 1 me-nit
 []


Underfull \hbox (badness 4353) in paragraph at lines 357--357
[]|\T1/cmr/m/n/10.95 1 me-nit
 []


Underfull \hbox (badness 4353) in paragraph at lines 357--358
[]|\T1/cmr/m/n/10.95 2 me-nit
 []


Underfull \hbox (badness 10000) in paragraph at lines 359--359
[]|[]\T1/cmr/m/n/10.95 Melihat Daf-tar
 []


Underfull \hbox (badness 10000) in paragraph at lines 363--363
[]|[]\T1/cmr/m/n/10.95 Mengedit In-fo
 []


Underfull \hbox (badness 10000) in paragraph at lines 365--365
[]|[]\T1/cmr/m/n/10.95 Melihat His-to-ri
 []


Underfull \hbox (badness 10000) in paragraph at lines 367--367
[]|[]\T1/cmr/m/n/10.95 Membuat En-tri
 []


Underfull \hbox (badness 4353) in paragraph at lines 367--367
[]|\T1/cmr/m/n/10.95 3 me-nit
 []


Underfull \hbox (badness 4353) in paragraph at lines 367--367
[]|\T1/cmr/m/n/10.95 1 me-nit
 []


Underfull \hbox (badness 4353) in paragraph at lines 367--369
[]|\T1/cmr/m/n/10.95 1 me-nit
 []


Underfull \hbox (badness 10000) in paragraph at lines 381--382

 []


Underfull \vbox (badness 6141) has occurred while \output is active []

 [87]

! LaTeX Error: There's no line here to end.

See the LaTeX manual or LaTeX Companion for explanation.
Type  H <return>  for immediate help.
 ...                                              
                                                  
l.399 \label
            {tab:catatanwaktukelompokkedua}
Your command was ignored.
Type  I <command> <return>  to replace it with another command,
or  <return>  to continue without it.


Underfull \hbox (badness 10000) in paragraph at lines 403--403
[]|\T1/cmr/m/n/10.95 Penguji
 []


Underfull \hbox (badness 10000) in paragraph at lines 403--403
[]|\T1/cmr/m/n/10.95 Penguji
 []


Underfull \hbox (badness 10000) in paragraph at lines 403--403
[]|\T1/cmr/m/n/10.95 Penguji
 []


Underfull \hbox (badness 10000) in paragraph at lines 403--404
[]|\T1/cmr/m/n/10.95 Penguji
 []


Underfull \hbox (badness 4353) in paragraph at lines 405--405
[]|\T1/cmr/m/n/10.95 2 me-nit
 []


Underfull \hbox (badness 4353) in paragraph at lines 405--405
[]|\T1/cmr/m/n/10.95 1 me-nit
 []


Underfull \hbox (badness 4353) in paragraph at lines 405--405
[]|\T1/cmr/m/n/10.95 1 me-nit
 []


Underfull \hbox (badness 4353) in paragraph at lines 405--407
[]|\T1/cmr/m/n/10.95 2 me-nit
 []


Underfull \hbox (badness 10000) in paragraph at lines 408--408
[]|[]\T1/cmr/m/n/10.95 Melihat Daf-tar
 []


Underfull \hbox (badness 4353) in paragraph at lines 408--408
[]|\T1/cmr/m/n/10.95 1 me-nit
 []


Underfull \hbox (badness 4353) in paragraph at lines 408--408
[]|\T1/cmr/m/n/10.95 1 me-nit
 []


Underfull \hbox (badness 4353) in paragraph at lines 408--408
[]|\T1/cmr/m/n/10.95 1 me-nit
 []


Underfull \hbox (badness 4353) in paragraph at lines 411--411
[]|\T1/cmr/m/n/10.95 1 me-nit
 []


Underfull \hbox (badness 4353) in paragraph at lines 411--411
[]|\T1/cmr/m/n/10.95 1 me-nit
 []


Underfull \hbox (badness 10000) in paragraph at lines 414--414
[]|[]\T1/cmr/m/n/10.95 Mengedit In-fo
 []


Underfull \hbox (badness 4353) in paragraph at lines 414--414
[]|\T1/cmr/m/n/10.95 1 me-nit
 []


Underfull \hbox (badness 4353) in paragraph at lines 414--414
[]|\T1/cmr/m/n/10.95 1 me-nit
 []


Underfull \hbox (badness 4353) in paragraph at lines 414--415
[]|\T1/cmr/m/n/10.95 1 me-nit
 []


Underfull \hbox (badness 10000) in paragraph at lines 417--417
[]|[]\T1/cmr/m/n/10.95 Melihat His-to-ri
 []


Underfull \hbox (badness 4353) in paragraph at lines 417--417
[]|\T1/cmr/m/n/10.95 1 me-nit
 []


Underfull \hbox (badness 4353) in paragraph at lines 417--417
[]|\T1/cmr/m/n/10.95 1 me-nit
 []


Underfull \hbox (badness 4353) in paragraph at lines 417--418
[]|\T1/cmr/m/n/10.95 1 me-nit
 []


Underfull \hbox (badness 4353) in paragraph at lines 418--419
[]|[]\T1/cmr/m/n/10.95 1 me-nit
 []


Underfull \hbox (badness 10000) in paragraph at lines 420--420
[]|[]\T1/cmr/m/n/10.95 Membuat En-tri
 []


Underfull \hbox (badness 4353) in paragraph at lines 420--420
[]|\T1/cmr/m/n/10.95 1 me-nit
 []


Underfull \hbox (badness 4353) in paragraph at lines 420--420
[]|\T1/cmr/m/n/10.95 2 me-nit
 []


Underfull \hbox (badness 4353) in paragraph at lines 420--420
[]|\T1/cmr/m/n/10.95 2 me-nit
 []


Underfull \hbox (badness 4353) in paragraph at lines 420--422
[]|\T1/cmr/m/n/10.95 3 me-nit
 []


! LaTeX Error: There's no line here to end.

See the LaTeX manual or LaTeX Companion for explanation.
Type  H <return>  for immediate help.
 ...                                              
                                                  
l.435 \label
            {tab:perbandinganrataratawaktu}
Your command was ignored.
Type  I <command> <return>  to replace it with another command,
or  <return>  to continue without it.


! Package array Error:  Illegal pream-token (1): `c' used.

See the array package documentation for explanation.
Type  H <return>  for immediate help.
 ...                                              
                                                  
l.437 \begin{tabular}{|p{3cm}|1|1|p{3cm}|}
                                          
Try typing  <return>  to proceed.
If that doesn't work, type  X <return>  to quit.


! Package array Error:  Illegal pream-token (1): `c' used.

See the array package documentation for explanation.
Type  H <return>  for immediate help.
 ...                                              
                                                  
l.437 \begin{tabular}{|p{3cm}|1|1|p{3cm}|}
                                          
Try typing  <return>  to proceed.
If that doesn't work, type  X <return>  to quit.


Underfull \hbox (badness 1635) in paragraph at lines 441--443
[]|\T1/cmr/m/n/10.95 Kelompok per-ta-
 []


Underfull \hbox (badness 10000) in paragraph at lines 444--444
[]|[]\T1/cmr/m/n/10.95 Melihat Daf-tar
 []


Underfull \hbox (badness 1635) in paragraph at lines 444--446
[]|\T1/cmr/m/n/10.95 Kelompok per-ta-
 []


Underfull \hbox (badness 7326) in paragraph at lines 444--446
\T1/cmr/m/n/10.95 ma le-bih ce-pat
 []


Underfull \hbox (badness 1635) in paragraph at lines 447--449
[]|\T1/cmr/m/n/10.95 Kelompok per-ta-
 []


Underfull \hbox (badness 7326) in paragraph at lines 447--449
\T1/cmr/m/n/10.95 ma le-bih ce-pat
 []


Underfull \hbox (badness 2521) in paragraph at lines 447--449
\T1/cmr/m/n/10.95 29.25 de-tik da-ri
 []


Underfull \hbox (badness 10000) in paragraph at lines 450--450
[]|[]\T1/cmr/m/n/10.95 Mengedit In-fo
 []


Underfull \hbox (badness 1635) in paragraph at lines 450--452
[]|\T1/cmr/m/n/10.95 Kelompok per-ta-
 []


Underfull \hbox (badness 7326) in paragraph at lines 450--452
\T1/cmr/m/n/10.95 ma le-bih ce-pat
 []


Underfull \hbox (badness 2521) in paragraph at lines 450--452
\T1/cmr/m/n/10.95 32.75 de-tik da-ri
 []


Underfull \hbox (badness 10000) in paragraph at lines 453--453
[]|[]\T1/cmr/m/n/10.95 Melihat His-to-ri
 []


Underfull \hbox (badness 1635) in paragraph at lines 453--455
[]|\T1/cmr/m/n/10.95 Kelompok per-ta-
 []


Underfull \hbox (badness 7326) in paragraph at lines 453--455
\T1/cmr/m/n/10.95 ma le-bih ce-pat
 []


Underfull \hbox (badness 10000) in paragraph at lines 456--456
[]|[]\T1/cmr/m/n/10.95 Membuat En-tri
 []


Underfull \hbox (badness 1635) in paragraph at lines 456--458
[]|\T1/cmr/m/n/10.95 Kelompok per-ta-
 []


Underfull \hbox (badness 7326) in paragraph at lines 456--458
\T1/cmr/m/n/10.95 ma le-bih ce-pat
 []

) [88] [89] ("E:\Skripsi\Skripsi\doc\Dokumen Skripsi\main.bbl" [90


]
Overfull \hbox (25.7075pt too wide) in paragraph at lines 4--6
[][]\T1/cmr/m/n/10.95 Google, Inc, \T1/cmr/m/it/10.95 Go-o-gle Iden-ti-ty Pla-t
form\T1/cmr/m/n/10.95 .  ht-tps://developers.google.com/accounts/docs/OAuth2,
 []


Underfull \hbox (badness 7433) in paragraph at lines 20--22
[][]\T1/cmr/m/n/10.95 A. Adib, \T1/cmr/m/it/10.95 Stra-pdo-wn.js - In-stant and
 ele-gant Mar-kdo-wn do-cu-men-ts\T1/cmr/m/n/10.95 .  ht-
 []

)
Package atveryend Info: Empty hook `BeforeClearDocument' on input line 551.
 [91]
Package atveryend Info: Empty hook `AfterLastShipout' on input line 551.
 ("E:\Skripsi\Skripsi\doc\Dokumen Skripsi\main.aux"
("E:\Skripsi\Skripsi\doc\Dokumen Skripsi\Bab/bab1.aux")
("E:\Skripsi\Skripsi\doc\Dokumen Skripsi\Bab/bab2.aux")
("E:\Skripsi\Skripsi\doc\Dokumen Skripsi\Bab/bab3.aux")
("E:\Skripsi\Skripsi\doc\Dokumen Skripsi\Bab/bab4.aux")
("E:\Skripsi\Skripsi\doc\Dokumen Skripsi\Bab/bab5.aux"))
Package atveryend Info: Executing hook `AtVeryEndDocument' on input line 551.
Package rerunfilecheck Info: File `main.out' has not changed.
(rerunfilecheck)             Checksum: 1D0C377AAA3ABB82F26C0115E5C6F7E0;12403.


LaTeX Warning: There were undefined references.


LaTeX Warning: There were multiply-defined labels.

 ) 
Here is how much of TeX's memory you used:
 13363 strings out of 494019
 189438 string characters out of 3143880
 653260 words of memory out of 3000000
 15262 multiletter control sequences out of 15000+200000
 19970 words of font info for 47 fonts, out of 3000000 for 9000
 718 hyphenation exceptions out of 8191
 45i,13n,47p,810b,1882s stack positions out of 5000i,500n,10000p,200000b,50000s
 <C:\Users\herman\AppData\Local\MiKTeX\2.9\fonts\pk\ljfour\jknappen\ec\dpi600
\ecrm0900.pk> <C:\Users\herman\AppData\Local\MiKTeX\2.9\fonts\pk\ljfour\jknappe
n\ec\dpi600\ecrm0600.pk> <C:\Users\herman\AppData\Local\MiKTeX\2.9\fonts\pk\ljf
our\jknappen\ec\dpi600\ecbx1200.pk> <C:\Users\herman\AppData\Local\MiKTeX\2.9\f
onts\pk\ljfour\jknappen\ec\dpi600\ecrm0800.pk> <C:\Users\herman\AppData\Local\M
iKTeX\2.9\fonts\pk\ljfour\jknappen\ec\dpi600\eccc1000.pk> <C:\Users\herman\AppD
ata\Local\MiKTeX\2.9\fonts\pk\ljfour\jknappen\ec\dpi600\ecti1095.pk> <C:\Users\
herman\AppData\Local\MiKTeX\2.9\fonts\pk\ljfour\jknappen\ec\dpi600\ecss0600.pk>
 <C:\Users\herman\AppData\Local\MiKTeX\2.9\fonts\pk\ljfour\jknappen\ec\dpi600\e
crm1095.pk> <C:\Users\herman\AppData\Local\MiKTeX\2.9\fonts\pk\ljfour\jknappen\
ec\dpi600\ecbx1095.pk> <C:\Users\herman\AppData\Local\MiKTeX\2.9\fonts\pk\ljfou
r\jknappen\ec\dpi600\ecxc1095.pk> <C:\Users\herman\AppData\Local\MiKTeX\2.9\fon
ts\pk\ljfour\jknappen\ec\dpi600\ecbx1440.pk><C:/Program Files (x86)/MiKTeX 2.9/
fonts/type1/public/amsfonts/cm/cmmi10.pfb><C:/Program Files (x86)/MiKTeX 2.9/fo
nts/type1/public/amsfonts/cm/cmr10.pfb><C:/Program Files (x86)/MiKTeX 2.9/fonts
/type1/public/amsfonts/cm/cmsy10.pfb><C:/Program Files (x86)/MiKTeX 2.9/fonts/t
ype1/public/amsfonts/cm/cmsy6.pfb><C:/Program Files (x86)/MiKTeX 2.9/fonts/type
1/urw/zapfding/uzdr.pfb>
Output written on main.pdf (101 pages, 1979397 bytes).
PDF statistics:
 2736 PDF objects out of 2984 (max. 8388607)
 1015 named destinations out of 1200 (max. 500000)
 1005 words of extra memory for PDF output out of 10000 (max. 10000000)

